Build target 'Target 1'
compiling main.c...
linking...
*** WARNING L16: UNCALLED SEGMENT, IGNORED FOR OVERLAY PROCESS
    SEGMENT: ?PR?DELAY500MS?DELAY

*** WARNING L16: UNCALLED SEGMENT, IGNORED FOR OVERLAY PROCESS
    SEGMENT: ?PR?MATRIXKEY?MATRIXKEY

*** WARNING L16: UNCALLED SEGMENT, IGNORED FOR OVERLAY PROCESS
    SEGMENT: ?PR?GETKEY?MATRIXKEY

*** WARNING L16: UNCALLED SEGMENT, IGNORED FOR OVERLAY PROCESS
    SEGMENT: ?PR?_LCD_SHOWCHAR?LCD1602

*** WARNING L16: UNCALLED SEGMENT, IGNORED FOR OVERLAY PROCESS
    SEGMENT: ?PR?_LCD_SHOWSIGNEDNUM?LCD1602

*** WARNING L16: UNCALLED SEGMENT, IGNORED FOR OVERLAY PROCESS
    SEGMENT: ?PR?_LCD_SHOWHEXNUM?LCD1602

*** WARNING L16: UNCALLED SEGMENT, IGNORED FOR OVERLAY PROCESS
    SEGMENT: ?PR?_LCD_SHOWBINNUM?LCD1602

Program Size: data=48.0 xdata=0 code=2884
creating hex file from ".\Objects\51"...
".\Objects\51" - 0 Error(s), 7 Warning(s).
