
demo2.elf:     file format elf32-littleriscv
demo2.elf
architecture: riscv:rv32, flags 0x00000112:
EXEC_P, HAS_SYMS, D_PAGED
start address 0x00000000

Program Header:
    LOAD off    0x00001000 vaddr 0x00000000 paddr 0x00000000 align 2**12
         filesz 0x0000067c memsz 0x0000067c flags r-x
    LOAD off    0x00002000 vaddr 0x20000000 paddr 0x0000067c align 2**12
         filesz 0x00000008 memsz 0x0000000c flags rw-
    LOAD off    0x00002800 vaddr 0x20007800 paddr 0x20007800 align 2**12
         filesz 0x00000000 memsz 0x00000800 flags rw-

Sections:
Idx Name          Size      VMA       LMA       File off  Algn
  0 .init         00000038  00000000  00000000  00001000  2**1
                  CONTENTS, ALLOC, LOAD, READONLY, CODE
  1 .vector       000001c8  00000038  00000038  00001038  2**1
                  CONTENTS, ALLOC, LOAD, READONLY, CODE
  2 .text         0000047c  00000200  00000200  00001200  2**1
                  CONTENTS, ALLOC, LOAD, READONLY, CODE
  3 .fini         00000000  0000067c  0000067c  00002008  2**0
                  CONTENTS, ALLOC, LOAD, CODE
  4 .dalign       00000000  20000000  20000000  00002008  2**0
                  CONTENTS
  5 .dlalign      00000000  0000067c  0000067c  00002008  2**0
                  CONTENTS
  6 .data         00000008  20000000  0000067c  00002000  2**2
                  CONTENTS, ALLOC, LOAD, DATA
  7 .bss          00000004  20000008  00000684  00002008  2**1
                  ALLOC
  8 .stack        00000800  20007800  20007800  00002800  2**0
                  ALLOC
  9 .debug_info   000069bf  00000000  00000000  00002008  2**0
                  CONTENTS, READONLY, DEBUGGING
 10 .debug_abbrev 000014ac  00000000  00000000  000089c7  2**0
                  CONTENTS, READONLY, DEBUGGING
 11 .debug_aranges 00000380  00000000  00000000  00009e78  2**3
                  CONTENTS, READONLY, DEBUGGING
 12 .debug_ranges 00000318  00000000  00000000  0000a1f8  2**3
                  CONTENTS, READONLY, DEBUGGING
 13 .debug_line   00004223  00000000  00000000  0000a510  2**0
                  CONTENTS, READONLY, DEBUGGING
 14 .debug_str    00001261  00000000  00000000  0000e733  2**0
                  CONTENTS, READONLY, DEBUGGING
 15 .comment      00000033  00000000  00000000  0000f994  2**0
                  CONTENTS, READONLY
 16 .debug_frame  00000638  00000000  00000000  0000f9c8  2**2
                  CONTENTS, READONLY, DEBUGGING
 17 .debug_loc    00001383  00000000  00000000  00010000  2**0
                  CONTENTS, READONLY, DEBUGGING
SYMBOL TABLE:
00000000 l    d  .init	00000000 .init
00000038 l    d  .vector	00000000 .vector
00000200 l    d  .text	00000000 .text
0000067c l    d  .fini	00000000 .fini
20000000 l    d  .dalign	00000000 .dalign
0000067c l    d  .dlalign	00000000 .dlalign
20000000 l    d  .data	00000000 .data
20000008 l    d  .bss	00000000 .bss
20007800 l    d  .stack	00000000 .stack
00000000 l    d  .debug_info	00000000 .debug_info
00000000 l    d  .debug_abbrev	00000000 .debug_abbrev
00000000 l    d  .debug_aranges	00000000 .debug_aranges
00000000 l    d  .debug_ranges	00000000 .debug_ranges
00000000 l    d  .debug_line	00000000 .debug_line
00000000 l    d  .debug_str	00000000 .debug_str
00000000 l    d  .comment	00000000 .comment
00000000 l    d  .debug_frame	00000000 .debug_frame
00000000 l    d  .debug_loc	00000000 .debug_loc
00000000 l    df *ABS*	00000000 ./Startup/startup_ch32v30x_D8C.o
00000038 l       .vector	00000000 _vector_base
00000000 l    df *ABS*	00000000 LED.c
00000000 l    df *ABS*	00000000 system.c
00000000 l    df *ABS*	00000000 ch32v30x_it.c
00000000 l    df *ABS*	00000000 main.c
00000000 l    df *ABS*	00000000 system_ch32v30x.c
00000000 l    df *ABS*	00000000 ch32v30x_gpio.c
00000000 l    df *ABS*	00000000 ch32v30x_rcc.c
00000000 l    df *ABS*	00000000 debug.c
20000008 l     O .bss	00000002 p_ms
2000000a l     O .bss	00000001 p_us
00000404  w      .text	00000000 EXTI2_IRQHandler
0000044e  w      .text	00000000 TIM8_TRG_COM_IRQHandler
00000450  w      .text	00000000 TIM8_CC_IRQHandler
00000486  w      .text	00000000 UART8_IRQHandler
000005ea g     F .text	0000000a GPIO_ReadOutputDataBit
20000800 g       .data	00000000 __global_pointer$
00000208 g     F .text	00000028 .hidden __riscv_save_8
0000042a  w      .text	00000000 TIM1_CC_IRQHandler
000002e0 g     F .text	00000002 HardFault_Handler
00000254 g     F .text	0000000c .hidden __riscv_restore_3
00000460  w      .text	00000000 TIM6_IRQHandler
000003f0  w      .text	00000000 SysTick_Handler
20000000 g     O .data	00000001 j
000003f6  w      .text	00000000 PVD_IRQHandler
00000456  w      .text	00000000 SDIO_IRQHandler
00000488  w      .text	00000000 TIM9_BRK_IRQHandler
00000240 g     F .text	00000020 .hidden __riscv_restore_10
0000049c  w      .text	00000000 DMA2_Channel8_IRQHandler
000002dc g     F .text	00000004 NMI_Handler
00000476  w      .text	00000000 CAN2_RX1_IRQHandler
00000406  w      .text	00000000 EXTI3_IRQHandler
00000208 g     F .text	00000028 .hidden __riscv_save_11
0000047e  w      .text	00000000 USBHS_IRQHandler
0000049e  w      .text	00000000 DMA2_Channel9_IRQHandler
00000496  w      .text	00000000 TIM10_CC_IRQHandler
20000008 g       .bss	00000000 _sbss
00000800 g       *ABS*	00000000 __stack_size
00000254 g     F .text	0000000c .hidden __riscv_restore_2
00000400  w      .text	00000000 EXTI0_IRQHandler
00000436  w      .text	00000000 I2C2_EV_IRQHandler
00000494  w      .text	00000000 TIM10_TRG_COM_IRQHandler
20000004 g     O .data	00000004 SystemCoreClock
00000038 g       .init	00000000 _einit
000005fe g     F .text	0000001e RCC_APB2PeriphClockCmd
00000200 g     F .text	00000030 .hidden __riscv_save_12
00000478  w      .text	00000000 CAN2_SCE_IRQHandler
00000418  w      .text	00000000 ADC1_2_IRQHandler
0000052a g     F .text	000000c0 GPIO_Init
000003ee  w      .text	00000000 Break_Point_Handler
00000240 g     F .text	00000020 .hidden __riscv_restore_11
0000043a  w      .text	00000000 SPI1_IRQHandler
000003f8  w      .text	00000000 TAMPER_IRQHandler
00000230 g     F .text	0000000c .hidden __riscv_save_1
00000260 g     F .text	00000028 LED_Init
00000254 g     F .text	0000000c .hidden __riscv_restore_0
00000216 g     F .text	0000001a .hidden __riscv_save_7
00000474  w      .text	00000000 CAN2_RX0_IRQHandler
0000044c  w      .text	00000000 TIM8_UP_IRQHandler
000003ea  w      .text	00000000 Ecall_M_Mode_Handler
20007800 g       .stack	00000000 _heap_end
0000024a g     F .text	00000016 .hidden __riscv_restore_5
00000466  w      .text	00000000 DMA2_Channel2_IRQHandler
00000410  w      .text	00000000 DMA1_Channel4_IRQHandler
0000048a  w      .text	00000000 TIM9_UP_IRQHandler
0000024a g     F .text	00000016 .hidden __riscv_restore_6
00000442  w      .text	00000000 USART3_IRQHandler
000003fa  w      .text	00000000 RTC_IRQHandler
2000000c g       .bss	00000000 _ebss
00000416  w      .text	00000000 DMA1_Channel7_IRQHandler
0000041e  w      .text	00000000 CAN1_RX1_IRQHandler
0000061c g     F .text	0000002a Delay_Init
00000480  w      .text	00000000 DVP_IRQHandler
0000045e  w      .text	00000000 UART5_IRQHandler
00000430  w      .text	00000000 TIM4_IRQHandler
00000208 g     F .text	00000028 .hidden __riscv_save_9
000005f4 g     F .text	0000000a GPIO_WriteBit
00000464  w      .text	00000000 DMA2_Channel1_IRQHandler
00000216 g     F .text	0000001a .hidden __riscv_save_4
00000432  w      .text	00000000 I2C1_EV_IRQHandler
00000414  w      .text	00000000 DMA1_Channel6_IRQHandler
0000045c  w      .text	00000000 UART4_IRQHandler
0000046a  w      .text	00000000 DMA2_Channel4_IRQHandler
0000042e  w      .text	00000000 TIM3_IRQHandler
000003fe  w      .text	00000000 RCC_IRQHandler
00000230 g     F .text	0000000c .hidden __riscv_save_3
00000428  w      .text	00000000 TIM1_TRG_COM_IRQHandler
0000040a  w      .text	00000000 DMA1_Channel1_IRQHandler
00000000 g       .init	00000000 _start
0000049a  w      .text	00000000 DMA2_Channel7_IRQHandler
00000444  w      .text	00000000 EXTI15_10_IRQHandler
00000462  w      .text	00000000 TIM7_IRQHandler
00000472  w      .text	00000000 CAN2_TX_IRQHandler
20000000 g       .dalign	00000000 _data_vma
00000458  w      .text	00000000 TIM5_IRQHandler
00000422  w      .text	00000000 EXTI9_5_IRQHandler
00000208 g     F .text	00000028 .hidden __riscv_save_10
00000470  w      .text	00000000 ETH_WKUP_IRQHandler
0000024a g     F .text	00000016 .hidden __riscv_restore_4
00000240 g     F .text	00000020 .hidden __riscv_restore_8
00000216 g     F .text	0000001a .hidden __riscv_save_6
0000043c  w      .text	00000000 SPI2_IRQHandler
00000240 g     F .text	00000020 .hidden __riscv_restore_9
0000024a g     F .text	00000016 .hidden __riscv_restore_7
000002e2 g     F .text	0000000a main
00000490  w      .text	00000000 TIM10_BRK_IRQHandler
0000048e  w      .text	00000000 TIM9_CC_IRQHandler
00000288 g     F .text	0000000a System_Init
0000046c  w      .text	00000000 DMA2_Channel5_IRQHandler
00000412  w      .text	00000000 DMA1_Channel5_IRQHandler
00000408  w      .text	00000000 EXTI4_IRQHandler
00000646 g     F .text	00000036 Delay_Ms
0000041c  w      .text	00000000 USB_LP_CAN1_RX0_IRQHandler
000002ec g     F .text	000000fa SystemInit
00000452  w      .text	00000000 RNG_IRQHandler
0000041a  w      .text	00000000 USB_HP_CAN1_TX_IRQHandler
00000000 g       .init	00000000 _sinit
0000040e  w      .text	00000000 DMA1_Channel3_IRQHandler
00000454  w      .text	00000000 FSMC_IRQHandler
0000046e  w      .text	00000000 ETH_IRQHandler
00000426  w      .text	00000000 TIM1_UP_IRQHandler
000003f4  w      .text	00000000 WWDG_IRQHandler
0000047c  w      .text	00000000 USBHSWakeup_IRQHandler
000004a2  w      .text	00000000 DMA2_Channel11_IRQHandler
000003ec  w      .text	00000000 Ecall_U_Mode_Handler
00000498  w      .text	00000000 DMA2_Channel6_IRQHandler
0000042c  w      .text	00000000 TIM2_IRQHandler
20008000 g       .stack	00000000 _eusrstack
00000230 g     F .text	0000000c .hidden __riscv_save_2
000003f2  w      .text	00000000 SW_Handler
00000424  w      .text	00000000 TIM1_BRK_IRQHandler
000004a0  w      .text	00000000 DMA2_Channel10_IRQHandler
00000402  w      .text	00000000 EXTI1_IRQHandler
00000216 g     F .text	0000001a .hidden __riscv_save_5
20000008 g       .data	00000000 _edata
2000000c g       .bss	00000000 _end
00000446  w      .text	00000000 RTCAlarm_IRQHandler
0000067c g       .dlalign	00000000 _data_lma
00000492  w      .text	00000000 TIM10_UP_IRQHandler
0000048c  w      .text	00000000 TIM9_TRG_COM_IRQHandler
00000484  w      .text	00000000 UART7_IRQHandler
00000440  w      .text	00000000 USART2_IRQHandler
00000482  w      .text	00000000 UART6_IRQHandler
00000438  w      .text	00000000 I2C2_ER_IRQHandler
0000040c  w      .text	00000000 DMA1_Channel2_IRQHandler
0000023c g     F .text	00000024 .hidden __riscv_restore_12
0000044a  w      .text	00000000 TIM8_BRK_IRQHandler
000004a4  w      .text	00000000 handle_reset
00000420  w      .text	00000000 CAN1_SCE_IRQHandler
000003fc  w      .text	00000000 FLASH_IRQHandler
00000230 g     F .text	0000000c .hidden __riscv_save_0
0000043e  w      .text	00000000 USART1_IRQHandler
0000047a  w      .text	00000000 OTG_FS_IRQHandler
0000045a  w      .text	00000000 SPI3_IRQHandler
00000434  w      .text	00000000 I2C1_ER_IRQHandler
00000254 g     F .text	0000000c .hidden __riscv_restore_1
00000292 g     F .text	0000004a System_Loop
00000448  w      .text	00000000 USBWakeUp_IRQHandler
00000468  w      .text	00000000 DMA2_Channel3_IRQHandler



Disassembly of section .init:

00000000 <_sinit>:
   0:	4a40006f          	j	4a4 <handle_reset>
   4:	00000013          	nop
   8:	00000013          	nop
   c:	00000013          	nop
  10:	00000013          	nop
  14:	00000013          	nop
  18:	00000013          	nop
  1c:	00000013          	nop
  20:	00000013          	nop
  24:	00000013          	nop
  28:	00000013          	nop
  2c:	00000013          	nop
  30:	00000013          	nop
  34:	00100073          	ebreak

Disassembly of section .vector:

00000038 <_vector_base>:
	...
  40:	02dc                	addi	a5,sp,324
  42:	0000                	unimp
  44:	02e0                	addi	s0,sp,332
  46:	0000                	unimp
  48:	0000                	unimp
  4a:	0000                	unimp
  4c:	03ea                	slli	t2,t2,0x1a
	...
  56:	0000                	unimp
  58:	03ec                	addi	a1,sp,460
  5a:	0000                	unimp
  5c:	03ee                	slli	t2,t2,0x1b
	...
  66:	0000                	unimp
  68:	03f0                	addi	a2,sp,460
  6a:	0000                	unimp
  6c:	0000                	unimp
  6e:	0000                	unimp
  70:	03f2                	slli	t2,t2,0x1c
  72:	0000                	unimp
  74:	0000                	unimp
  76:	0000                	unimp
  78:	03f4                	addi	a3,sp,460
  7a:	0000                	unimp
  7c:	03f6                	slli	t2,t2,0x1d
  7e:	0000                	unimp
  80:	03f8                	addi	a4,sp,460
  82:	0000                	unimp
  84:	03fa                	slli	t2,t2,0x1e
  86:	0000                	unimp
  88:	03fc                	addi	a5,sp,460
  8a:	0000                	unimp
  8c:	03fe                	slli	t2,t2,0x1f
  8e:	0000                	unimp
  90:	0400                	addi	s0,sp,512
  92:	0000                	unimp
  94:	0402                	c.slli64	s0
  96:	0000                	unimp
  98:	0404                	addi	s1,sp,512
  9a:	0000                	unimp
  9c:	0406                	slli	s0,s0,0x1
  9e:	0000                	unimp
  a0:	0408                	addi	a0,sp,512
  a2:	0000                	unimp
  a4:	040a                	slli	s0,s0,0x2
  a6:	0000                	unimp
  a8:	040c                	addi	a1,sp,512
  aa:	0000                	unimp
  ac:	040e                	slli	s0,s0,0x3
  ae:	0000                	unimp
  b0:	0410                	addi	a2,sp,512
  b2:	0000                	unimp
  b4:	0412                	slli	s0,s0,0x4
  b6:	0000                	unimp
  b8:	0414                	addi	a3,sp,512
  ba:	0000                	unimp
  bc:	0416                	slli	s0,s0,0x5
  be:	0000                	unimp
  c0:	0418                	addi	a4,sp,512
  c2:	0000                	unimp
  c4:	041a                	slli	s0,s0,0x6
  c6:	0000                	unimp
  c8:	041c                	addi	a5,sp,512
  ca:	0000                	unimp
  cc:	041e                	slli	s0,s0,0x7
  ce:	0000                	unimp
  d0:	0420                	addi	s0,sp,520
  d2:	0000                	unimp
  d4:	0422                	slli	s0,s0,0x8
  d6:	0000                	unimp
  d8:	0424                	addi	s1,sp,520
  da:	0000                	unimp
  dc:	0426                	slli	s0,s0,0x9
  de:	0000                	unimp
  e0:	0428                	addi	a0,sp,520
  e2:	0000                	unimp
  e4:	042a                	slli	s0,s0,0xa
  e6:	0000                	unimp
  e8:	042c                	addi	a1,sp,520
  ea:	0000                	unimp
  ec:	042e                	slli	s0,s0,0xb
  ee:	0000                	unimp
  f0:	0430                	addi	a2,sp,520
  f2:	0000                	unimp
  f4:	0432                	slli	s0,s0,0xc
  f6:	0000                	unimp
  f8:	0434                	addi	a3,sp,520
  fa:	0000                	unimp
  fc:	0436                	slli	s0,s0,0xd
  fe:	0000                	unimp
 100:	0438                	addi	a4,sp,520
 102:	0000                	unimp
 104:	043a                	slli	s0,s0,0xe
 106:	0000                	unimp
 108:	043c                	addi	a5,sp,520
 10a:	0000                	unimp
 10c:	043e                	slli	s0,s0,0xf
 10e:	0000                	unimp
 110:	0440                	addi	s0,sp,516
 112:	0000                	unimp
 114:	0442                	slli	s0,s0,0x10
 116:	0000                	unimp
 118:	0444                	addi	s1,sp,516
 11a:	0000                	unimp
 11c:	0446                	slli	s0,s0,0x11
 11e:	0000                	unimp
 120:	0448                	addi	a0,sp,516
 122:	0000                	unimp
 124:	044a                	slli	s0,s0,0x12
 126:	0000                	unimp
 128:	044c                	addi	a1,sp,516
 12a:	0000                	unimp
 12c:	044e                	slli	s0,s0,0x13
 12e:	0000                	unimp
 130:	0450                	addi	a2,sp,516
 132:	0000                	unimp
 134:	0452                	slli	s0,s0,0x14
 136:	0000                	unimp
 138:	0454                	addi	a3,sp,516
 13a:	0000                	unimp
 13c:	0456                	slli	s0,s0,0x15
 13e:	0000                	unimp
 140:	0458                	addi	a4,sp,516
 142:	0000                	unimp
 144:	045a                	slli	s0,s0,0x16
 146:	0000                	unimp
 148:	045c                	addi	a5,sp,516
 14a:	0000                	unimp
 14c:	045e                	slli	s0,s0,0x17
 14e:	0000                	unimp
 150:	0460                	addi	s0,sp,524
 152:	0000                	unimp
 154:	0462                	slli	s0,s0,0x18
 156:	0000                	unimp
 158:	0464                	addi	s1,sp,524
 15a:	0000                	unimp
 15c:	0466                	slli	s0,s0,0x19
 15e:	0000                	unimp
 160:	0468                	addi	a0,sp,524
 162:	0000                	unimp
 164:	046a                	slli	s0,s0,0x1a
 166:	0000                	unimp
 168:	046c                	addi	a1,sp,524
 16a:	0000                	unimp
 16c:	046e                	slli	s0,s0,0x1b
 16e:	0000                	unimp
 170:	0470                	addi	a2,sp,524
 172:	0000                	unimp
 174:	0472                	slli	s0,s0,0x1c
 176:	0000                	unimp
 178:	0474                	addi	a3,sp,524
 17a:	0000                	unimp
 17c:	0476                	slli	s0,s0,0x1d
 17e:	0000                	unimp
 180:	0478                	addi	a4,sp,524
 182:	0000                	unimp
 184:	047a                	slli	s0,s0,0x1e
 186:	0000                	unimp
 188:	047c                	addi	a5,sp,524
 18a:	0000                	unimp
 18c:	047e                	slli	s0,s0,0x1f
 18e:	0000                	unimp
 190:	0480                	addi	s0,sp,576
 192:	0000                	unimp
 194:	0482                	c.slli64	s1
 196:	0000                	unimp
 198:	0484                	addi	s1,sp,576
 19a:	0000                	unimp
 19c:	0486                	slli	s1,s1,0x1
 19e:	0000                	unimp
 1a0:	0488                	addi	a0,sp,576
 1a2:	0000                	unimp
 1a4:	048a                	slli	s1,s1,0x2
 1a6:	0000                	unimp
 1a8:	048c                	addi	a1,sp,576
 1aa:	0000                	unimp
 1ac:	048e                	slli	s1,s1,0x3
 1ae:	0000                	unimp
 1b0:	0490                	addi	a2,sp,576
 1b2:	0000                	unimp
 1b4:	0492                	slli	s1,s1,0x4
 1b6:	0000                	unimp
 1b8:	0494                	addi	a3,sp,576
 1ba:	0000                	unimp
 1bc:	0496                	slli	s1,s1,0x5
 1be:	0000                	unimp
 1c0:	0498                	addi	a4,sp,576
 1c2:	0000                	unimp
 1c4:	049a                	slli	s1,s1,0x6
 1c6:	0000                	unimp
 1c8:	049c                	addi	a5,sp,576
 1ca:	0000                	unimp
 1cc:	049e                	slli	s1,s1,0x7
 1ce:	0000                	unimp
 1d0:	04a0                	addi	s0,sp,584
 1d2:	0000                	unimp
 1d4:	04a2                	slli	s1,s1,0x8
	...

Disassembly of section .text:

00000200 <__riscv_save_12>:
 200:	7139                	addi	sp,sp,-64
 202:	4301                	li	t1,0
 204:	c66e                	sw	s11,12(sp)
 206:	a019                	j	20c <__riscv_save_10+0x4>

00000208 <__riscv_save_10>:
 208:	7139                	addi	sp,sp,-64
 20a:	5341                	li	t1,-16
 20c:	c86a                	sw	s10,16(sp)
 20e:	ca66                	sw	s9,20(sp)
 210:	cc62                	sw	s8,24(sp)
 212:	ce5e                	sw	s7,28(sp)
 214:	a019                	j	21a <__riscv_save_4+0x4>

00000216 <__riscv_save_4>:
 216:	7139                	addi	sp,sp,-64
 218:	5301                	li	t1,-32
 21a:	d05a                	sw	s6,32(sp)
 21c:	d256                	sw	s5,36(sp)
 21e:	d452                	sw	s4,40(sp)
 220:	d64e                	sw	s3,44(sp)
 222:	d84a                	sw	s2,48(sp)
 224:	da26                	sw	s1,52(sp)
 226:	dc22                	sw	s0,56(sp)
 228:	de06                	sw	ra,60(sp)
 22a:	40610133          	sub	sp,sp,t1
 22e:	8282                	jr	t0

00000230 <__riscv_save_0>:
 230:	1141                	addi	sp,sp,-16
 232:	c04a                	sw	s2,0(sp)
 234:	c226                	sw	s1,4(sp)
 236:	c422                	sw	s0,8(sp)
 238:	c606                	sw	ra,12(sp)
 23a:	8282                	jr	t0

0000023c <__riscv_restore_12>:
 23c:	4db2                	lw	s11,12(sp)
 23e:	0141                	addi	sp,sp,16

00000240 <__riscv_restore_10>:
 240:	4d02                	lw	s10,0(sp)
 242:	4c92                	lw	s9,4(sp)
 244:	4c22                	lw	s8,8(sp)
 246:	4bb2                	lw	s7,12(sp)
 248:	0141                	addi	sp,sp,16

0000024a <__riscv_restore_4>:
 24a:	4b02                	lw	s6,0(sp)
 24c:	4a92                	lw	s5,4(sp)
 24e:	4a22                	lw	s4,8(sp)
 250:	49b2                	lw	s3,12(sp)
 252:	0141                	addi	sp,sp,16

00000254 <__riscv_restore_0>:
 254:	4902                	lw	s2,0(sp)
 256:	4492                	lw	s1,4(sp)
 258:	4422                	lw	s0,8(sp)
 25a:	40b2                	lw	ra,12(sp)
 25c:	0141                	addi	sp,sp,16
 25e:	8082                	ret

00000260 <LED_Init>:
 260:	fd1ff2ef          	jal	t0,230 <__riscv_save_0>
 264:	1141                	addi	sp,sp,-16
 266:	4585                	li	a1,1
 268:	4511                	li	a0,4
 26a:	2e51                	jal	5fe <RCC_APB2PeriphClockCmd>
 26c:	478d                	li	a5,3
 26e:	827c                	sh	a5,4(sp)
 270:	40011537          	lui	a0,0x40011
 274:	47c1                	li	a5,16
 276:	c63e                	sw	a5,12(sp)
 278:	004c                	addi	a1,sp,4
 27a:	478d                	li	a5,3
 27c:	80050513          	addi	a0,a0,-2048 # 40010800 <_eusrstack+0x20008800>
 280:	c43e                	sw	a5,8(sp)
 282:	2465                	jal	52a <GPIO_Init>
 284:	0141                	addi	sp,sp,16
 286:	b7f9                	j	254 <__riscv_restore_0>

00000288 <System_Init>:
 288:	fa9ff2ef          	jal	t0,230 <__riscv_save_0>
 28c:	2e41                	jal	61c <Delay_Init>
 28e:	3fc9                	jal	260 <LED_Init>
 290:	b7d1                	j	254 <__riscv_restore_0>

00000292 <System_Loop>:
 292:	f9fff2ef          	jal	t0,230 <__riscv_save_0>
 296:	40011437          	lui	s0,0x40011
 29a:	4585                	li	a1,1
 29c:	80040513          	addi	a0,s0,-2048 # 40010800 <_eusrstack+0x20008800>
 2a0:	26a9                	jal	5ea <GPIO_ReadOutputDataBit>
 2a2:	00153613          	seqz	a2,a0
 2a6:	4585                	li	a1,1
 2a8:	80040513          	addi	a0,s0,-2048
 2ac:	26a1                	jal	5f4 <GPIO_WriteBit>
 2ae:	200007b7          	lui	a5,0x20000
 2b2:	0007c703          	lbu	a4,0(a5) # 20000000 <_data_vma>
 2b6:	00078793          	mv	a5,a5
 2ba:	cf11                	beqz	a4,2d6 <System_Loop+0x44>
 2bc:	4701                	li	a4,0
 2be:	4601                	li	a2,0
 2c0:	40011537          	lui	a0,0x40011
 2c4:	4589                	li	a1,2
 2c6:	80050513          	addi	a0,a0,-2048 # 40010800 <_eusrstack+0x20008800>
 2ca:	a398                	sb	a4,0(a5)
 2cc:	2625                	jal	5f4 <GPIO_WriteBit>
 2ce:	0fa00513          	li	a0,250
 2d2:	2e95                	jal	646 <Delay_Ms>
 2d4:	b741                	j	254 <__riscv_restore_0>
 2d6:	4705                	li	a4,1
 2d8:	4605                	li	a2,1
 2da:	b7dd                	j	2c0 <System_Loop+0x2e>

000002dc <NMI_Handler>:
 2dc:	30200073          	mret

000002e0 <HardFault_Handler>:
 2e0:	a001                	j	2e0 <HardFault_Handler>

000002e2 <main>:
 2e2:	f4fff2ef          	jal	t0,230 <__riscv_save_0>
 2e6:	374d                	jal	288 <System_Init>
 2e8:	376d                	jal	292 <System_Loop>
 2ea:	bffd                	j	2e8 <main+0x6>

000002ec <SystemInit>:
 2ec:	400217b7          	lui	a5,0x40021
 2f0:	4398                	lw	a4,0(a5)
 2f2:	f8ff06b7          	lui	a3,0xf8ff0
 2f6:	1141                	addi	sp,sp,-16
 2f8:	00176713          	ori	a4,a4,1
 2fc:	c398                	sw	a4,0(a5)
 2fe:	43d8                	lw	a4,4(a5)
 300:	00020637          	lui	a2,0x20
 304:	8f75                	and	a4,a4,a3
 306:	c3d8                	sw	a4,4(a5)
 308:	4398                	lw	a4,0(a5)
 30a:	fef706b7          	lui	a3,0xfef70
 30e:	16fd                	addi	a3,a3,-1
 310:	8f75                	and	a4,a4,a3
 312:	c398                	sw	a4,0(a5)
 314:	4398                	lw	a4,0(a5)
 316:	fffc06b7          	lui	a3,0xfffc0
 31a:	16fd                	addi	a3,a3,-1
 31c:	8f75                	and	a4,a4,a3
 31e:	c398                	sw	a4,0(a5)
 320:	43d8                	lw	a4,4(a5)
 322:	ff8106b7          	lui	a3,0xff810
 326:	16fd                	addi	a3,a3,-1
 328:	8f75                	and	a4,a4,a3
 32a:	c3d8                	sw	a4,4(a5)
 32c:	4398                	lw	a4,0(a5)
 32e:	ec0006b7          	lui	a3,0xec000
 332:	16fd                	addi	a3,a3,-1
 334:	8f75                	and	a4,a4,a3
 336:	c398                	sw	a4,0(a5)
 338:	00ff0737          	lui	a4,0xff0
 33c:	c798                	sw	a4,8(a5)
 33e:	0207a623          	sw	zero,44(a5) # 4002102c <_eusrstack+0x2001902c>
 342:	c402                	sw	zero,8(sp)
 344:	c602                	sw	zero,12(sp)
 346:	4398                	lw	a4,0(a5)
 348:	66c1                	lui	a3,0x10
 34a:	8f55                	or	a4,a4,a3
 34c:	c398                	sw	a4,0(a5)
 34e:	400216b7          	lui	a3,0x40021
 352:	6705                	lui	a4,0x1
 354:	429c                	lw	a5,0(a3)
 356:	8ff1                	and	a5,a5,a2
 358:	c63e                	sw	a5,12(sp)
 35a:	47a2                	lw	a5,8(sp)
 35c:	0785                	addi	a5,a5,1
 35e:	c43e                	sw	a5,8(sp)
 360:	47b2                	lw	a5,12(sp)
 362:	e781                	bnez	a5,36a <SystemInit+0x7e>
 364:	47a2                	lw	a5,8(sp)
 366:	fee797e3          	bne	a5,a4,354 <SystemInit+0x68>
 36a:	400217b7          	lui	a5,0x40021
 36e:	439c                	lw	a5,0(a5)
 370:	00e79713          	slli	a4,a5,0xe
 374:	06075763          	bgez	a4,3e2 <SystemInit+0xf6>
 378:	4785                	li	a5,1
 37a:	c63e                	sw	a5,12(sp)
 37c:	4732                	lw	a4,12(sp)
 37e:	4785                	li	a5,1
 380:	04f71f63          	bne	a4,a5,3de <SystemInit+0xf2>
 384:	400217b7          	lui	a5,0x40021
 388:	43d8                	lw	a4,4(a5)
 38a:	ffc106b7          	lui	a3,0xffc10
 38e:	16fd                	addi	a3,a3,-1
 390:	c3d8                	sw	a4,4(a5)
 392:	43d8                	lw	a4,4(a5)
 394:	c3d8                	sw	a4,4(a5)
 396:	43d8                	lw	a4,4(a5)
 398:	40076713          	ori	a4,a4,1024
 39c:	c3d8                	sw	a4,4(a5)
 39e:	43d8                	lw	a4,4(a5)
 3a0:	8f75                	and	a4,a4,a3
 3a2:	c3d8                	sw	a4,4(a5)
 3a4:	43d8                	lw	a4,4(a5)
 3a6:	002906b7          	lui	a3,0x290
 3aa:	8f55                	or	a4,a4,a3
 3ac:	c3d8                	sw	a4,4(a5)
 3ae:	4398                	lw	a4,0(a5)
 3b0:	010006b7          	lui	a3,0x1000
 3b4:	8f55                	or	a4,a4,a3
 3b6:	c398                	sw	a4,0(a5)
 3b8:	4398                	lw	a4,0(a5)
 3ba:	00671693          	slli	a3,a4,0x6
 3be:	fe06dde3          	bgez	a3,3b8 <SystemInit+0xcc>
 3c2:	43d8                	lw	a4,4(a5)
 3c4:	400216b7          	lui	a3,0x40021
 3c8:	9b71                	andi	a4,a4,-4
 3ca:	c3d8                	sw	a4,4(a5)
 3cc:	43d8                	lw	a4,4(a5)
 3ce:	00276713          	ori	a4,a4,2
 3d2:	c3d8                	sw	a4,4(a5)
 3d4:	4721                	li	a4,8
 3d6:	42dc                	lw	a5,4(a3)
 3d8:	8bb1                	andi	a5,a5,12
 3da:	fee79ee3          	bne	a5,a4,3d6 <SystemInit+0xea>
 3de:	0141                	addi	sp,sp,16
 3e0:	8082                	ret
 3e2:	c602                	sw	zero,12(sp)
 3e4:	bf61                	j	37c <SystemInit+0x90>
 3e6:	a001                	j	3e6 <SystemInit+0xfa>
 3e8:	a001                	j	3e8 <SystemInit+0xfc>

000003ea <Ecall_M_Mode_Handler>:
 3ea:	a001                	j	3ea <Ecall_M_Mode_Handler>

000003ec <Ecall_U_Mode_Handler>:
 3ec:	a001                	j	3ec <Ecall_U_Mode_Handler>

000003ee <Break_Point_Handler>:
 3ee:	a001                	j	3ee <Break_Point_Handler>

000003f0 <SysTick_Handler>:
 3f0:	a001                	j	3f0 <SysTick_Handler>

000003f2 <SW_Handler>:
 3f2:	a001                	j	3f2 <SW_Handler>

000003f4 <WWDG_IRQHandler>:
 3f4:	a001                	j	3f4 <WWDG_IRQHandler>

000003f6 <PVD_IRQHandler>:
 3f6:	a001                	j	3f6 <PVD_IRQHandler>

000003f8 <TAMPER_IRQHandler>:
 3f8:	a001                	j	3f8 <TAMPER_IRQHandler>

000003fa <RTC_IRQHandler>:
 3fa:	a001                	j	3fa <RTC_IRQHandler>

000003fc <FLASH_IRQHandler>:
 3fc:	a001                	j	3fc <FLASH_IRQHandler>

000003fe <RCC_IRQHandler>:
 3fe:	a001                	j	3fe <RCC_IRQHandler>

00000400 <EXTI0_IRQHandler>:
 400:	a001                	j	400 <EXTI0_IRQHandler>

00000402 <EXTI1_IRQHandler>:
 402:	a001                	j	402 <EXTI1_IRQHandler>

00000404 <EXTI2_IRQHandler>:
 404:	a001                	j	404 <EXTI2_IRQHandler>

00000406 <EXTI3_IRQHandler>:
 406:	a001                	j	406 <EXTI3_IRQHandler>

00000408 <EXTI4_IRQHandler>:
 408:	a001                	j	408 <EXTI4_IRQHandler>

0000040a <DMA1_Channel1_IRQHandler>:
 40a:	a001                	j	40a <DMA1_Channel1_IRQHandler>

0000040c <DMA1_Channel2_IRQHandler>:
 40c:	a001                	j	40c <DMA1_Channel2_IRQHandler>

0000040e <DMA1_Channel3_IRQHandler>:
 40e:	a001                	j	40e <DMA1_Channel3_IRQHandler>

00000410 <DMA1_Channel4_IRQHandler>:
 410:	a001                	j	410 <DMA1_Channel4_IRQHandler>

00000412 <DMA1_Channel5_IRQHandler>:
 412:	a001                	j	412 <DMA1_Channel5_IRQHandler>

00000414 <DMA1_Channel6_IRQHandler>:
 414:	a001                	j	414 <DMA1_Channel6_IRQHandler>

00000416 <DMA1_Channel7_IRQHandler>:
 416:	a001                	j	416 <DMA1_Channel7_IRQHandler>

00000418 <ADC1_2_IRQHandler>:
 418:	a001                	j	418 <ADC1_2_IRQHandler>

0000041a <USB_HP_CAN1_TX_IRQHandler>:
 41a:	a001                	j	41a <USB_HP_CAN1_TX_IRQHandler>

0000041c <USB_LP_CAN1_RX0_IRQHandler>:
 41c:	a001                	j	41c <USB_LP_CAN1_RX0_IRQHandler>

0000041e <CAN1_RX1_IRQHandler>:
 41e:	a001                	j	41e <CAN1_RX1_IRQHandler>

00000420 <CAN1_SCE_IRQHandler>:
 420:	a001                	j	420 <CAN1_SCE_IRQHandler>

00000422 <EXTI9_5_IRQHandler>:
 422:	a001                	j	422 <EXTI9_5_IRQHandler>

00000424 <TIM1_BRK_IRQHandler>:
 424:	a001                	j	424 <TIM1_BRK_IRQHandler>

00000426 <TIM1_UP_IRQHandler>:
 426:	a001                	j	426 <TIM1_UP_IRQHandler>

00000428 <TIM1_TRG_COM_IRQHandler>:
 428:	a001                	j	428 <TIM1_TRG_COM_IRQHandler>

0000042a <TIM1_CC_IRQHandler>:
 42a:	a001                	j	42a <TIM1_CC_IRQHandler>

0000042c <TIM2_IRQHandler>:
 42c:	a001                	j	42c <TIM2_IRQHandler>

0000042e <TIM3_IRQHandler>:
 42e:	a001                	j	42e <TIM3_IRQHandler>

00000430 <TIM4_IRQHandler>:
 430:	a001                	j	430 <TIM4_IRQHandler>

00000432 <I2C1_EV_IRQHandler>:
 432:	a001                	j	432 <I2C1_EV_IRQHandler>

00000434 <I2C1_ER_IRQHandler>:
 434:	a001                	j	434 <I2C1_ER_IRQHandler>

00000436 <I2C2_EV_IRQHandler>:
 436:	a001                	j	436 <I2C2_EV_IRQHandler>

00000438 <I2C2_ER_IRQHandler>:
 438:	a001                	j	438 <I2C2_ER_IRQHandler>

0000043a <SPI1_IRQHandler>:
 43a:	a001                	j	43a <SPI1_IRQHandler>

0000043c <SPI2_IRQHandler>:
 43c:	a001                	j	43c <SPI2_IRQHandler>

0000043e <USART1_IRQHandler>:
 43e:	a001                	j	43e <USART1_IRQHandler>

00000440 <USART2_IRQHandler>:
 440:	a001                	j	440 <USART2_IRQHandler>

00000442 <USART3_IRQHandler>:
 442:	a001                	j	442 <USART3_IRQHandler>

00000444 <EXTI15_10_IRQHandler>:
 444:	a001                	j	444 <EXTI15_10_IRQHandler>

00000446 <RTCAlarm_IRQHandler>:
 446:	a001                	j	446 <RTCAlarm_IRQHandler>

00000448 <USBWakeUp_IRQHandler>:
 448:	a001                	j	448 <USBWakeUp_IRQHandler>

0000044a <TIM8_BRK_IRQHandler>:
 44a:	a001                	j	44a <TIM8_BRK_IRQHandler>

0000044c <TIM8_UP_IRQHandler>:
 44c:	a001                	j	44c <TIM8_UP_IRQHandler>

0000044e <TIM8_TRG_COM_IRQHandler>:
 44e:	a001                	j	44e <TIM8_TRG_COM_IRQHandler>

00000450 <TIM8_CC_IRQHandler>:
 450:	a001                	j	450 <TIM8_CC_IRQHandler>

00000452 <RNG_IRQHandler>:
 452:	a001                	j	452 <RNG_IRQHandler>

00000454 <FSMC_IRQHandler>:
 454:	a001                	j	454 <FSMC_IRQHandler>

00000456 <SDIO_IRQHandler>:
 456:	a001                	j	456 <SDIO_IRQHandler>

00000458 <TIM5_IRQHandler>:
 458:	a001                	j	458 <TIM5_IRQHandler>

0000045a <SPI3_IRQHandler>:
 45a:	a001                	j	45a <SPI3_IRQHandler>

0000045c <UART4_IRQHandler>:
 45c:	a001                	j	45c <UART4_IRQHandler>

0000045e <UART5_IRQHandler>:
 45e:	a001                	j	45e <UART5_IRQHandler>

00000460 <TIM6_IRQHandler>:
 460:	a001                	j	460 <TIM6_IRQHandler>

00000462 <TIM7_IRQHandler>:
 462:	a001                	j	462 <TIM7_IRQHandler>

00000464 <DMA2_Channel1_IRQHandler>:
 464:	a001                	j	464 <DMA2_Channel1_IRQHandler>

00000466 <DMA2_Channel2_IRQHandler>:
 466:	a001                	j	466 <DMA2_Channel2_IRQHandler>

00000468 <DMA2_Channel3_IRQHandler>:
 468:	a001                	j	468 <DMA2_Channel3_IRQHandler>

0000046a <DMA2_Channel4_IRQHandler>:
 46a:	a001                	j	46a <DMA2_Channel4_IRQHandler>

0000046c <DMA2_Channel5_IRQHandler>:
 46c:	a001                	j	46c <DMA2_Channel5_IRQHandler>

0000046e <ETH_IRQHandler>:
 46e:	a001                	j	46e <ETH_IRQHandler>

00000470 <ETH_WKUP_IRQHandler>:
 470:	a001                	j	470 <ETH_WKUP_IRQHandler>

00000472 <CAN2_TX_IRQHandler>:
 472:	a001                	j	472 <CAN2_TX_IRQHandler>

00000474 <CAN2_RX0_IRQHandler>:
 474:	a001                	j	474 <CAN2_RX0_IRQHandler>

00000476 <CAN2_RX1_IRQHandler>:
 476:	a001                	j	476 <CAN2_RX1_IRQHandler>

00000478 <CAN2_SCE_IRQHandler>:
 478:	a001                	j	478 <CAN2_SCE_IRQHandler>

0000047a <OTG_FS_IRQHandler>:
 47a:	a001                	j	47a <OTG_FS_IRQHandler>

0000047c <USBHSWakeup_IRQHandler>:
 47c:	a001                	j	47c <USBHSWakeup_IRQHandler>

0000047e <USBHS_IRQHandler>:
 47e:	a001                	j	47e <USBHS_IRQHandler>

00000480 <DVP_IRQHandler>:
 480:	a001                	j	480 <DVP_IRQHandler>

00000482 <UART6_IRQHandler>:
 482:	a001                	j	482 <UART6_IRQHandler>

00000484 <UART7_IRQHandler>:
 484:	a001                	j	484 <UART7_IRQHandler>

00000486 <UART8_IRQHandler>:
 486:	a001                	j	486 <UART8_IRQHandler>

00000488 <TIM9_BRK_IRQHandler>:
 488:	a001                	j	488 <TIM9_BRK_IRQHandler>

0000048a <TIM9_UP_IRQHandler>:
 48a:	a001                	j	48a <TIM9_UP_IRQHandler>

0000048c <TIM9_TRG_COM_IRQHandler>:
 48c:	a001                	j	48c <TIM9_TRG_COM_IRQHandler>

0000048e <TIM9_CC_IRQHandler>:
 48e:	a001                	j	48e <TIM9_CC_IRQHandler>

00000490 <TIM10_BRK_IRQHandler>:
 490:	a001                	j	490 <TIM10_BRK_IRQHandler>

00000492 <TIM10_UP_IRQHandler>:
 492:	a001                	j	492 <TIM10_UP_IRQHandler>

00000494 <TIM10_TRG_COM_IRQHandler>:
 494:	a001                	j	494 <TIM10_TRG_COM_IRQHandler>

00000496 <TIM10_CC_IRQHandler>:
 496:	a001                	j	496 <TIM10_CC_IRQHandler>

00000498 <DMA2_Channel6_IRQHandler>:
 498:	a001                	j	498 <DMA2_Channel6_IRQHandler>

0000049a <DMA2_Channel7_IRQHandler>:
 49a:	a001                	j	49a <DMA2_Channel7_IRQHandler>

0000049c <DMA2_Channel8_IRQHandler>:
 49c:	a001                	j	49c <DMA2_Channel8_IRQHandler>

0000049e <DMA2_Channel9_IRQHandler>:
 49e:	a001                	j	49e <DMA2_Channel9_IRQHandler>

000004a0 <DMA2_Channel10_IRQHandler>:
 4a0:	a001                	j	4a0 <DMA2_Channel10_IRQHandler>

000004a2 <DMA2_Channel11_IRQHandler>:
 4a2:	a001                	j	4a2 <DMA2_Channel11_IRQHandler>

000004a4 <handle_reset>:
 4a4:	20000197          	auipc	gp,0x20000
 4a8:	35c18193          	addi	gp,gp,860 # 20000800 <__global_pointer$>
 4ac:	20008117          	auipc	sp,0x20008
 4b0:	b5410113          	addi	sp,sp,-1196 # 20008000 <_eusrstack>
 4b4:	67c00513          	li	a0,1660
 4b8:	20000597          	auipc	a1,0x20000
 4bc:	b4858593          	addi	a1,a1,-1208 # 20000000 <_data_vma>
 4c0:	80818613          	addi	a2,gp,-2040 # 20000008 <_edata>
 4c4:	00c5fa63          	bgeu	a1,a2,4d8 <handle_reset+0x34>
 4c8:	00052283          	lw	t0,0(a0)
 4cc:	0055a023          	sw	t0,0(a1)
 4d0:	0511                	addi	a0,a0,4
 4d2:	0591                	addi	a1,a1,4
 4d4:	fec5eae3          	bltu	a1,a2,4c8 <handle_reset+0x24>
 4d8:	80818513          	addi	a0,gp,-2040 # 20000008 <_edata>
 4dc:	80c18593          	addi	a1,gp,-2036 # 2000000c <_ebss>
 4e0:	00b57763          	bgeu	a0,a1,4ee <handle_reset+0x4a>
 4e4:	00052023          	sw	zero,0(a0)
 4e8:	0511                	addi	a0,a0,4
 4ea:	feb56de3          	bltu	a0,a1,4e4 <handle_reset+0x40>
 4ee:	42fd                	li	t0,31
 4f0:	bc029073          	csrw	0xbc0,t0
 4f4:	42ad                	li	t0,11
 4f6:	80429073          	csrw	0x804,t0
 4fa:	000062b7          	lui	t0,0x6
 4fe:	08828293          	addi	t0,t0,136 # 6088 <__stack_size+0x5888>
 502:	3002a073          	csrs	mstatus,t0
 506:	00000297          	auipc	t0,0x0
 50a:	b3228293          	addi	t0,t0,-1230 # 38 <_einit>
 50e:	0032e293          	ori	t0,t0,3
 512:	30529073          	csrw	mtvec,t0
 516:	dd7ff0ef          	jal	ra,2ec <SystemInit>
 51a:	00000297          	auipc	t0,0x0
 51e:	dc828293          	addi	t0,t0,-568 # 2e2 <main>
 522:	34129073          	csrw	mepc,t0
 526:	30200073          	mret

0000052a <GPIO_Init>:
 52a:	459c                	lw	a5,8(a1)
 52c:	0107f713          	andi	a4,a5,16
 530:	00f7f813          	andi	a6,a5,15
 534:	c701                	beqz	a4,53c <GPIO_Init+0x12>
 536:	41d8                	lw	a4,4(a1)
 538:	00e86833          	or	a6,a6,a4
 53c:	218e                	lhu	a1,0(a1)
 53e:	0ff5f713          	andi	a4,a1,255
 542:	c339                	beqz	a4,588 <GPIO_Init+0x5e>
 544:	4118                	lw	a4,0(a0)
 546:	4681                	li	a3,0
 548:	4e85                	li	t4,1
 54a:	4f3d                	li	t5,15
 54c:	02800f93          	li	t6,40
 550:	04800293          	li	t0,72
 554:	4e21                	li	t3,8
 556:	00de9633          	sll	a2,t4,a3
 55a:	00c5f8b3          	and	a7,a1,a2
 55e:	03161163          	bne	a2,a7,580 <GPIO_Init+0x56>
 562:	00269893          	slli	a7,a3,0x2
 566:	011f1333          	sll	t1,t5,a7
 56a:	fff34313          	not	t1,t1
 56e:	00e37733          	and	a4,t1,a4
 572:	011818b3          	sll	a7,a6,a7
 576:	00e8e733          	or	a4,a7,a4
 57a:	05f79f63          	bne	a5,t6,5d8 <GPIO_Init+0xae>
 57e:	c950                	sw	a2,20(a0)
 580:	0685                	addi	a3,a3,1
 582:	fdc69ae3          	bne	a3,t3,556 <GPIO_Init+0x2c>
 586:	c118                	sw	a4,0(a0)
 588:	0ff00713          	li	a4,255
 58c:	04b77563          	bgeu	a4,a1,5d6 <GPIO_Init+0xac>
 590:	4154                	lw	a3,4(a0)
 592:	4621                	li	a2,8
 594:	4e85                	li	t4,1
 596:	4f3d                	li	t5,15
 598:	02800f93          	li	t6,40
 59c:	04800293          	li	t0,72
 5a0:	4e41                	li	t3,16
 5a2:	00ce98b3          	sll	a7,t4,a2
 5a6:	0115f733          	and	a4,a1,a7
 5aa:	02e89263          	bne	a7,a4,5ce <GPIO_Init+0xa4>
 5ae:	00261713          	slli	a4,a2,0x2
 5b2:	1701                	addi	a4,a4,-32
 5b4:	00ef1333          	sll	t1,t5,a4
 5b8:	fff34313          	not	t1,t1
 5bc:	00d376b3          	and	a3,t1,a3
 5c0:	00e81733          	sll	a4,a6,a4
 5c4:	8ed9                	or	a3,a3,a4
 5c6:	01f79d63          	bne	a5,t6,5e0 <GPIO_Init+0xb6>
 5ca:	01152a23          	sw	a7,20(a0)
 5ce:	0605                	addi	a2,a2,1
 5d0:	fdc619e3          	bne	a2,t3,5a2 <GPIO_Init+0x78>
 5d4:	c154                	sw	a3,4(a0)
 5d6:	8082                	ret
 5d8:	fa5794e3          	bne	a5,t0,580 <GPIO_Init+0x56>
 5dc:	c910                	sw	a2,16(a0)
 5de:	b74d                	j	580 <GPIO_Init+0x56>
 5e0:	fe5797e3          	bne	a5,t0,5ce <GPIO_Init+0xa4>
 5e4:	01152823          	sw	a7,16(a0)
 5e8:	b7dd                	j	5ce <GPIO_Init+0xa4>

000005ea <GPIO_ReadOutputDataBit>:
 5ea:	4548                	lw	a0,12(a0)
 5ec:	8d6d                	and	a0,a0,a1
 5ee:	00a03533          	snez	a0,a0
 5f2:	8082                	ret

000005f4 <GPIO_WriteBit>:
 5f4:	c219                	beqz	a2,5fa <GPIO_WriteBit+0x6>
 5f6:	c90c                	sw	a1,16(a0)
 5f8:	8082                	ret
 5fa:	c94c                	sw	a1,20(a0)
 5fc:	8082                	ret

000005fe <RCC_APB2PeriphClockCmd>:
 5fe:	c599                	beqz	a1,60c <RCC_APB2PeriphClockCmd+0xe>
 600:	40021737          	lui	a4,0x40021
 604:	4f1c                	lw	a5,24(a4)
 606:	8d5d                	or	a0,a0,a5
 608:	cf08                	sw	a0,24(a4)
 60a:	8082                	ret
 60c:	400217b7          	lui	a5,0x40021
 610:	4f98                	lw	a4,24(a5)
 612:	fff54513          	not	a0,a0
 616:	8d79                	and	a0,a0,a4
 618:	cf88                	sw	a0,24(a5)
 61a:	8082                	ret

0000061c <Delay_Init>:
 61c:	200007b7          	lui	a5,0x20000
 620:	0047a783          	lw	a5,4(a5) # 20000004 <SystemCoreClock>
 624:	007a1737          	lui	a4,0x7a1
 628:	20070713          	addi	a4,a4,512 # 7a1200 <__stack_size+0x7a0a00>
 62c:	02e7d7b3          	divu	a5,a5,a4
 630:	0ff7f793          	andi	a5,a5,255
 634:	80f18523          	sb	a5,-2038(gp) # 2000000a <p_us>
 638:	3e800713          	li	a4,1000
 63c:	02e787b3          	mul	a5,a5,a4
 640:	80f19423          	sh	a5,-2040(gp) # 20000008 <_edata>
 644:	8082                	ret

00000646 <Delay_Ms>:
 646:	e000f7b7          	lui	a5,0xe000f
 64a:	43d8                	lw	a4,4(a5)
 64c:	4681                	li	a3,0
 64e:	9b79                	andi	a4,a4,-2
 650:	c3d8                	sw	a4,4(a5)
 652:	8081d703          	lhu	a4,-2040(gp) # 20000008 <_edata>
 656:	02a70633          	mul	a2,a4,a0
 65a:	cb90                	sw	a2,16(a5)
 65c:	cbd4                	sw	a3,20(a5)
 65e:	4398                	lw	a4,0(a5)
 660:	01076713          	ori	a4,a4,16
 664:	c398                	sw	a4,0(a5)
 666:	4398                	lw	a4,0(a5)
 668:	02176713          	ori	a4,a4,33
 66c:	c398                	sw	a4,0(a5)
 66e:	43d8                	lw	a4,4(a5)
 670:	8b05                	andi	a4,a4,1
 672:	df75                	beqz	a4,66e <Delay_Ms+0x28>
 674:	4398                	lw	a4,0(a5)
 676:	9b79                	andi	a4,a4,-2
 678:	c398                	sw	a4,0(a5)
 67a:	8082                	ret
