C51 COMPILER V9.54   DELAY                                                                 05/22/2023 19:32:53 PAGE 1   


C51 COMPILER V9.54, COMPILATION OF MODULE DELAY
OBJECT MODULE PLACED IN .\Objects\delay.obj
COMPILER INVOKED BY: D:\keil51\C51\BIN\C51.EXE delay.c OPTIMIZE(8,SPEED) BROWSE DEBUG OBJECTEXTEND PRINT(.\Listings\dela
                    -y.lst) TABS(2) OBJECT(.\Objects\delay.obj)

line level    source

   1          
   2          #include <INTRINS.H>
   3          
   4          void Delay500ms() //@12.000MHz
   5          {
   6   1          unsigned char i, j, k;
   7   1      
   8   1          _nop_();
   9   1          i = 4;
  10   1          j = 205;
  11   1          k = 187;
  12   1          do
  13   1          {
  14   2              do
  15   2              {
  16   3                  while (--k)
  17   3                      ;
  18   3              } while (--j);
  19   2          } while (--i);
  20   1      }
  21          
  22          void Delay(unsigned int num) //@12.000MHz
  23          {
  24   1          unsigned char i, j;
  25   1          while (num--)
  26   1          {
  27   2              i = 2;
  28   2              j = 239;
  29   2              do
  30   2              {
  31   3                  while (--j)
  32   3                      ;
  33   3              } while (--i);
  34   2          }
  35   1      }


MODULE INFORMATION:   STATIC OVERLAYABLE
   CODE SIZE        =     35    ----
   CONSTANT SIZE    =   ----    ----
   XDATA SIZE       =   ----    ----
   PDATA SIZE       =   ----    ----
   DATA SIZE        =   ----    ----
   IDATA SIZE       =   ----    ----
   BIT SIZE         =   ----    ----
END OF MODULE INFORMATION.


C51 COMPILATION COMPLETE.  0 WARNING(S),  0 ERROR(S)
