C51 COMPILER V9.54   MAIN                                                                  05/22/2023 19:32:53 PAGE 1   


C51 COMPILER V9.54, COMPILATION OF MODULE MAIN
OBJECT MODULE PLACED IN .\Objects\main.obj
COMPILER INVOKED BY: D:\keil51\C51\BIN\C51.EXE main.c OPTIMIZE(8,SPEED) BROWSE DEBUG OBJECTEXTEND PRINT(.\Listings\main.
                    -lst) TABS(2) OBJECT(.\Objects\main.obj)

line level    source

   1          /**
   2           * @FilePath     : /stm32_code/51/main.c
   3           * @Description  :
   4           * @Author       : isikveren lauxunzi@outlook.com
   5           * @Version      : 0.0.1
   6           * @LastEditors  : isikveren lauxunzi@outlook.com
   7           * @LastEditTime : 2023-05-22 18:51:58
   8           * @Copyright    : G AUTOMOBILE RESEARCH INSTITUTE CO.,LTD Copyright (c) 2023.
   9           **/
  10          
  11          #include <REGX52.h>
  12          #include "delay.h"
  13          #include "UART.h"
  14          // 串口通信
  15          unsigned char num = 0x00;
*** ERROR C244 IN LINE 15 OF main.c: 'num': can't initialize, bad type or class
*** ERROR C132 IN LINE 15 OF main.c: 'num': not in formal parameter list
  16          
  17          int main(void)
  18          {
*** ERROR C132 IN LINE 18 OF main.c: 'main': not in formal parameter list
*** ERROR C141 IN LINE 18 OF main.c: syntax error near '{'
  19              UART_Init();
*** ERROR C132 IN LINE 19 OF main.c: 'UART_Init': not in formal parameter list
  20              UART_SendByte(0x11);
*** ERROR C141 IN LINE 20 OF main.c: syntax error near '0x11'
*** ERROR C132 IN LINE 20 OF main.c: 'UART_SendByte': not in formal parameter list
  21              while (1)
*** ERROR C141 IN LINE 21 OF main.c: syntax error near 'while'
*** ERROR C141 IN LINE 21 OF main.c: syntax error near '1'
  22              {
  23                  UART_SendByte(num++);
*** ERROR C141 IN LINE 23 OF main.c: syntax error near '++', expected ')'
  24                  Delay(1000);
*** ERROR C141 IN LINE 24 OF main.c: syntax error near '1000'
*** ERROR C231 IN LINE 24 OF main.c: '_Delay': redefinition
  25              }
*** ERROR C141 IN LINE 25 OF main.c: syntax error near '}'
  26          }

C51 COMPILATION COMPLETE.  0 WARNING(S),  13 ERROR(S)
