C51 COMPILER V9.54   MATRIXKEY                                                             05/30/2023 21:12:28 PAGE 1   


C51 COMPILER V9.54, COMPILATION OF MODULE MATRIXKEY
OBJECT MODULE PLACED IN .\Objects\MatrixKey.obj
COMPILER INVOKED BY: D:\keil51\C51\BIN\C51.EXE MatrixKey.c OPTIMIZE(8,SPEED) BROWSE DEBUG OBJECTEXTEND PRINT(.\Listings\
                    -MatrixKey.lst) TABS(2) OBJECT(.\Objects\MatrixKey.obj)

line level    source

   1          /*
   2           * @Author: isikveren lauxunzi@outlook.com
   3           * @Date: 2023-05-15 10:40:55
   4           * @LastEditors: isikveren lauxunzi@outlook.com
   5           * @LastEditTime: 2023-05-30 19:45:45
   6           * @FilePath: \51\MatrixKey.c
   7           * @Description: 这是默认设置,请设置`customMade`, 打开koroFileHeader查看配置 进行设置: 
             -https://github.com/OBKoro1/koro1FileHeader/wiki/%E9%85%8D%E7%BD%AE
   8           */
   9          #include <REGX52.h>
  10          #include "Delay.h"
  11          /**
  12           *@brief 矩阵键盘扫描，读取按键键码
  13           *@param   空
  14           *@retval   KeyNumber
  15           按键按下不放，程序会停留在此函数，松手则返回键码，没有按键按下返回0.
  16           */
  17          unsigned char MatrixKey()
  18          {
  19   1          unsigned char KeyNumber = 0;
  20   1          P1 = 0xFF;
  21   1          P1_3 = 0;
  22   1          if (P1_7 == 0)
  23   1          {
  24   2              Delay(20);
  25   2              while (P1_7 == 0)
  26   2                  ;
  27   2              Delay(20);
  28   2              KeyNumber = 1;
  29   2          }
  30   1          if (P1_6 == 0)
  31   1          {
  32   2              Delay(20);
  33   2              while (P1_6 == 0)
  34   2                  ;
  35   2              Delay(20);
  36   2              KeyNumber = 5;
  37   2          }
  38   1          if (P1_5 == 0)
  39   1          {
  40   2              Delay(20);
  41   2              while (P1_5 == 0)
  42   2                  ;
  43   2              Delay(20);
  44   2              KeyNumber = 9;
  45   2          }
  46   1          if (P1_4 == 0)
  47   1          {
  48   2              Delay(20);
  49   2              while (P1_5 == 0)
  50   2                  ;
  51   2              Delay(20);
  52   2              KeyNumber = 13;
  53   2          }
C51 COMPILER V9.54   MATRIXKEY                                                             05/30/2023 21:12:28 PAGE 2   

  54   1          P1 = 0xFF;
  55   1          P1_2 = 0;
  56   1          if (P1_7 == 0)
  57   1          {
  58   2              Delay(20);
  59   2              while (P1_7 == 0)
  60   2                  ;
  61   2              Delay(20);
  62   2              KeyNumber = 2;
  63   2          }
  64   1          if (P1_6 == 0)
  65   1          {
  66   2              Delay(20);
  67   2              while (P1_6 == 0)
  68   2                  ;
  69   2              Delay(20);
  70   2              KeyNumber = 6;
  71   2          }
  72   1          if (P1_5 == 0)
  73   1          {
  74   2              Delay(20);
  75   2              while (P1_5 == 0)
  76   2                  ;
  77   2              Delay(20);
  78   2              KeyNumber = 10;
  79   2          }
  80   1          if (P1_4 == 0)
  81   1          {
  82   2              Delay(20);
  83   2              while (P1_5 == 0)
  84   2                  ;
  85   2              Delay(20);
  86   2              KeyNumber = 14;
  87   2          }
  88   1      
  89   1          P1 = 0xFF;
  90   1          P1_1 = 0;
  91   1          if (P1_7 == 0)
  92   1          {
  93   2              Delay(20);
  94   2              while (P1_7 == 0)
  95   2                  ;
  96   2              Delay(20);
  97   2              KeyNumber = 3;
  98   2          }
  99   1          if (P1_6 == 0)
 100   1          {
 101   2              Delay(20);
 102   2              while (P1_6 == 0)
 103   2                  ;
 104   2              Delay(20);
 105   2              KeyNumber = 7;
 106   2          }
 107   1          if (P1_5 == 0)
 108   1          {
 109   2              Delay(20);
 110   2              while (P1_5 == 0)
 111   2                  ;
 112   2              Delay(20);
 113   2              KeyNumber = 11;
 114   2          }
 115   1          if (P1_4 == 0)
C51 COMPILER V9.54   MATRIXKEY                                                             05/30/2023 21:12:28 PAGE 3   

 116   1          {
 117   2              Delay(20);
 118   2              while (P1_5 == 0)
 119   2                  ;
 120   2              Delay(20);
 121   2              KeyNumber = 15;
 122   2          }
 123   1          P1 = 0xFF;
 124   1          P1_0 = 0;
 125   1          if (P1_7 == 0)
 126   1          {
 127   2              Delay(20);
 128   2              while (P1_7 == 0)
 129   2                  ;
 130   2              Delay(20);
 131   2              KeyNumber = 4;
 132   2          }
 133   1          if (P1_6 == 0)
 134   1          {
 135   2              Delay(20);
 136   2              while (P1_6 == 0)
 137   2                  ;
 138   2              Delay(20);
 139   2              KeyNumber = 8;
 140   2          }
 141   1          if (P1_5 == 0)
 142   1          {
 143   2              Delay(20);
 144   2              while (P1_5 == 0)
 145   2                  ;
 146   2              Delay(20);
 147   2              KeyNumber = 12;
 148   2          }
 149   1          if (P1_4 == 0)
 150   1          {
 151   2              Delay(20);
 152   2              while (P1_5 == 0)
 153   2                  ;
 154   2              Delay(20);
 155   2              KeyNumber = 16;
 156   2          }
 157   1          return KeyNumber;
 158   1      }
 159          unsigned char GetKey()
 160          {
 161   1          unsigned char keynum = 0;
 162   1          if (P3_1 == 0)
 163   1          {
 164   2              Delay(20);
 165   2              while (P3_1 == 0)
 166   2                  ;
 167   2              Delay(20);
 168   2              keynum = 1;
 169   2          }
 170   1      
 171   1          if (P3_0 == 0)
 172   1          {
 173   2              Delay(20);
 174   2              while (P3_0 == 0)
 175   2                  ;
 176   2              Delay(20);
 177   2              keynum = 2;
C51 COMPILER V9.54   MATRIXKEY                                                             05/30/2023 21:12:28 PAGE 4   

 178   2          }
 179   1          return keynum;
 180   1      }


MODULE INFORMATION:   STATIC OVERLAYABLE
   CODE SIZE        =    444    ----
   CONSTANT SIZE    =   ----    ----
   XDATA SIZE       =   ----    ----
   PDATA SIZE       =   ----    ----
   DATA SIZE        =   ----       2
   IDATA SIZE       =   ----    ----
   BIT SIZE         =   ----    ----
END OF MODULE INFORMATION.


C51 COMPILATION COMPLETE.  0 WARNING(S),  0 ERROR(S)
