C51 COMPILER V9.54   TIMER                                                                 05/16/2023 20:44:27 PAGE 1   


C51 COMPILER V9.54, COMPILATION OF MODULE TIMER
OBJECT MODULE PLACED IN .\Objects\Timer.obj
COMPILER INVOKED BY: D:\keil51\C51\BIN\C51.EXE Timer.c OPTIMIZE(8,SPEED) BROWSE DEBUG OBJECTEXTEND PRINT(.\Listings\Time
                    -r.lst) TABS(2) OBJECT(.\Objects\Timer.obj)

line level    source

   1          #include <REGX52.h>
   2          
   3          void Timer0_Init(void) // 1毫秒@12.000MHz
   4          {
   5   1      
   6   1          TMOD &= 0xF0; // 设置定时器模式
   7   1          TMOD |= 0x01; // 设置定时器模式
   8   1          TL0 = 0x18;   // 设置定时初始值
   9   1          TH0 = 0xFC;   // 设置定时初始值
  10   1          TF0 = 0;      // 清除TF0标志
  11   1          TR0 = 1;      // 定时器0开始计时
  12   1          ET0 = 1;
  13   1          EA = 1;
  14   1          PT0 = 0;
  15   1      }


MODULE INFORMATION:   STATIC OVERLAYABLE
   CODE SIZE        =     23    ----
   CONSTANT SIZE    =   ----    ----
   XDATA SIZE       =   ----    ----
   PDATA SIZE       =   ----    ----
   DATA SIZE        =   ----    ----
   IDATA SIZE       =   ----    ----
   BIT SIZE         =   ----    ----
END OF MODULE INFORMATION.


C51 COMPILATION COMPLETE.  0 WARNING(S),  0 ERROR(S)
