C51 COMPILER V9.54   UART                                                                  05/22/2023 21:44:39 PAGE 1   


C51 COMPILER V9.54, COMPILATION OF MODULE UART
OBJECT MODULE PLACED IN .\Objects\UART.obj
COMPILER INVOKED BY: D:\keil51\C51\BIN\C51.EXE UART.c OPTIMIZE(8,SPEED) BROWSE DEBUG OBJECTEXTEND PRINT(.\Listings\UART.
                    -lst) TABS(2) OBJECT(.\Objects\UART.obj)

line level    source

   1          
   2          /**
   3           * @FilePath     : /stm32_code/51/UART.c
   4           * @Description  :
   5           * @Author       : isikveren lauxunzi@outlook.com
   6           * @Version      : 0.0.1
   7           * @LastEditors  : isikveren lauxunzi@outlook.com
   8           * @LastEditTime : 2023-05-22 20:22:49
   9           * @Copyright    : G AUTOMOBILE RESEARCH INSTITUTE CO.,LTD Copyright (c) 2023.
  10           **/
  11          
  12          #include <REGX52.h>
  13          
  14          /**
  15           * @brief        : 串口初始化，4800bps@12.000MHz
  16           * @retval       :无
  17           **/
  18          void UART_Init() // 4800bps@12.000MHz
  19          {
  20   1          SCON = 0x50; // Serial Control
  21   1          PCON |= 0x80;
  22   1          TMOD &= 0x0f;
  23   1          TMOD |= 0x20; // 设置定时器模式
  24   1          TL1 = 0xF3;   // 设置定时初始值
  25   1          TH1 = 0xF3;   // 设置定时初始值
  26   1          ET1 = 0;      // 禁止定时器中断
  27   1          TR1 = 1;      // 定时器1开始计时
  28   1          EA = 1;
  29   1          ES = 1;
  30   1      }
  31          
  32          /**
  33           * @brief        : 串口发送一个字节数据
  34           * @param         {unsigned char} Byte:要发送的一个字节数据
  35           * @retval       :无
  36           **/
  37          
  38          void UART_SendByte(unsigned char Byte)
  39          {
  40   1          SBUF = Byte;
  41   1          while (TI == 0) // TI不为0时结束
  42   1              ;
  43   1          TI = 0; // TI复位
  44   1      }


MODULE INFORMATION:   STATIC OVERLAYABLE
   CODE SIZE        =     35    ----
   CONSTANT SIZE    =   ----    ----
   XDATA SIZE       =   ----    ----
   PDATA SIZE       =   ----    ----
   DATA SIZE        =   ----    ----
   IDATA SIZE       =   ----    ----
   BIT SIZE         =   ----    ----
C51 COMPILER V9.54   UART                                                                  05/22/2023 21:44:39 PAGE 2   

END OF MODULE INFORMATION.


C51 COMPILATION COMPLETE.  0 WARNING(S),  0 ERROR(S)
