
demo2.elf:     file format elf32-littleriscv
demo2.elf
architecture: riscv:rv32, flags 0x00000112:
EXEC_P, HAS_SYMS, D_PAGED
start address 0x00000000

Program Header:
    LOAD off    0x00001000 vaddr 0x00000000 paddr 0x00000000 align 2**12
         filesz 0x00000b98 memsz 0x00000b98 flags r-x
    LOAD off    0x00002000 vaddr 0x20000000 paddr 0x00000b98 align 2**12
         filesz 0x00000008 memsz 0x00000010 flags rw-
    LOAD off    0x00002800 vaddr 0x20007800 paddr 0x20007800 align 2**12
         filesz 0x00000000 memsz 0x00000800 flags rw-

Sections:
Idx Name          Size      VMA       LMA       File off  Algn
  0 .init         00000038  00000000  00000000  00001000  2**1
                  CONTENTS, ALLOC, LOAD, READONLY, CODE
  1 .vector       000001c8  00000038  00000038  00001038  2**1
                  CONTENTS, ALLOC, LOAD, READONLY, CODE
  2 .text         00000998  00000200  00000200  00001200  2**1
                  CONTENTS, ALLOC, LOAD, READONLY, CODE
  3 .fini         00000000  00000b98  00000b98  00002008  2**0
                  CONTENTS, ALLOC, LOAD, CODE
  4 .dalign       00000000  20000000  20000000  00002008  2**0
                  CONTENTS
  5 .dlalign      00000000  00000b98  00000b98  00002008  2**0
                  CONTENTS
  6 .data         00000008  20000000  00000b98  00002000  2**2
                  CONTENTS, ALLOC, LOAD, DATA
  7 .bss          00000008  20000008  00000ba0  00002008  2**1
                  ALLOC
  8 .stack        00000800  20007800  20007800  00002800  2**0
                  ALLOC
  9 .debug_info   00009e84  00000000  00000000  00002008  2**0
                  CONTENTS, READONLY, DEBUGGING
 10 .debug_abbrev 00001a10  00000000  00000000  0000be8c  2**0
                  CONTENTS, READONLY, DEBUGGING
 11 .debug_aranges 00000680  00000000  00000000  0000d8a0  2**3
                  CONTENTS, READONLY, DEBUGGING
 12 .debug_ranges 00000650  00000000  00000000  0000df20  2**3
                  CONTENTS, READONLY, DEBUGGING
 13 .debug_line   00007984  00000000  00000000  0000e570  2**0
                  CONTENTS, READONLY, DEBUGGING
 14 .debug_str    00001e91  00000000  00000000  00015ef4  2**0
                  CONTENTS, READONLY, DEBUGGING
 15 .comment      00000033  00000000  00000000  00017d85  2**0
                  CONTENTS, READONLY
 16 .debug_frame  00000d14  00000000  00000000  00017db8  2**2
                  CONTENTS, READONLY, DEBUGGING
 17 .debug_loc    00002ddc  00000000  00000000  00018acc  2**0
                  CONTENTS, READONLY, DEBUGGING
SYMBOL TABLE:
00000000 l    d  .init	00000000 .init
00000038 l    d  .vector	00000000 .vector
00000200 l    d  .text	00000000 .text
00000b98 l    d  .fini	00000000 .fini
20000000 l    d  .dalign	00000000 .dalign
00000b98 l    d  .dlalign	00000000 .dlalign
20000000 l    d  .data	00000000 .data
20000008 l    d  .bss	00000000 .bss
20007800 l    d  .stack	00000000 .stack
00000000 l    d  .debug_info	00000000 .debug_info
00000000 l    d  .debug_abbrev	00000000 .debug_abbrev
00000000 l    d  .debug_aranges	00000000 .debug_aranges
00000000 l    d  .debug_ranges	00000000 .debug_ranges
00000000 l    d  .debug_line	00000000 .debug_line
00000000 l    d  .debug_str	00000000 .debug_str
00000000 l    d  .comment	00000000 .comment
00000000 l    d  .debug_frame	00000000 .debug_frame
00000000 l    d  .debug_loc	00000000 .debug_loc
00000000 l    df *ABS*	00000000 ./Startup/startup_ch32v30x_D8C.o
00000038 l       .vector	00000000 _vector_base
00000000 l    df *ABS*	00000000 LED.c
00000000 l    df *ABS*	00000000 PWM.c
00000000 l    df *ABS*	00000000 ch32v30x_it.c
00000000 l    df *ABS*	00000000 main.c
00000000 l    df *ABS*	00000000 system_ch32v30x.c
00000000 l    df *ABS*	00000000 ch32v30x_gpio.c
00000000 l    df *ABS*	00000000 ch32v30x_rcc.c
00000000 l    df *ABS*	00000000 ch32v30x_tim.c
00000000 l    df *ABS*	00000000 debug.c
2000000a l     O .bss	00000002 p_ms
2000000c l     O .bss	00000001 p_us
00000596  w      .text	00000000 EXTI2_IRQHandler
000005e0  w      .text	00000000 TIM8_TRG_COM_IRQHandler
000005e2  w      .text	00000000 TIM8_CC_IRQHandler
00000b2a g     F .text	00000004 TIM_SetCompare2
00000618  w      .text	00000000 UART8_IRQHandler
20000800 g       .data	00000000 __global_pointer$
00000208 g     F .text	00000028 .hidden __riscv_save_8
000005bc  w      .text	00000000 TIM1_CC_IRQHandler
00000364 g     F .text	00000002 HardFault_Handler
00000254 g     F .text	0000000c .hidden __riscv_restore_3
000005f2  w      .text	00000000 TIM6_IRQHandler
00000582  w      .text	00000000 SysTick_Handler
00000588  w      .text	00000000 PVD_IRQHandler
000005e8  w      .text	00000000 SDIO_IRQHandler
0000061a  w      .text	00000000 TIM9_BRK_IRQHandler
00000240 g     F .text	00000020 .hidden __riscv_restore_10
0000062e  w      .text	00000000 DMA2_Channel8_IRQHandler
00000360 g     F .text	00000004 NMI_Handler
00000608  w      .text	00000000 CAN2_RX1_IRQHandler
00000598  w      .text	00000000 EXTI3_IRQHandler
00000208 g     F .text	00000028 .hidden __riscv_save_11
00000610  w      .text	00000000 USBHS_IRQHandler
00000630  w      .text	00000000 DMA2_Channel9_IRQHandler
00000628  w      .text	00000000 TIM10_CC_IRQHandler
20000008 g       .bss	00000000 _sbss
00000800 g       *ABS*	00000000 __stack_size
00000290 g     F .text	00000090 PWM_Init
00000254 g     F .text	0000000c .hidden __riscv_restore_2
00000592  w      .text	00000000 EXTI0_IRQHandler
000005c8  w      .text	00000000 I2C2_EV_IRQHandler
00000626  w      .text	00000000 TIM10_TRG_COM_IRQHandler
00000afe g     F .text	00000018 TIM_Cmd
20000000 g     O .data	00000004 SystemCoreClock
00000038 g       .init	00000000 _einit
00000792 g     F .text	0000001e RCC_APB2PeriphClockCmd
00000200 g     F .text	00000030 .hidden __riscv_save_12
0000060a  w      .text	00000000 CAN2_SCE_IRQHandler
000005aa  w      .text	00000000 ADC1_2_IRQHandler
000006c0 g     F .text	000000c0 GPIO_Init
00000580  w      .text	00000000 Break_Point_Handler
00000240 g     F .text	00000020 .hidden __riscv_restore_11
000005cc  w      .text	00000000 SPI1_IRQHandler
0000058a  w      .text	00000000 TAMPER_IRQHandler
00000230 g     F .text	0000000c .hidden __riscv_save_1
00000260 g     F .text	00000030 LED_Init
00000330 g     F .text	00000010 PWM_SetCompare2
00000254 g     F .text	0000000c .hidden __riscv_restore_0
000009a8 g     F .text	000000ac TIM_OC3Init
00000216 g     F .text	0000001a .hidden __riscv_save_7
00000606  w      .text	00000000 CAN2_RX0_IRQHandler
000005de  w      .text	00000000 TIM8_UP_IRQHandler
000007b0 g     F .text	0000001e RCC_APB1PeriphClockCmd
0000057c  w      .text	00000000 Ecall_M_Mode_Handler
20007800 g       .stack	00000000 _heap_end
0000024a g     F .text	00000016 .hidden __riscv_restore_5
000005f8  w      .text	00000000 DMA2_Channel2_IRQHandler
000005a2  w      .text	00000000 DMA1_Channel4_IRQHandler
0000061c  w      .text	00000000 TIM9_UP_IRQHandler
0000024a g     F .text	00000016 .hidden __riscv_restore_6
000005d4  w      .text	00000000 USART3_IRQHandler
0000058c  w      .text	00000000 RTC_IRQHandler
20000010 g       .bss	00000000 _ebss
000005a8  w      .text	00000000 DMA1_Channel7_IRQHandler
00000878 g     F .text	00000082 TIM_OC1Init
000005b0  w      .text	00000000 CAN1_RX1_IRQHandler
00000b38 g     F .text	0000002a Delay_Init
00000612  w      .text	00000000 DVP_IRQHandler
000005f0  w      .text	00000000 UART5_IRQHandler
0000078a g     F .text	00000004 GPIO_SetBits
000005c2  w      .text	00000000 TIM4_IRQHandler
00000208 g     F .text	00000028 .hidden __riscv_save_9
000005f6  w      .text	00000000 DMA2_Channel1_IRQHandler
00000216 g     F .text	0000001a .hidden __riscv_save_4
000005c4  w      .text	00000000 I2C1_EV_IRQHandler
000005a6  w      .text	00000000 DMA1_Channel6_IRQHandler
000005ee  w      .text	00000000 UART4_IRQHandler
000005fc  w      .text	00000000 DMA2_Channel4_IRQHandler
000005c0  w      .text	00000000 TIM3_IRQHandler
00000590  w      .text	00000000 RCC_IRQHandler
00000230 g     F .text	0000000c .hidden __riscv_save_3
000005ba  w      .text	00000000 TIM1_TRG_COM_IRQHandler
0000059c  w      .text	00000000 DMA1_Channel1_IRQHandler
00000350 g     F .text	00000010 PWM_SetCompare4
00000000 g       .init	00000000 _start
0000062c  w      .text	00000000 DMA2_Channel7_IRQHandler
000003ae g     F .text	0000002c KEY_Init
000005d6  w      .text	00000000 EXTI15_10_IRQHandler
000008fa g     F .text	000000ae TIM_OC2Init
0000078e g     F .text	00000004 GPIO_ResetBits
000005f4  w      .text	00000000 TIM7_IRQHandler
00000340 g     F .text	00000010 PWM_SetCompare3
00000604  w      .text	00000000 CAN2_TX_IRQHandler
20000000 g       .dalign	00000000 _data_vma
000005ea  w      .text	00000000 TIM5_IRQHandler
00000b2e g     F .text	00000004 TIM_SetCompare3
00000a54 g     F .text	00000088 TIM_OC4Init
000005b4  w      .text	00000000 EXTI9_5_IRQHandler
00000208 g     F .text	00000028 .hidden __riscv_save_10
00000602  w      .text	00000000 ETH_WKUP_IRQHandler
0000024a g     F .text	00000016 .hidden __riscv_restore_4
00000240 g     F .text	00000020 .hidden __riscv_restore_8
00000216 g     F .text	0000001a .hidden __riscv_save_6
000005ce  w      .text	00000000 SPI2_IRQHandler
00000240 g     F .text	00000020 .hidden __riscv_restore_9
0000024a g     F .text	00000016 .hidden __riscv_restore_7
0000040c g     F .text	00000072 main
00000622  w      .text	00000000 TIM10_BRK_IRQHandler
00000620  w      .text	00000000 TIM9_CC_IRQHandler
000005fe  w      .text	00000000 DMA2_Channel5_IRQHandler
00000b16 g     F .text	00000010 TIM_InternalClockConfig
000003da g     F .text	00000032 key
000005a4  w      .text	00000000 DMA1_Channel5_IRQHandler
0000059a  w      .text	00000000 EXTI4_IRQHandler
00000b62 g     F .text	00000036 Delay_Ms
000005ae  w      .text	00000000 USB_LP_CAN1_RX0_IRQHandler
00000b32 g     F .text	00000006 TIM_SetCompare4
20000008 g     O .bss	00000001 Keynum
0000047e g     F .text	000000fa SystemInit
000005e4  w      .text	00000000 RNG_IRQHandler
000005ac  w      .text	00000000 USB_HP_CAN1_TX_IRQHandler
00000000 g       .init	00000000 _sinit
000005a0  w      .text	00000000 DMA1_Channel3_IRQHandler
000005e6  w      .text	00000000 FSMC_IRQHandler
00000600  w      .text	00000000 ETH_IRQHandler
000005b8  w      .text	00000000 TIM1_UP_IRQHandler
20000009 g     O .bss	00000001 sw
00000586  w      .text	00000000 WWDG_IRQHandler
00000320 g     F .text	00000010 PWM_SetCompare1
0000060e  w      .text	00000000 USBHSWakeup_IRQHandler
00000634  w      .text	00000000 DMA2_Channel11_IRQHandler
0000057e  w      .text	00000000 Ecall_U_Mode_Handler
0000062a  w      .text	00000000 DMA2_Channel6_IRQHandler
000005be  w      .text	00000000 TIM2_IRQHandler
20008000 g       .stack	00000000 _eusrstack
00000230 g     F .text	0000000c .hidden __riscv_save_2
00000584  w      .text	00000000 SW_Handler
00000adc g     F .text	00000022 TIM_OCStructInit
000005b6  w      .text	00000000 TIM1_BRK_IRQHandler
00000632  w      .text	00000000 DMA2_Channel10_IRQHandler
00000594  w      .text	00000000 EXTI1_IRQHandler
00000216 g     F .text	0000001a .hidden __riscv_save_5
20000008 g       .data	00000000 _edata
20000010 g       .bss	00000000 _end
000007ce g     F .text	000000aa TIM_TimeBaseInit
000005d8  w      .text	00000000 RTCAlarm_IRQHandler
00000b98 g       .dlalign	00000000 _data_lma
00000624  w      .text	00000000 TIM10_UP_IRQHandler
0000061e  w      .text	00000000 TIM9_TRG_COM_IRQHandler
00000616  w      .text	00000000 UART7_IRQHandler
000005d2  w      .text	00000000 USART2_IRQHandler
00000614  w      .text	00000000 UART6_IRQHandler
00000366 g     F .text	00000048 set_speed
000005ca  w      .text	00000000 I2C2_ER_IRQHandler
0000059e  w      .text	00000000 DMA1_Channel2_IRQHandler
0000023c g     F .text	00000024 .hidden __riscv_restore_12
000005dc  w      .text	00000000 TIM8_BRK_IRQHandler
00000636  w      .text	00000000 handle_reset
000005b2  w      .text	00000000 CAN1_SCE_IRQHandler
0000058e  w      .text	00000000 FLASH_IRQHandler
00000230 g     F .text	0000000c .hidden __riscv_save_0
000005d0  w      .text	00000000 USART1_IRQHandler
0000060c  w      .text	00000000 OTG_FS_IRQHandler
000005ec  w      .text	00000000 SPI3_IRQHandler
000005c6  w      .text	00000000 I2C1_ER_IRQHandler
00000254 g     F .text	0000000c .hidden __riscv_restore_1
00000b26 g     F .text	00000004 TIM_SetCompare1
00000780 g     F .text	0000000a GPIO_ReadInputDataBit
000005da  w      .text	00000000 USBWakeUp_IRQHandler
000005fa  w      .text	00000000 DMA2_Channel3_IRQHandler



Disassembly of section .init:

00000000 <_sinit>:
   0:	6360006f          	j	636 <handle_reset>
   4:	00000013          	nop
   8:	00000013          	nop
   c:	00000013          	nop
  10:	00000013          	nop
  14:	00000013          	nop
  18:	00000013          	nop
  1c:	00000013          	nop
  20:	00000013          	nop
  24:	00000013          	nop
  28:	00000013          	nop
  2c:	00000013          	nop
  30:	00000013          	nop
  34:	00100073          	ebreak

Disassembly of section .vector:

00000038 <_vector_base>:
	...
  40:	0360                	addi	s0,sp,396
  42:	0000                	unimp
  44:	0364                	addi	s1,sp,396
  46:	0000                	unimp
  48:	0000                	unimp
  4a:	0000                	unimp
  4c:	057c                	addi	a5,sp,652
	...
  56:	0000                	unimp
  58:	057e                	slli	a0,a0,0x1f
  5a:	0000                	unimp
  5c:	0580                	addi	s0,sp,704
	...
  66:	0000                	unimp
  68:	0582                	c.slli64	a1
  6a:	0000                	unimp
  6c:	0000                	unimp
  6e:	0000                	unimp
  70:	0584                	addi	s1,sp,704
  72:	0000                	unimp
  74:	0000                	unimp
  76:	0000                	unimp
  78:	0586                	slli	a1,a1,0x1
  7a:	0000                	unimp
  7c:	0588                	addi	a0,sp,704
  7e:	0000                	unimp
  80:	058a                	slli	a1,a1,0x2
  82:	0000                	unimp
  84:	058c                	addi	a1,sp,704
  86:	0000                	unimp
  88:	058e                	slli	a1,a1,0x3
  8a:	0000                	unimp
  8c:	0590                	addi	a2,sp,704
  8e:	0000                	unimp
  90:	0592                	slli	a1,a1,0x4
  92:	0000                	unimp
  94:	0594                	addi	a3,sp,704
  96:	0000                	unimp
  98:	0596                	slli	a1,a1,0x5
  9a:	0000                	unimp
  9c:	0598                	addi	a4,sp,704
  9e:	0000                	unimp
  a0:	059a                	slli	a1,a1,0x6
  a2:	0000                	unimp
  a4:	059c                	addi	a5,sp,704
  a6:	0000                	unimp
  a8:	059e                	slli	a1,a1,0x7
  aa:	0000                	unimp
  ac:	05a0                	addi	s0,sp,712
  ae:	0000                	unimp
  b0:	05a2                	slli	a1,a1,0x8
  b2:	0000                	unimp
  b4:	05a4                	addi	s1,sp,712
  b6:	0000                	unimp
  b8:	05a6                	slli	a1,a1,0x9
  ba:	0000                	unimp
  bc:	05a8                	addi	a0,sp,712
  be:	0000                	unimp
  c0:	05aa                	slli	a1,a1,0xa
  c2:	0000                	unimp
  c4:	05ac                	addi	a1,sp,712
  c6:	0000                	unimp
  c8:	05ae                	slli	a1,a1,0xb
  ca:	0000                	unimp
  cc:	05b0                	addi	a2,sp,712
  ce:	0000                	unimp
  d0:	05b2                	slli	a1,a1,0xc
  d2:	0000                	unimp
  d4:	05b4                	addi	a3,sp,712
  d6:	0000                	unimp
  d8:	05b6                	slli	a1,a1,0xd
  da:	0000                	unimp
  dc:	05b8                	addi	a4,sp,712
  de:	0000                	unimp
  e0:	05ba                	slli	a1,a1,0xe
  e2:	0000                	unimp
  e4:	05bc                	addi	a5,sp,712
  e6:	0000                	unimp
  e8:	05be                	slli	a1,a1,0xf
  ea:	0000                	unimp
  ec:	05c0                	addi	s0,sp,708
  ee:	0000                	unimp
  f0:	05c2                	slli	a1,a1,0x10
  f2:	0000                	unimp
  f4:	05c4                	addi	s1,sp,708
  f6:	0000                	unimp
  f8:	05c6                	slli	a1,a1,0x11
  fa:	0000                	unimp
  fc:	05c8                	addi	a0,sp,708
  fe:	0000                	unimp
 100:	05ca                	slli	a1,a1,0x12
 102:	0000                	unimp
 104:	05cc                	addi	a1,sp,708
 106:	0000                	unimp
 108:	05ce                	slli	a1,a1,0x13
 10a:	0000                	unimp
 10c:	05d0                	addi	a2,sp,708
 10e:	0000                	unimp
 110:	05d2                	slli	a1,a1,0x14
 112:	0000                	unimp
 114:	05d4                	addi	a3,sp,708
 116:	0000                	unimp
 118:	05d6                	slli	a1,a1,0x15
 11a:	0000                	unimp
 11c:	05d8                	addi	a4,sp,708
 11e:	0000                	unimp
 120:	05da                	slli	a1,a1,0x16
 122:	0000                	unimp
 124:	05dc                	addi	a5,sp,708
 126:	0000                	unimp
 128:	05de                	slli	a1,a1,0x17
 12a:	0000                	unimp
 12c:	05e0                	addi	s0,sp,716
 12e:	0000                	unimp
 130:	05e2                	slli	a1,a1,0x18
 132:	0000                	unimp
 134:	05e4                	addi	s1,sp,716
 136:	0000                	unimp
 138:	05e6                	slli	a1,a1,0x19
 13a:	0000                	unimp
 13c:	05e8                	addi	a0,sp,716
 13e:	0000                	unimp
 140:	05ea                	slli	a1,a1,0x1a
 142:	0000                	unimp
 144:	05ec                	addi	a1,sp,716
 146:	0000                	unimp
 148:	05ee                	slli	a1,a1,0x1b
 14a:	0000                	unimp
 14c:	05f0                	addi	a2,sp,716
 14e:	0000                	unimp
 150:	05f2                	slli	a1,a1,0x1c
 152:	0000                	unimp
 154:	05f4                	addi	a3,sp,716
 156:	0000                	unimp
 158:	05f6                	slli	a1,a1,0x1d
 15a:	0000                	unimp
 15c:	05f8                	addi	a4,sp,716
 15e:	0000                	unimp
 160:	05fa                	slli	a1,a1,0x1e
 162:	0000                	unimp
 164:	05fc                	addi	a5,sp,716
 166:	0000                	unimp
 168:	05fe                	slli	a1,a1,0x1f
 16a:	0000                	unimp
 16c:	0600                	addi	s0,sp,768
 16e:	0000                	unimp
 170:	0602                	c.slli64	a2
 172:	0000                	unimp
 174:	0604                	addi	s1,sp,768
 176:	0000                	unimp
 178:	0606                	slli	a2,a2,0x1
 17a:	0000                	unimp
 17c:	0608                	addi	a0,sp,768
 17e:	0000                	unimp
 180:	060a                	slli	a2,a2,0x2
 182:	0000                	unimp
 184:	060c                	addi	a1,sp,768
 186:	0000                	unimp
 188:	060e                	slli	a2,a2,0x3
 18a:	0000                	unimp
 18c:	0610                	addi	a2,sp,768
 18e:	0000                	unimp
 190:	0612                	slli	a2,a2,0x4
 192:	0000                	unimp
 194:	0614                	addi	a3,sp,768
 196:	0000                	unimp
 198:	0616                	slli	a2,a2,0x5
 19a:	0000                	unimp
 19c:	0618                	addi	a4,sp,768
 19e:	0000                	unimp
 1a0:	061a                	slli	a2,a2,0x6
 1a2:	0000                	unimp
 1a4:	061c                	addi	a5,sp,768
 1a6:	0000                	unimp
 1a8:	061e                	slli	a2,a2,0x7
 1aa:	0000                	unimp
 1ac:	0620                	addi	s0,sp,776
 1ae:	0000                	unimp
 1b0:	0622                	slli	a2,a2,0x8
 1b2:	0000                	unimp
 1b4:	0624                	addi	s1,sp,776
 1b6:	0000                	unimp
 1b8:	0626                	slli	a2,a2,0x9
 1ba:	0000                	unimp
 1bc:	0628                	addi	a0,sp,776
 1be:	0000                	unimp
 1c0:	062a                	slli	a2,a2,0xa
 1c2:	0000                	unimp
 1c4:	062c                	addi	a1,sp,776
 1c6:	0000                	unimp
 1c8:	062e                	slli	a2,a2,0xb
 1ca:	0000                	unimp
 1cc:	0630                	addi	a2,sp,776
 1ce:	0000                	unimp
 1d0:	0632                	slli	a2,a2,0xc
 1d2:	0000                	unimp
 1d4:	0634                	addi	a3,sp,776
	...

Disassembly of section .text:

00000200 <__riscv_save_12>:
 200:	7139                	addi	sp,sp,-64
 202:	4301                	li	t1,0
 204:	c66e                	sw	s11,12(sp)
 206:	a019                	j	20c <__riscv_save_10+0x4>

00000208 <__riscv_save_10>:
 208:	7139                	addi	sp,sp,-64
 20a:	5341                	li	t1,-16
 20c:	c86a                	sw	s10,16(sp)
 20e:	ca66                	sw	s9,20(sp)
 210:	cc62                	sw	s8,24(sp)
 212:	ce5e                	sw	s7,28(sp)
 214:	a019                	j	21a <__riscv_save_4+0x4>

00000216 <__riscv_save_4>:
 216:	7139                	addi	sp,sp,-64
 218:	5301                	li	t1,-32
 21a:	d05a                	sw	s6,32(sp)
 21c:	d256                	sw	s5,36(sp)
 21e:	d452                	sw	s4,40(sp)
 220:	d64e                	sw	s3,44(sp)
 222:	d84a                	sw	s2,48(sp)
 224:	da26                	sw	s1,52(sp)
 226:	dc22                	sw	s0,56(sp)
 228:	de06                	sw	ra,60(sp)
 22a:	40610133          	sub	sp,sp,t1
 22e:	8282                	jr	t0

00000230 <__riscv_save_0>:
 230:	1141                	addi	sp,sp,-16
 232:	c04a                	sw	s2,0(sp)
 234:	c226                	sw	s1,4(sp)
 236:	c422                	sw	s0,8(sp)
 238:	c606                	sw	ra,12(sp)
 23a:	8282                	jr	t0

0000023c <__riscv_restore_12>:
 23c:	4db2                	lw	s11,12(sp)
 23e:	0141                	addi	sp,sp,16

00000240 <__riscv_restore_10>:
 240:	4d02                	lw	s10,0(sp)
 242:	4c92                	lw	s9,4(sp)
 244:	4c22                	lw	s8,8(sp)
 246:	4bb2                	lw	s7,12(sp)
 248:	0141                	addi	sp,sp,16

0000024a <__riscv_restore_4>:
 24a:	4b02                	lw	s6,0(sp)
 24c:	4a92                	lw	s5,4(sp)
 24e:	4a22                	lw	s4,8(sp)
 250:	49b2                	lw	s3,12(sp)
 252:	0141                	addi	sp,sp,16

00000254 <__riscv_restore_0>:
 254:	4902                	lw	s2,0(sp)
 256:	4492                	lw	s1,4(sp)
 258:	4422                	lw	s0,8(sp)
 25a:	40b2                	lw	ra,12(sp)
 25c:	0141                	addi	sp,sp,16
 25e:	8082                	ret

00000260 <LED_Init>:
 260:	fd1ff2ef          	jal	t0,230 <__riscv_save_0>
 264:	1141                	addi	sp,sp,-16
 266:	4585                	li	a1,1
 268:	4511                	li	a0,4
 26a:	2325                	jal	792 <RCC_APB2PeriphClockCmd>
 26c:	47c1                	li	a5,16
 26e:	40011437          	lui	s0,0x40011
 272:	827c                	sh	a5,4(sp)
 274:	47c1                	li	a5,16
 276:	c63e                	sw	a5,12(sp)
 278:	004c                	addi	a1,sp,4
 27a:	478d                	li	a5,3
 27c:	80040513          	addi	a0,s0,-2048 # 40010800 <_eusrstack+0x20008800>
 280:	c43e                	sw	a5,8(sp)
 282:	293d                	jal	6c0 <GPIO_Init>
 284:	45c1                	li	a1,16
 286:	80040513          	addi	a0,s0,-2048
 28a:	2301                	jal	78a <GPIO_SetBits>
 28c:	0141                	addi	sp,sp,16
 28e:	b7d9                	j	254 <__riscv_restore_0>

00000290 <PWM_Init>:
 290:	fa1ff2ef          	jal	t0,230 <__riscv_save_0>
 294:	7179                	addi	sp,sp,-48
 296:	4585                	li	a1,1
 298:	4505                	li	a0,1
 29a:	2b19                	jal	7b0 <RCC_APB1PeriphClockCmd>
 29c:	4585                	li	a1,1
 29e:	4511                	li	a0,4
 2a0:	29cd                	jal	792 <RCC_APB2PeriphClockCmd>
 2a2:	47e1                	li	a5,24
 2a4:	ce3e                	sw	a5,28(sp)
 2a6:	40011537          	lui	a0,0x40011
 2aa:	47bd                	li	a5,15
 2ac:	084c                	addi	a1,sp,20
 2ae:	82fc                	sh	a5,20(sp)
 2b0:	80050513          	addi	a0,a0,-2048 # 40010800 <_eusrstack+0x20008800>
 2b4:	478d                	li	a5,3
 2b6:	cc3e                	sw	a5,24(sp)
 2b8:	2121                	jal	6c0 <GPIO_Init>
 2ba:	40000537          	lui	a0,0x40000
 2be:	059000ef          	jal	ra,b16 <TIM_InternalClockConfig>
 2c2:	08f00793          	li	a5,143
 2c6:	002c                	addi	a1,sp,8
 2c8:	c43e                	sw	a5,8(sp)
 2ca:	40000537          	lui	a0,0x40000
 2ce:	06300793          	li	a5,99
 2d2:	c63e                	sw	a5,12(sp)
 2d4:	00010823          	sb	zero,16(sp)
 2d8:	29dd                	jal	7ce <TIM_TimeBaseInit>
 2da:	1008                	addi	a0,sp,32
 2dc:	001000ef          	jal	ra,adc <TIM_OCStructInit>
 2e0:	67c1                	lui	a5,0x10
 2e2:	06078793          	addi	a5,a5,96 # 10060 <_data_lma+0xf4c8>
 2e6:	100c                	addi	a1,sp,32
 2e8:	40000537          	lui	a0,0x40000
 2ec:	d03e                	sw	a5,32(sp)
 2ee:	02011423          	sh	zero,40(sp)
 2f2:	02011323          	sh	zero,38(sp)
 2f6:	75e000ef          	jal	ra,a54 <TIM_OC4Init>
 2fa:	100c                	addi	a1,sp,32
 2fc:	40000537          	lui	a0,0x40000
 300:	2ba5                	jal	878 <TIM_OC1Init>
 302:	100c                	addi	a1,sp,32
 304:	40000537          	lui	a0,0x40000
 308:	2bcd                	jal	8fa <TIM_OC2Init>
 30a:	100c                	addi	a1,sp,32
 30c:	40000537          	lui	a0,0x40000
 310:	2d61                	jal	9a8 <TIM_OC3Init>
 312:	4585                	li	a1,1
 314:	40000537          	lui	a0,0x40000
 318:	7e6000ef          	jal	ra,afe <TIM_Cmd>
 31c:	6145                	addi	sp,sp,48
 31e:	bf1d                	j	254 <__riscv_restore_0>

00000320 <PWM_SetCompare1>:
 320:	f11ff2ef          	jal	t0,230 <__riscv_save_0>
 324:	85aa                	mv	a1,a0
 326:	40000537          	lui	a0,0x40000
 32a:	7fc000ef          	jal	ra,b26 <TIM_SetCompare1>
 32e:	b71d                	j	254 <__riscv_restore_0>

00000330 <PWM_SetCompare2>:
 330:	f01ff2ef          	jal	t0,230 <__riscv_save_0>
 334:	85aa                	mv	a1,a0
 336:	40000537          	lui	a0,0x40000
 33a:	7f0000ef          	jal	ra,b2a <TIM_SetCompare2>
 33e:	bf19                	j	254 <__riscv_restore_0>

00000340 <PWM_SetCompare3>:
 340:	ef1ff2ef          	jal	t0,230 <__riscv_save_0>
 344:	85aa                	mv	a1,a0
 346:	40000537          	lui	a0,0x40000
 34a:	7e4000ef          	jal	ra,b2e <TIM_SetCompare3>
 34e:	b719                	j	254 <__riscv_restore_0>

00000350 <PWM_SetCompare4>:
 350:	ee1ff2ef          	jal	t0,230 <__riscv_save_0>
 354:	85aa                	mv	a1,a0
 356:	40000537          	lui	a0,0x40000
 35a:	7d8000ef          	jal	ra,b32 <TIM_SetCompare4>
 35e:	bddd                	j	254 <__riscv_restore_0>

00000360 <NMI_Handler>:
 360:	30200073          	mret

00000364 <HardFault_Handler>:
 364:	a001                	j	364 <HardFault_Handler>

00000366 <set_speed>:
 366:	ecbff2ef          	jal	t0,230 <__riscv_save_0>
 36a:	01051413          	slli	s0,a0,0x10
 36e:	84ae                	mv	s1,a1
 370:	8041                	srli	s0,s0,0x10
 372:	02054063          	bltz	a0,392 <set_speed+0x2c>
 376:	8522                	mv	a0,s0
 378:	3765                	jal	320 <PWM_SetCompare1>
 37a:	4501                	li	a0,0
 37c:	01049413          	slli	s0,s1,0x10
 380:	37c1                	jal	340 <PWM_SetCompare3>
 382:	8041                	srli	s0,s0,0x10
 384:	0004ce63          	bltz	s1,3a0 <set_speed+0x3a>
 388:	8522                	mv	a0,s0
 38a:	375d                	jal	330 <PWM_SetCompare2>
 38c:	4501                	li	a0,0
 38e:	37c9                	jal	350 <PWM_SetCompare4>
 390:	b5d1                	j	254 <__riscv_restore_0>
 392:	4501                	li	a0,0
 394:	3771                	jal	320 <PWM_SetCompare1>
 396:	40800533          	neg	a0,s0
 39a:	0542                	slli	a0,a0,0x10
 39c:	8141                	srli	a0,a0,0x10
 39e:	bff9                	j	37c <set_speed+0x16>
 3a0:	4501                	li	a0,0
 3a2:	3779                	jal	330 <PWM_SetCompare2>
 3a4:	40800533          	neg	a0,s0
 3a8:	0542                	slli	a0,a0,0x10
 3aa:	8141                	srli	a0,a0,0x10
 3ac:	b7cd                	j	38e <set_speed+0x28>

000003ae <KEY_Init>:
 3ae:	e83ff2ef          	jal	t0,230 <__riscv_save_0>
 3b2:	1141                	addi	sp,sp,-16
 3b4:	4585                	li	a1,1
 3b6:	4511                	li	a0,4
 3b8:	2ee9                	jal	792 <RCC_APB2PeriphClockCmd>
 3ba:	02000793          	li	a5,32
 3be:	827c                	sh	a5,4(sp)
 3c0:	40011537          	lui	a0,0x40011
 3c4:	04800793          	li	a5,72
 3c8:	c63e                	sw	a5,12(sp)
 3ca:	004c                	addi	a1,sp,4
 3cc:	478d                	li	a5,3
 3ce:	80050513          	addi	a0,a0,-2048 # 40010800 <_eusrstack+0x20008800>
 3d2:	c43e                	sw	a5,8(sp)
 3d4:	24f5                	jal	6c0 <GPIO_Init>
 3d6:	0141                	addi	sp,sp,16
 3d8:	bdb5                	j	254 <__riscv_restore_0>

000003da <key>:
 3da:	e57ff2ef          	jal	t0,230 <__riscv_save_0>
 3de:	40011437          	lui	s0,0x40011
 3e2:	02000593          	li	a1,32
 3e6:	80040513          	addi	a0,s0,-2048 # 40010800 <_eusrstack+0x20008800>
 3ea:	2e59                	jal	780 <GPIO_ReadInputDataBit>
 3ec:	4781                	li	a5,0
 3ee:	ed09                	bnez	a0,408 <key+0x2e>
 3f0:	4551                	li	a0,20
 3f2:	2f85                	jal	b62 <Delay_Ms>
 3f4:	80040413          	addi	s0,s0,-2048
 3f8:	02000593          	li	a1,32
 3fc:	8522                	mv	a0,s0
 3fe:	2649                	jal	780 <GPIO_ReadInputDataBit>
 400:	dd65                	beqz	a0,3f8 <key+0x1e>
 402:	4551                	li	a0,20
 404:	2fb9                	jal	b62 <Delay_Ms>
 406:	4785                	li	a5,1
 408:	853e                	mv	a0,a5
 40a:	b5a9                	j	254 <__riscv_restore_0>

0000040c <main>:
 40c:	e0bff2ef          	jal	t0,216 <__riscv_save_4>
 410:	40011437          	lui	s0,0x40011
 414:	6905                	lui	s2,0x1
 416:	35a9                	jal	260 <LED_Init>
 418:	2705                	jal	b38 <Delay_Init>
 41a:	4985                	li	s3,1
 41c:	3d95                	jal	290 <PWM_Init>
 41e:	3f41                	jal	3ae <KEY_Init>
 420:	80040413          	addi	s0,s0,-2048 # 40010800 <_eusrstack+0x20008800>
 424:	bb890913          	addi	s2,s2,-1096 # bb8 <_data_lma+0x20>
 428:	3f4d                	jal	3da <key>
 42a:	80a18423          	sb	a0,-2040(gp) # 20000008 <_edata>
 42e:	80918493          	addi	s1,gp,-2039 # 20000009 <sw>
 432:	01351763          	bne	a0,s3,440 <main+0x34>
 436:	209c                	lbu	a5,0(s1)
 438:	17fd                	addi	a5,a5,-1
 43a:	00f037b3          	snez	a5,a5
 43e:	a09c                	sb	a5,0(s1)
 440:	209c                	lbu	a5,0(s1)
 442:	03379763          	bne	a5,s3,470 <main+0x64>
 446:	45c1                	li	a1,16
 448:	8522                	mv	a0,s0
 44a:	2691                	jal	78e <GPIO_ResetBits>
 44c:	06400593          	li	a1,100
 450:	06400513          	li	a0,100
 454:	3f09                	jal	366 <set_speed>
 456:	3e800513          	li	a0,1000
 45a:	2721                	jal	b62 <Delay_Ms>
 45c:	f9c00593          	li	a1,-100
 460:	06400513          	li	a0,100
 464:	3709                	jal	366 <set_speed>
 466:	854a                	mv	a0,s2
 468:	2ded                	jal	b62 <Delay_Ms>
 46a:	00048023          	sb	zero,0(s1)
 46e:	bf6d                	j	428 <main+0x1c>
 470:	4581                	li	a1,0
 472:	4501                	li	a0,0
 474:	3dcd                	jal	366 <set_speed>
 476:	45c1                	li	a1,16
 478:	8522                	mv	a0,s0
 47a:	2e01                	jal	78a <GPIO_SetBits>
 47c:	b775                	j	428 <main+0x1c>

0000047e <SystemInit>:
 47e:	400217b7          	lui	a5,0x40021
 482:	4398                	lw	a4,0(a5)
 484:	f8ff06b7          	lui	a3,0xf8ff0
 488:	1141                	addi	sp,sp,-16
 48a:	00176713          	ori	a4,a4,1
 48e:	c398                	sw	a4,0(a5)
 490:	43d8                	lw	a4,4(a5)
 492:	00020637          	lui	a2,0x20
 496:	8f75                	and	a4,a4,a3
 498:	c3d8                	sw	a4,4(a5)
 49a:	4398                	lw	a4,0(a5)
 49c:	fef706b7          	lui	a3,0xfef70
 4a0:	16fd                	addi	a3,a3,-1
 4a2:	8f75                	and	a4,a4,a3
 4a4:	c398                	sw	a4,0(a5)
 4a6:	4398                	lw	a4,0(a5)
 4a8:	fffc06b7          	lui	a3,0xfffc0
 4ac:	16fd                	addi	a3,a3,-1
 4ae:	8f75                	and	a4,a4,a3
 4b0:	c398                	sw	a4,0(a5)
 4b2:	43d8                	lw	a4,4(a5)
 4b4:	ff8106b7          	lui	a3,0xff810
 4b8:	16fd                	addi	a3,a3,-1
 4ba:	8f75                	and	a4,a4,a3
 4bc:	c3d8                	sw	a4,4(a5)
 4be:	4398                	lw	a4,0(a5)
 4c0:	ec0006b7          	lui	a3,0xec000
 4c4:	16fd                	addi	a3,a3,-1
 4c6:	8f75                	and	a4,a4,a3
 4c8:	c398                	sw	a4,0(a5)
 4ca:	00ff0737          	lui	a4,0xff0
 4ce:	c798                	sw	a4,8(a5)
 4d0:	0207a623          	sw	zero,44(a5) # 4002102c <_eusrstack+0x2001902c>
 4d4:	c402                	sw	zero,8(sp)
 4d6:	c602                	sw	zero,12(sp)
 4d8:	4398                	lw	a4,0(a5)
 4da:	66c1                	lui	a3,0x10
 4dc:	8f55                	or	a4,a4,a3
 4de:	c398                	sw	a4,0(a5)
 4e0:	400216b7          	lui	a3,0x40021
 4e4:	6705                	lui	a4,0x1
 4e6:	429c                	lw	a5,0(a3)
 4e8:	8ff1                	and	a5,a5,a2
 4ea:	c63e                	sw	a5,12(sp)
 4ec:	47a2                	lw	a5,8(sp)
 4ee:	0785                	addi	a5,a5,1
 4f0:	c43e                	sw	a5,8(sp)
 4f2:	47b2                	lw	a5,12(sp)
 4f4:	e781                	bnez	a5,4fc <SystemInit+0x7e>
 4f6:	47a2                	lw	a5,8(sp)
 4f8:	fee797e3          	bne	a5,a4,4e6 <SystemInit+0x68>
 4fc:	400217b7          	lui	a5,0x40021
 500:	439c                	lw	a5,0(a5)
 502:	00e79713          	slli	a4,a5,0xe
 506:	06075763          	bgez	a4,574 <SystemInit+0xf6>
 50a:	4785                	li	a5,1
 50c:	c63e                	sw	a5,12(sp)
 50e:	4732                	lw	a4,12(sp)
 510:	4785                	li	a5,1
 512:	04f71f63          	bne	a4,a5,570 <SystemInit+0xf2>
 516:	400217b7          	lui	a5,0x40021
 51a:	43d8                	lw	a4,4(a5)
 51c:	ffc106b7          	lui	a3,0xffc10
 520:	16fd                	addi	a3,a3,-1
 522:	c3d8                	sw	a4,4(a5)
 524:	43d8                	lw	a4,4(a5)
 526:	c3d8                	sw	a4,4(a5)
 528:	43d8                	lw	a4,4(a5)
 52a:	40076713          	ori	a4,a4,1024
 52e:	c3d8                	sw	a4,4(a5)
 530:	43d8                	lw	a4,4(a5)
 532:	8f75                	and	a4,a4,a3
 534:	c3d8                	sw	a4,4(a5)
 536:	43d8                	lw	a4,4(a5)
 538:	002906b7          	lui	a3,0x290
 53c:	8f55                	or	a4,a4,a3
 53e:	c3d8                	sw	a4,4(a5)
 540:	4398                	lw	a4,0(a5)
 542:	010006b7          	lui	a3,0x1000
 546:	8f55                	or	a4,a4,a3
 548:	c398                	sw	a4,0(a5)
 54a:	4398                	lw	a4,0(a5)
 54c:	00671693          	slli	a3,a4,0x6
 550:	fe06dde3          	bgez	a3,54a <SystemInit+0xcc>
 554:	43d8                	lw	a4,4(a5)
 556:	400216b7          	lui	a3,0x40021
 55a:	9b71                	andi	a4,a4,-4
 55c:	c3d8                	sw	a4,4(a5)
 55e:	43d8                	lw	a4,4(a5)
 560:	00276713          	ori	a4,a4,2
 564:	c3d8                	sw	a4,4(a5)
 566:	4721                	li	a4,8
 568:	42dc                	lw	a5,4(a3)
 56a:	8bb1                	andi	a5,a5,12
 56c:	fee79ee3          	bne	a5,a4,568 <SystemInit+0xea>
 570:	0141                	addi	sp,sp,16
 572:	8082                	ret
 574:	c602                	sw	zero,12(sp)
 576:	bf61                	j	50e <SystemInit+0x90>
 578:	a001                	j	578 <SystemInit+0xfa>
 57a:	a001                	j	57a <SystemInit+0xfc>

0000057c <Ecall_M_Mode_Handler>:
 57c:	a001                	j	57c <Ecall_M_Mode_Handler>

0000057e <Ecall_U_Mode_Handler>:
 57e:	a001                	j	57e <Ecall_U_Mode_Handler>

00000580 <Break_Point_Handler>:
 580:	a001                	j	580 <Break_Point_Handler>

00000582 <SysTick_Handler>:
 582:	a001                	j	582 <SysTick_Handler>

00000584 <SW_Handler>:
 584:	a001                	j	584 <SW_Handler>

00000586 <WWDG_IRQHandler>:
 586:	a001                	j	586 <WWDG_IRQHandler>

00000588 <PVD_IRQHandler>:
 588:	a001                	j	588 <PVD_IRQHandler>

0000058a <TAMPER_IRQHandler>:
 58a:	a001                	j	58a <TAMPER_IRQHandler>

0000058c <RTC_IRQHandler>:
 58c:	a001                	j	58c <RTC_IRQHandler>

0000058e <FLASH_IRQHandler>:
 58e:	a001                	j	58e <FLASH_IRQHandler>

00000590 <RCC_IRQHandler>:
 590:	a001                	j	590 <RCC_IRQHandler>

00000592 <EXTI0_IRQHandler>:
 592:	a001                	j	592 <EXTI0_IRQHandler>

00000594 <EXTI1_IRQHandler>:
 594:	a001                	j	594 <EXTI1_IRQHandler>

00000596 <EXTI2_IRQHandler>:
 596:	a001                	j	596 <EXTI2_IRQHandler>

00000598 <EXTI3_IRQHandler>:
 598:	a001                	j	598 <EXTI3_IRQHandler>

0000059a <EXTI4_IRQHandler>:
 59a:	a001                	j	59a <EXTI4_IRQHandler>

0000059c <DMA1_Channel1_IRQHandler>:
 59c:	a001                	j	59c <DMA1_Channel1_IRQHandler>

0000059e <DMA1_Channel2_IRQHandler>:
 59e:	a001                	j	59e <DMA1_Channel2_IRQHandler>

000005a0 <DMA1_Channel3_IRQHandler>:
 5a0:	a001                	j	5a0 <DMA1_Channel3_IRQHandler>

000005a2 <DMA1_Channel4_IRQHandler>:
 5a2:	a001                	j	5a2 <DMA1_Channel4_IRQHandler>

000005a4 <DMA1_Channel5_IRQHandler>:
 5a4:	a001                	j	5a4 <DMA1_Channel5_IRQHandler>

000005a6 <DMA1_Channel6_IRQHandler>:
 5a6:	a001                	j	5a6 <DMA1_Channel6_IRQHandler>

000005a8 <DMA1_Channel7_IRQHandler>:
 5a8:	a001                	j	5a8 <DMA1_Channel7_IRQHandler>

000005aa <ADC1_2_IRQHandler>:
 5aa:	a001                	j	5aa <ADC1_2_IRQHandler>

000005ac <USB_HP_CAN1_TX_IRQHandler>:
 5ac:	a001                	j	5ac <USB_HP_CAN1_TX_IRQHandler>

000005ae <USB_LP_CAN1_RX0_IRQHandler>:
 5ae:	a001                	j	5ae <USB_LP_CAN1_RX0_IRQHandler>

000005b0 <CAN1_RX1_IRQHandler>:
 5b0:	a001                	j	5b0 <CAN1_RX1_IRQHandler>

000005b2 <CAN1_SCE_IRQHandler>:
 5b2:	a001                	j	5b2 <CAN1_SCE_IRQHandler>

000005b4 <EXTI9_5_IRQHandler>:
 5b4:	a001                	j	5b4 <EXTI9_5_IRQHandler>

000005b6 <TIM1_BRK_IRQHandler>:
 5b6:	a001                	j	5b6 <TIM1_BRK_IRQHandler>

000005b8 <TIM1_UP_IRQHandler>:
 5b8:	a001                	j	5b8 <TIM1_UP_IRQHandler>

000005ba <TIM1_TRG_COM_IRQHandler>:
 5ba:	a001                	j	5ba <TIM1_TRG_COM_IRQHandler>

000005bc <TIM1_CC_IRQHandler>:
 5bc:	a001                	j	5bc <TIM1_CC_IRQHandler>

000005be <TIM2_IRQHandler>:
 5be:	a001                	j	5be <TIM2_IRQHandler>

000005c0 <TIM3_IRQHandler>:
 5c0:	a001                	j	5c0 <TIM3_IRQHandler>

000005c2 <TIM4_IRQHandler>:
 5c2:	a001                	j	5c2 <TIM4_IRQHandler>

000005c4 <I2C1_EV_IRQHandler>:
 5c4:	a001                	j	5c4 <I2C1_EV_IRQHandler>

000005c6 <I2C1_ER_IRQHandler>:
 5c6:	a001                	j	5c6 <I2C1_ER_IRQHandler>

000005c8 <I2C2_EV_IRQHandler>:
 5c8:	a001                	j	5c8 <I2C2_EV_IRQHandler>

000005ca <I2C2_ER_IRQHandler>:
 5ca:	a001                	j	5ca <I2C2_ER_IRQHandler>

000005cc <SPI1_IRQHandler>:
 5cc:	a001                	j	5cc <SPI1_IRQHandler>

000005ce <SPI2_IRQHandler>:
 5ce:	a001                	j	5ce <SPI2_IRQHandler>

000005d0 <USART1_IRQHandler>:
 5d0:	a001                	j	5d0 <USART1_IRQHandler>

000005d2 <USART2_IRQHandler>:
 5d2:	a001                	j	5d2 <USART2_IRQHandler>

000005d4 <USART3_IRQHandler>:
 5d4:	a001                	j	5d4 <USART3_IRQHandler>

000005d6 <EXTI15_10_IRQHandler>:
 5d6:	a001                	j	5d6 <EXTI15_10_IRQHandler>

000005d8 <RTCAlarm_IRQHandler>:
 5d8:	a001                	j	5d8 <RTCAlarm_IRQHandler>

000005da <USBWakeUp_IRQHandler>:
 5da:	a001                	j	5da <USBWakeUp_IRQHandler>

000005dc <TIM8_BRK_IRQHandler>:
 5dc:	a001                	j	5dc <TIM8_BRK_IRQHandler>

000005de <TIM8_UP_IRQHandler>:
 5de:	a001                	j	5de <TIM8_UP_IRQHandler>

000005e0 <TIM8_TRG_COM_IRQHandler>:
 5e0:	a001                	j	5e0 <TIM8_TRG_COM_IRQHandler>

000005e2 <TIM8_CC_IRQHandler>:
 5e2:	a001                	j	5e2 <TIM8_CC_IRQHandler>

000005e4 <RNG_IRQHandler>:
 5e4:	a001                	j	5e4 <RNG_IRQHandler>

000005e6 <FSMC_IRQHandler>:
 5e6:	a001                	j	5e6 <FSMC_IRQHandler>

000005e8 <SDIO_IRQHandler>:
 5e8:	a001                	j	5e8 <SDIO_IRQHandler>

000005ea <TIM5_IRQHandler>:
 5ea:	a001                	j	5ea <TIM5_IRQHandler>

000005ec <SPI3_IRQHandler>:
 5ec:	a001                	j	5ec <SPI3_IRQHandler>

000005ee <UART4_IRQHandler>:
 5ee:	a001                	j	5ee <UART4_IRQHandler>

000005f0 <UART5_IRQHandler>:
 5f0:	a001                	j	5f0 <UART5_IRQHandler>

000005f2 <TIM6_IRQHandler>:
 5f2:	a001                	j	5f2 <TIM6_IRQHandler>

000005f4 <TIM7_IRQHandler>:
 5f4:	a001                	j	5f4 <TIM7_IRQHandler>

000005f6 <DMA2_Channel1_IRQHandler>:
 5f6:	a001                	j	5f6 <DMA2_Channel1_IRQHandler>

000005f8 <DMA2_Channel2_IRQHandler>:
 5f8:	a001                	j	5f8 <DMA2_Channel2_IRQHandler>

000005fa <DMA2_Channel3_IRQHandler>:
 5fa:	a001                	j	5fa <DMA2_Channel3_IRQHandler>

000005fc <DMA2_Channel4_IRQHandler>:
 5fc:	a001                	j	5fc <DMA2_Channel4_IRQHandler>

000005fe <DMA2_Channel5_IRQHandler>:
 5fe:	a001                	j	5fe <DMA2_Channel5_IRQHandler>

00000600 <ETH_IRQHandler>:
 600:	a001                	j	600 <ETH_IRQHandler>

00000602 <ETH_WKUP_IRQHandler>:
 602:	a001                	j	602 <ETH_WKUP_IRQHandler>

00000604 <CAN2_TX_IRQHandler>:
 604:	a001                	j	604 <CAN2_TX_IRQHandler>

00000606 <CAN2_RX0_IRQHandler>:
 606:	a001                	j	606 <CAN2_RX0_IRQHandler>

00000608 <CAN2_RX1_IRQHandler>:
 608:	a001                	j	608 <CAN2_RX1_IRQHandler>

0000060a <CAN2_SCE_IRQHandler>:
 60a:	a001                	j	60a <CAN2_SCE_IRQHandler>

0000060c <OTG_FS_IRQHandler>:
 60c:	a001                	j	60c <OTG_FS_IRQHandler>

0000060e <USBHSWakeup_IRQHandler>:
 60e:	a001                	j	60e <USBHSWakeup_IRQHandler>

00000610 <USBHS_IRQHandler>:
 610:	a001                	j	610 <USBHS_IRQHandler>

00000612 <DVP_IRQHandler>:
 612:	a001                	j	612 <DVP_IRQHandler>

00000614 <UART6_IRQHandler>:
 614:	a001                	j	614 <UART6_IRQHandler>

00000616 <UART7_IRQHandler>:
 616:	a001                	j	616 <UART7_IRQHandler>

00000618 <UART8_IRQHandler>:
 618:	a001                	j	618 <UART8_IRQHandler>

0000061a <TIM9_BRK_IRQHandler>:
 61a:	a001                	j	61a <TIM9_BRK_IRQHandler>

0000061c <TIM9_UP_IRQHandler>:
 61c:	a001                	j	61c <TIM9_UP_IRQHandler>

0000061e <TIM9_TRG_COM_IRQHandler>:
 61e:	a001                	j	61e <TIM9_TRG_COM_IRQHandler>

00000620 <TIM9_CC_IRQHandler>:
 620:	a001                	j	620 <TIM9_CC_IRQHandler>

00000622 <TIM10_BRK_IRQHandler>:
 622:	a001                	j	622 <TIM10_BRK_IRQHandler>

00000624 <TIM10_UP_IRQHandler>:
 624:	a001                	j	624 <TIM10_UP_IRQHandler>

00000626 <TIM10_TRG_COM_IRQHandler>:
 626:	a001                	j	626 <TIM10_TRG_COM_IRQHandler>

00000628 <TIM10_CC_IRQHandler>:
 628:	a001                	j	628 <TIM10_CC_IRQHandler>

0000062a <DMA2_Channel6_IRQHandler>:
 62a:	a001                	j	62a <DMA2_Channel6_IRQHandler>

0000062c <DMA2_Channel7_IRQHandler>:
 62c:	a001                	j	62c <DMA2_Channel7_IRQHandler>

0000062e <DMA2_Channel8_IRQHandler>:
 62e:	a001                	j	62e <DMA2_Channel8_IRQHandler>

00000630 <DMA2_Channel9_IRQHandler>:
 630:	a001                	j	630 <DMA2_Channel9_IRQHandler>

00000632 <DMA2_Channel10_IRQHandler>:
 632:	a001                	j	632 <DMA2_Channel10_IRQHandler>

00000634 <DMA2_Channel11_IRQHandler>:
 634:	a001                	j	634 <DMA2_Channel11_IRQHandler>

00000636 <handle_reset>:
 636:	20000197          	auipc	gp,0x20000
 63a:	1ca18193          	addi	gp,gp,458 # 20000800 <__global_pointer$>
 63e:	20008117          	auipc	sp,0x20008
 642:	9c210113          	addi	sp,sp,-1598 # 20008000 <_eusrstack>
 646:	00000517          	auipc	a0,0x0
 64a:	55250513          	addi	a0,a0,1362 # b98 <_data_lma>
 64e:	20000597          	auipc	a1,0x20000
 652:	9b258593          	addi	a1,a1,-1614 # 20000000 <_data_vma>
 656:	80818613          	addi	a2,gp,-2040 # 20000008 <_edata>
 65a:	00c5fa63          	bgeu	a1,a2,66e <handle_reset+0x38>
 65e:	00052283          	lw	t0,0(a0)
 662:	0055a023          	sw	t0,0(a1)
 666:	0511                	addi	a0,a0,4
 668:	0591                	addi	a1,a1,4
 66a:	fec5eae3          	bltu	a1,a2,65e <handle_reset+0x28>
 66e:	80818513          	addi	a0,gp,-2040 # 20000008 <_edata>
 672:	81018593          	addi	a1,gp,-2032 # 20000010 <_ebss>
 676:	00b57763          	bgeu	a0,a1,684 <handle_reset+0x4e>
 67a:	00052023          	sw	zero,0(a0)
 67e:	0511                	addi	a0,a0,4
 680:	feb56de3          	bltu	a0,a1,67a <handle_reset+0x44>
 684:	42fd                	li	t0,31
 686:	bc029073          	csrw	0xbc0,t0
 68a:	42ad                	li	t0,11
 68c:	80429073          	csrw	0x804,t0
 690:	000062b7          	lui	t0,0x6
 694:	08828293          	addi	t0,t0,136 # 6088 <_data_lma+0x54f0>
 698:	3002a073          	csrs	mstatus,t0
 69c:	00000297          	auipc	t0,0x0
 6a0:	99c28293          	addi	t0,t0,-1636 # 38 <_einit>
 6a4:	0032e293          	ori	t0,t0,3
 6a8:	30529073          	csrw	mtvec,t0
 6ac:	dd3ff0ef          	jal	ra,47e <SystemInit>
 6b0:	00000297          	auipc	t0,0x0
 6b4:	d5c28293          	addi	t0,t0,-676 # 40c <main>
 6b8:	34129073          	csrw	mepc,t0
 6bc:	30200073          	mret

000006c0 <GPIO_Init>:
 6c0:	459c                	lw	a5,8(a1)
 6c2:	0107f713          	andi	a4,a5,16
 6c6:	00f7f813          	andi	a6,a5,15
 6ca:	c701                	beqz	a4,6d2 <GPIO_Init+0x12>
 6cc:	41d8                	lw	a4,4(a1)
 6ce:	00e86833          	or	a6,a6,a4
 6d2:	218e                	lhu	a1,0(a1)
 6d4:	0ff5f713          	andi	a4,a1,255
 6d8:	c339                	beqz	a4,71e <GPIO_Init+0x5e>
 6da:	4118                	lw	a4,0(a0)
 6dc:	4681                	li	a3,0
 6de:	4e85                	li	t4,1
 6e0:	4f3d                	li	t5,15
 6e2:	02800f93          	li	t6,40
 6e6:	04800293          	li	t0,72
 6ea:	4e21                	li	t3,8
 6ec:	00de9633          	sll	a2,t4,a3
 6f0:	00c5f8b3          	and	a7,a1,a2
 6f4:	03161163          	bne	a2,a7,716 <GPIO_Init+0x56>
 6f8:	00269893          	slli	a7,a3,0x2
 6fc:	011f1333          	sll	t1,t5,a7
 700:	fff34313          	not	t1,t1
 704:	00e37733          	and	a4,t1,a4
 708:	011818b3          	sll	a7,a6,a7
 70c:	00e8e733          	or	a4,a7,a4
 710:	05f79f63          	bne	a5,t6,76e <GPIO_Init+0xae>
 714:	c950                	sw	a2,20(a0)
 716:	0685                	addi	a3,a3,1
 718:	fdc69ae3          	bne	a3,t3,6ec <GPIO_Init+0x2c>
 71c:	c118                	sw	a4,0(a0)
 71e:	0ff00713          	li	a4,255
 722:	04b77563          	bgeu	a4,a1,76c <GPIO_Init+0xac>
 726:	4154                	lw	a3,4(a0)
 728:	4621                	li	a2,8
 72a:	4e85                	li	t4,1
 72c:	4f3d                	li	t5,15
 72e:	02800f93          	li	t6,40
 732:	04800293          	li	t0,72
 736:	4e41                	li	t3,16
 738:	00ce98b3          	sll	a7,t4,a2
 73c:	0115f733          	and	a4,a1,a7
 740:	02e89263          	bne	a7,a4,764 <GPIO_Init+0xa4>
 744:	00261713          	slli	a4,a2,0x2
 748:	1701                	addi	a4,a4,-32
 74a:	00ef1333          	sll	t1,t5,a4
 74e:	fff34313          	not	t1,t1
 752:	00d376b3          	and	a3,t1,a3
 756:	00e81733          	sll	a4,a6,a4
 75a:	8ed9                	or	a3,a3,a4
 75c:	01f79d63          	bne	a5,t6,776 <GPIO_Init+0xb6>
 760:	01152a23          	sw	a7,20(a0)
 764:	0605                	addi	a2,a2,1
 766:	fdc619e3          	bne	a2,t3,738 <GPIO_Init+0x78>
 76a:	c154                	sw	a3,4(a0)
 76c:	8082                	ret
 76e:	fa5794e3          	bne	a5,t0,716 <GPIO_Init+0x56>
 772:	c910                	sw	a2,16(a0)
 774:	b74d                	j	716 <GPIO_Init+0x56>
 776:	fe5797e3          	bne	a5,t0,764 <GPIO_Init+0xa4>
 77a:	01152823          	sw	a7,16(a0)
 77e:	b7dd                	j	764 <GPIO_Init+0xa4>

00000780 <GPIO_ReadInputDataBit>:
 780:	4508                	lw	a0,8(a0)
 782:	8d6d                	and	a0,a0,a1
 784:	00a03533          	snez	a0,a0
 788:	8082                	ret

0000078a <GPIO_SetBits>:
 78a:	c90c                	sw	a1,16(a0)
 78c:	8082                	ret

0000078e <GPIO_ResetBits>:
 78e:	c94c                	sw	a1,20(a0)
 790:	8082                	ret

00000792 <RCC_APB2PeriphClockCmd>:
 792:	c599                	beqz	a1,7a0 <RCC_APB2PeriphClockCmd+0xe>
 794:	40021737          	lui	a4,0x40021
 798:	4f1c                	lw	a5,24(a4)
 79a:	8d5d                	or	a0,a0,a5
 79c:	cf08                	sw	a0,24(a4)
 79e:	8082                	ret
 7a0:	400217b7          	lui	a5,0x40021
 7a4:	4f98                	lw	a4,24(a5)
 7a6:	fff54513          	not	a0,a0
 7aa:	8d79                	and	a0,a0,a4
 7ac:	cf88                	sw	a0,24(a5)
 7ae:	8082                	ret

000007b0 <RCC_APB1PeriphClockCmd>:
 7b0:	c599                	beqz	a1,7be <RCC_APB1PeriphClockCmd+0xe>
 7b2:	40021737          	lui	a4,0x40021
 7b6:	4f5c                	lw	a5,28(a4)
 7b8:	8d5d                	or	a0,a0,a5
 7ba:	cf48                	sw	a0,28(a4)
 7bc:	8082                	ret
 7be:	400217b7          	lui	a5,0x40021
 7c2:	4fd8                	lw	a4,28(a5)
 7c4:	fff54513          	not	a0,a0
 7c8:	8d79                	and	a0,a0,a4
 7ca:	cfc8                	sw	a0,28(a5)
 7cc:	8082                	ret

000007ce <TIM_TimeBaseInit>:
 7ce:	211e                	lhu	a5,0(a0)
 7d0:	40013737          	lui	a4,0x40013
 7d4:	c0070693          	addi	a3,a4,-1024 # 40012c00 <_eusrstack+0x2000ac00>
 7d8:	07c2                	slli	a5,a5,0x10
 7da:	83c1                	srli	a5,a5,0x10
 7dc:	04d50063          	beq	a0,a3,81c <__stack_size+0x1c>
 7e0:	400006b7          	lui	a3,0x40000
 7e4:	02d50c63          	beq	a0,a3,81c <__stack_size+0x1c>
 7e8:	40068693          	addi	a3,a3,1024 # 40000400 <_eusrstack+0x1fff8400>
 7ec:	02d50863          	beq	a0,a3,81c <__stack_size+0x1c>
 7f0:	400016b7          	lui	a3,0x40001
 7f4:	80068613          	addi	a2,a3,-2048 # 40000800 <_eusrstack+0x1fff8800>
 7f8:	02c50263          	beq	a0,a2,81c <__stack_size+0x1c>
 7fc:	c0068693          	addi	a3,a3,-1024
 800:	00d50e63          	beq	a0,a3,81c <__stack_size+0x1c>
 804:	40070713          	addi	a4,a4,1024
 808:	00e50a63          	beq	a0,a4,81c <__stack_size+0x1c>
 80c:	40015737          	lui	a4,0x40015
 810:	c0070693          	addi	a3,a4,-1024 # 40014c00 <_eusrstack+0x2000cc00>
 814:	00d50463          	beq	a0,a3,81c <__stack_size+0x1c>
 818:	00e51663          	bne	a0,a4,824 <__stack_size+0x24>
 81c:	21ba                	lhu	a4,2(a1)
 81e:	f8f7f793          	andi	a5,a5,-113
 822:	8fd9                	or	a5,a5,a4
 824:	40001737          	lui	a4,0x40001
 828:	00e50c63          	beq	a0,a4,840 <__stack_size+0x40>
 82c:	40070713          	addi	a4,a4,1024 # 40001400 <_eusrstack+0x1fff9400>
 830:	00e50863          	beq	a0,a4,840 <__stack_size+0x40>
 834:	cff7f793          	andi	a5,a5,-769
 838:	21fa                	lhu	a4,6(a1)
 83a:	07c2                	slli	a5,a5,0x10
 83c:	83c1                	srli	a5,a5,0x10
 83e:	8fd9                	or	a5,a5,a4
 840:	a11e                	sh	a5,0(a0)
 842:	21de                	lhu	a5,4(a1)
 844:	b55e                	sh	a5,44(a0)
 846:	219e                	lhu	a5,0(a1)
 848:	b51e                	sh	a5,40(a0)
 84a:	400137b7          	lui	a5,0x40013
 84e:	c0078713          	addi	a4,a5,-1024 # 40012c00 <_eusrstack+0x2000ac00>
 852:	00e50e63          	beq	a0,a4,86e <__stack_size+0x6e>
 856:	40078793          	addi	a5,a5,1024
 85a:	00f50a63          	beq	a0,a5,86e <__stack_size+0x6e>
 85e:	400157b7          	lui	a5,0x40015
 862:	c0078713          	addi	a4,a5,-1024 # 40014c00 <_eusrstack+0x2000cc00>
 866:	00e50463          	beq	a0,a4,86e <__stack_size+0x6e>
 86a:	00f51463          	bne	a0,a5,872 <__stack_size+0x72>
 86e:	259c                	lbu	a5,8(a1)
 870:	b91e                	sh	a5,48(a0)
 872:	4785                	li	a5,1
 874:	a95e                	sh	a5,20(a0)
 876:	8082                	ret

00000878 <TIM_OC1Init>:
 878:	311e                	lhu	a5,32(a0)
 87a:	2192                	lhu	a2,0(a1)
 87c:	0025d803          	lhu	a6,2(a1)
 880:	07c2                	slli	a5,a5,0x10
 882:	83c1                	srli	a5,a5,0x10
 884:	9bf9                	andi	a5,a5,-2
 886:	07c2                	slli	a5,a5,0x10
 888:	83c1                	srli	a5,a5,0x10
 88a:	b11e                	sh	a5,32(a0)
 88c:	311e                	lhu	a5,32(a0)
 88e:	2156                	lhu	a3,4(a0)
 890:	2d1a                	lhu	a4,24(a0)
 892:	07c2                	slli	a5,a5,0x10
 894:	83c1                	srli	a5,a5,0x10
 896:	0742                	slli	a4,a4,0x10
 898:	8341                	srli	a4,a4,0x10
 89a:	f8c77713          	andi	a4,a4,-116
 89e:	8f51                	or	a4,a4,a2
 8a0:	2592                	lhu	a2,8(a1)
 8a2:	9bf5                	andi	a5,a5,-3
 8a4:	06c2                	slli	a3,a3,0x10
 8a6:	01066633          	or	a2,a2,a6
 8aa:	8fd1                	or	a5,a5,a2
 8ac:	40013637          	lui	a2,0x40013
 8b0:	c0060813          	addi	a6,a2,-1024 # 40012c00 <_eusrstack+0x2000ac00>
 8b4:	82c1                	srli	a3,a3,0x10
 8b6:	01050e63          	beq	a0,a6,8d2 <TIM_OC1Init+0x5a>
 8ba:	40060613          	addi	a2,a2,1024
 8be:	00c50a63          	beq	a0,a2,8d2 <TIM_OC1Init+0x5a>
 8c2:	40015637          	lui	a2,0x40015
 8c6:	c0060813          	addi	a6,a2,-1024 # 40014c00 <_eusrstack+0x2000cc00>
 8ca:	01050463          	beq	a0,a6,8d2 <TIM_OC1Init+0x5a>
 8ce:	02c51063          	bne	a0,a2,8ee <TIM_OC1Init+0x76>
 8d2:	25b2                	lhu	a2,10(a1)
 8d4:	9bdd                	andi	a5,a5,-9
 8d6:	00e5d803          	lhu	a6,14(a1)
 8da:	8fd1                	or	a5,a5,a2
 8dc:	21d2                	lhu	a2,4(a1)
 8de:	9bed                	andi	a5,a5,-5
 8e0:	cff6f693          	andi	a3,a3,-769
 8e4:	8fd1                	or	a5,a5,a2
 8e6:	25d2                	lhu	a2,12(a1)
 8e8:	01066633          	or	a2,a2,a6
 8ec:	8ed1                	or	a3,a3,a2
 8ee:	a156                	sh	a3,4(a0)
 8f0:	ad1a                	sh	a4,24(a0)
 8f2:	21fa                	lhu	a4,6(a1)
 8f4:	b95a                	sh	a4,52(a0)
 8f6:	b11e                	sh	a5,32(a0)
 8f8:	8082                	ret

000008fa <TIM_OC2Init>:
 8fa:	311e                	lhu	a5,32(a0)
 8fc:	7765                	lui	a4,0xffff9
 8fe:	cff70713          	addi	a4,a4,-769 # ffff8cff <_eusrstack+0xdfff0cff>
 902:	07c2                	slli	a5,a5,0x10
 904:	83c1                	srli	a5,a5,0x10
 906:	9bbd                	andi	a5,a5,-17
 908:	07c2                	slli	a5,a5,0x10
 90a:	83c1                	srli	a5,a5,0x10
 90c:	b11e                	sh	a5,32(a0)
 90e:	311e                	lhu	a5,32(a0)
 910:	2156                	lhu	a3,4(a0)
 912:	0085d803          	lhu	a6,8(a1)
 916:	07c2                	slli	a5,a5,0x10
 918:	01069613          	slli	a2,a3,0x10
 91c:	2d16                	lhu	a3,24(a0)
 91e:	83c1                	srli	a5,a5,0x10
 920:	fdf7f793          	andi	a5,a5,-33
 924:	8f75                	and	a4,a4,a3
 926:	2196                	lhu	a3,0(a1)
 928:	8241                	srli	a2,a2,0x10
 92a:	06a2                	slli	a3,a3,0x8
 92c:	8f55                	or	a4,a4,a3
 92e:	21b6                	lhu	a3,2(a1)
 930:	0742                	slli	a4,a4,0x10
 932:	8341                	srli	a4,a4,0x10
 934:	0106e6b3          	or	a3,a3,a6
 938:	0692                	slli	a3,a3,0x4
 93a:	8fd5                	or	a5,a5,a3
 93c:	400136b7          	lui	a3,0x40013
 940:	07c2                	slli	a5,a5,0x10
 942:	c0068813          	addi	a6,a3,-1024 # 40012c00 <_eusrstack+0x2000ac00>
 946:	83c1                	srli	a5,a5,0x10
 948:	01050e63          	beq	a0,a6,964 <TIM_OC2Init+0x6a>
 94c:	40068693          	addi	a3,a3,1024
 950:	00d50a63          	beq	a0,a3,964 <TIM_OC2Init+0x6a>
 954:	400156b7          	lui	a3,0x40015
 958:	c0068813          	addi	a6,a3,-1024 # 40014c00 <_eusrstack+0x2000cc00>
 95c:	01050463          	beq	a0,a6,964 <TIM_OC2Init+0x6a>
 960:	02d51e63          	bne	a0,a3,99c <TIM_OC2Init+0xa2>
 964:	25b6                	lhu	a3,10(a1)
 966:	f7f7f793          	andi	a5,a5,-129
 96a:	00c5d803          	lhu	a6,12(a1)
 96e:	0692                	slli	a3,a3,0x4
 970:	8fd5                	or	a5,a5,a3
 972:	21d6                	lhu	a3,4(a1)
 974:	07c2                	slli	a5,a5,0x10
 976:	83c1                	srli	a5,a5,0x10
 978:	0692                	slli	a3,a3,0x4
 97a:	fbf7f793          	andi	a5,a5,-65
 97e:	8fd5                	or	a5,a5,a3
 980:	76fd                	lui	a3,0xfffff
 982:	3ff68693          	addi	a3,a3,1023 # fffff3ff <_eusrstack+0xdfff73ff>
 986:	8ef1                	and	a3,a3,a2
 988:	25f2                	lhu	a2,14(a1)
 98a:	07c2                	slli	a5,a5,0x10
 98c:	83c1                	srli	a5,a5,0x10
 98e:	01066633          	or	a2,a2,a6
 992:	060a                	slli	a2,a2,0x2
 994:	8ed1                	or	a3,a3,a2
 996:	01069613          	slli	a2,a3,0x10
 99a:	8241                	srli	a2,a2,0x10
 99c:	a152                	sh	a2,4(a0)
 99e:	ad1a                	sh	a4,24(a0)
 9a0:	21fa                	lhu	a4,6(a1)
 9a2:	bd1a                	sh	a4,56(a0)
 9a4:	b11e                	sh	a5,32(a0)
 9a6:	8082                	ret

000009a8 <TIM_OC3Init>:
 9a8:	311e                	lhu	a5,32(a0)
 9aa:	0085d803          	lhu	a6,8(a1)
 9ae:	07c2                	slli	a5,a5,0x10
 9b0:	83c1                	srli	a5,a5,0x10
 9b2:	eff7f793          	andi	a5,a5,-257
 9b6:	07c2                	slli	a5,a5,0x10
 9b8:	83c1                	srli	a5,a5,0x10
 9ba:	b11e                	sh	a5,32(a0)
 9bc:	311e                	lhu	a5,32(a0)
 9be:	2156                	lhu	a3,4(a0)
 9c0:	2d5a                	lhu	a4,28(a0)
 9c2:	07c2                	slli	a5,a5,0x10
 9c4:	01069613          	slli	a2,a3,0x10
 9c8:	0742                	slli	a4,a4,0x10
 9ca:	2196                	lhu	a3,0(a1)
 9cc:	8341                	srli	a4,a4,0x10
 9ce:	f8c77713          	andi	a4,a4,-116
 9d2:	8f55                	or	a4,a4,a3
 9d4:	21b6                	lhu	a3,2(a1)
 9d6:	83c1                	srli	a5,a5,0x10
 9d8:	dff7f793          	andi	a5,a5,-513
 9dc:	0106e6b3          	or	a3,a3,a6
 9e0:	06a2                	slli	a3,a3,0x8
 9e2:	8fd5                	or	a5,a5,a3
 9e4:	400136b7          	lui	a3,0x40013
 9e8:	07c2                	slli	a5,a5,0x10
 9ea:	c0068813          	addi	a6,a3,-1024 # 40012c00 <_eusrstack+0x2000ac00>
 9ee:	8241                	srli	a2,a2,0x10
 9f0:	83c1                	srli	a5,a5,0x10
 9f2:	01050e63          	beq	a0,a6,a0e <TIM_OC3Init+0x66>
 9f6:	40068693          	addi	a3,a3,1024
 9fa:	00d50a63          	beq	a0,a3,a0e <TIM_OC3Init+0x66>
 9fe:	400156b7          	lui	a3,0x40015
 a02:	c0068813          	addi	a6,a3,-1024 # 40014c00 <_eusrstack+0x2000cc00>
 a06:	01050463          	beq	a0,a6,a0e <TIM_OC3Init+0x66>
 a0a:	02d51f63          	bne	a0,a3,a48 <TIM_OC3Init+0xa0>
 a0e:	76fd                	lui	a3,0xfffff
 a10:	7ff68693          	addi	a3,a3,2047 # fffff7ff <_eusrstack+0xdfff77ff>
 a14:	8ff5                	and	a5,a5,a3
 a16:	25b6                	lhu	a3,10(a1)
 a18:	00c5d803          	lhu	a6,12(a1)
 a1c:	06a2                	slli	a3,a3,0x8
 a1e:	8fd5                	or	a5,a5,a3
 a20:	21d6                	lhu	a3,4(a1)
 a22:	07c2                	slli	a5,a5,0x10
 a24:	83c1                	srli	a5,a5,0x10
 a26:	06a2                	slli	a3,a3,0x8
 a28:	bff7f793          	andi	a5,a5,-1025
 a2c:	8fd5                	or	a5,a5,a3
 a2e:	76f5                	lui	a3,0xffffd
 a30:	16fd                	addi	a3,a3,-1
 a32:	8ef1                	and	a3,a3,a2
 a34:	25f2                	lhu	a2,14(a1)
 a36:	07c2                	slli	a5,a5,0x10
 a38:	83c1                	srli	a5,a5,0x10
 a3a:	01066633          	or	a2,a2,a6
 a3e:	0612                	slli	a2,a2,0x4
 a40:	8ed1                	or	a3,a3,a2
 a42:	01069613          	slli	a2,a3,0x10
 a46:	8241                	srli	a2,a2,0x10
 a48:	a152                	sh	a2,4(a0)
 a4a:	ad5a                	sh	a4,28(a0)
 a4c:	21fa                	lhu	a4,6(a1)
 a4e:	bd5a                	sh	a4,60(a0)
 a50:	b11e                	sh	a5,32(a0)
 a52:	8082                	ret

00000a54 <TIM_OC4Init>:
 a54:	311a                	lhu	a4,32(a0)
 a56:	77fd                	lui	a5,0xfffff
 a58:	17fd                	addi	a5,a5,-1
 a5a:	8ff9                	and	a5,a5,a4
 a5c:	b11e                	sh	a5,32(a0)
 a5e:	02055803          	lhu	a6,32(a0)
 a62:	2156                	lhu	a3,4(a0)
 a64:	2d5e                	lhu	a5,28(a0)
 a66:	7765                	lui	a4,0xffff9
 a68:	01069613          	slli	a2,a3,0x10
 a6c:	2196                	lhu	a3,0(a1)
 a6e:	cff70713          	addi	a4,a4,-769 # ffff8cff <_eusrstack+0xdfff0cff>
 a72:	8f7d                	and	a4,a4,a5
 a74:	77f9                	lui	a5,0xffffe
 a76:	06a2                	slli	a3,a3,0x8
 a78:	17fd                	addi	a5,a5,-1
 a7a:	8f55                	or	a4,a4,a3
 a7c:	0107f7b3          	and	a5,a5,a6
 a80:	21b6                	lhu	a3,2(a1)
 a82:	0085d803          	lhu	a6,8(a1)
 a86:	0742                	slli	a4,a4,0x10
 a88:	8241                	srli	a2,a2,0x10
 a8a:	0106e6b3          	or	a3,a3,a6
 a8e:	06b2                	slli	a3,a3,0xc
 a90:	8fd5                	or	a5,a5,a3
 a92:	400136b7          	lui	a3,0x40013
 a96:	07c2                	slli	a5,a5,0x10
 a98:	c0068813          	addi	a6,a3,-1024 # 40012c00 <_eusrstack+0x2000ac00>
 a9c:	8341                	srli	a4,a4,0x10
 a9e:	83c1                	srli	a5,a5,0x10
 aa0:	01050e63          	beq	a0,a6,abc <TIM_OC4Init+0x68>
 aa4:	40068693          	addi	a3,a3,1024
 aa8:	00d50a63          	beq	a0,a3,abc <TIM_OC4Init+0x68>
 aac:	400156b7          	lui	a3,0x40015
 ab0:	c0068813          	addi	a6,a3,-1024 # 40014c00 <_eusrstack+0x2000cc00>
 ab4:	01050463          	beq	a0,a6,abc <TIM_OC4Init+0x68>
 ab8:	00d51b63          	bne	a0,a3,ace <TIM_OC4Init+0x7a>
 abc:	76f1                	lui	a3,0xffffc
 abe:	16fd                	addi	a3,a3,-1
 ac0:	8ef1                	and	a3,a3,a2
 ac2:	25d2                	lhu	a2,12(a1)
 ac4:	061a                	slli	a2,a2,0x6
 ac6:	8ed1                	or	a3,a3,a2
 ac8:	01069613          	slli	a2,a3,0x10
 acc:	8241                	srli	a2,a2,0x10
 ace:	a152                	sh	a2,4(a0)
 ad0:	ad5a                	sh	a4,28(a0)
 ad2:	21fa                	lhu	a4,6(a1)
 ad4:	04e51023          	sh	a4,64(a0)
 ad8:	b11e                	sh	a5,32(a0)
 ada:	8082                	ret

00000adc <TIM_OCStructInit>:
 adc:	00051023          	sh	zero,0(a0)
 ae0:	00051123          	sh	zero,2(a0)
 ae4:	00051223          	sh	zero,4(a0)
 ae8:	00051323          	sh	zero,6(a0)
 aec:	00051423          	sh	zero,8(a0)
 af0:	00051523          	sh	zero,10(a0)
 af4:	00051623          	sh	zero,12(a0)
 af8:	00051723          	sh	zero,14(a0)
 afc:	8082                	ret

00000afe <TIM_Cmd>:
 afe:	211e                	lhu	a5,0(a0)
 b00:	c589                	beqz	a1,b0a <TIM_Cmd+0xc>
 b02:	0017e793          	ori	a5,a5,1
 b06:	a11e                	sh	a5,0(a0)
 b08:	8082                	ret
 b0a:	07c2                	slli	a5,a5,0x10
 b0c:	83c1                	srli	a5,a5,0x10
 b0e:	9bf9                	andi	a5,a5,-2
 b10:	07c2                	slli	a5,a5,0x10
 b12:	83c1                	srli	a5,a5,0x10
 b14:	bfcd                	j	b06 <TIM_Cmd+0x8>

00000b16 <TIM_InternalClockConfig>:
 b16:	251e                	lhu	a5,8(a0)
 b18:	07c2                	slli	a5,a5,0x10
 b1a:	83c1                	srli	a5,a5,0x10
 b1c:	9be1                	andi	a5,a5,-8
 b1e:	07c2                	slli	a5,a5,0x10
 b20:	83c1                	srli	a5,a5,0x10
 b22:	a51e                	sh	a5,8(a0)
 b24:	8082                	ret

00000b26 <TIM_SetCompare1>:
 b26:	b94e                	sh	a1,52(a0)
 b28:	8082                	ret

00000b2a <TIM_SetCompare2>:
 b2a:	bd0e                	sh	a1,56(a0)
 b2c:	8082                	ret

00000b2e <TIM_SetCompare3>:
 b2e:	bd4e                	sh	a1,60(a0)
 b30:	8082                	ret

00000b32 <TIM_SetCompare4>:
 b32:	04b51023          	sh	a1,64(a0)
 b36:	8082                	ret

00000b38 <Delay_Init>:
 b38:	200007b7          	lui	a5,0x20000
 b3c:	0007a783          	lw	a5,0(a5) # 20000000 <_data_vma>
 b40:	007a1737          	lui	a4,0x7a1
 b44:	20070713          	addi	a4,a4,512 # 7a1200 <_data_lma+0x7a0668>
 b48:	02e7d7b3          	divu	a5,a5,a4
 b4c:	0ff7f793          	andi	a5,a5,255
 b50:	80f18623          	sb	a5,-2036(gp) # 2000000c <p_us>
 b54:	3e800713          	li	a4,1000
 b58:	02e787b3          	mul	a5,a5,a4
 b5c:	80f19523          	sh	a5,-2038(gp) # 2000000a <p_ms>
 b60:	8082                	ret

00000b62 <Delay_Ms>:
 b62:	e000f7b7          	lui	a5,0xe000f
 b66:	43d8                	lw	a4,4(a5)
 b68:	4681                	li	a3,0
 b6a:	9b79                	andi	a4,a4,-2
 b6c:	c3d8                	sw	a4,4(a5)
 b6e:	80a1d703          	lhu	a4,-2038(gp) # 2000000a <p_ms>
 b72:	02a70633          	mul	a2,a4,a0
 b76:	cb90                	sw	a2,16(a5)
 b78:	cbd4                	sw	a3,20(a5)
 b7a:	4398                	lw	a4,0(a5)
 b7c:	01076713          	ori	a4,a4,16
 b80:	c398                	sw	a4,0(a5)
 b82:	4398                	lw	a4,0(a5)
 b84:	02176713          	ori	a4,a4,33
 b88:	c398                	sw	a4,0(a5)
 b8a:	43d8                	lw	a4,4(a5)
 b8c:	8b05                	andi	a4,a4,1
 b8e:	df75                	beqz	a4,b8a <Delay_Ms+0x28>
 b90:	4398                	lw	a4,0(a5)
 b92:	9b79                	andi	a4,a4,-2
 b94:	c398                	sw	a4,0(a5)
 b96:	8082                	ret
