
v307xiaoche.elf:     file format elf32-littleriscv
v307xiaoche.elf
architecture: riscv:rv32, flags 0x00000112:
EXEC_P, HAS_SYMS, D_PAGED
start address 0x00000000

Program Header:
    LOAD off    0x00001000 vaddr 0x00000000 paddr 0x00000000 align 2**12
         filesz 0x00000b94 memsz 0x00000b94 flags r-x
    LOAD off    0x00002000 vaddr 0x20000000 paddr 0x00000b94 align 2**12
         filesz 0x00000008 memsz 0x00000010 flags rw-
    LOAD off    0x00002800 vaddr 0x20007800 paddr 0x20007800 align 2**12
         filesz 0x00000000 memsz 0x00000800 flags rw-

Sections:
Idx Name          Size      VMA       LMA       File off  Algn
  0 .init         00000038  00000000  00000000  00001000  2**1
                  CONTENTS, ALLOC, LOAD, READONLY, CODE
  1 .vector       000001c8  00000038  00000038  00001038  2**1
                  CONTENTS, ALLOC, LOAD, READONLY, CODE
  2 .text         00000994  00000200  00000200  00001200  2**1
                  CONTENTS, ALLOC, LOAD, READONLY, CODE
  3 .fini         00000000  00000b94  00000b94  00002008  2**0
                  CONTENTS, ALLOC, LOAD, CODE
  4 .dalign       00000000  20000000  20000000  00002008  2**0
                  CONTENTS
  5 .dlalign      00000000  00000b94  00000b94  00002008  2**0
                  CONTENTS
  6 .data         00000008  20000000  00000b94  00002000  2**2
                  CONTENTS, ALLOC, LOAD, DATA
  7 .bss          00000008  20000008  00000b9c  00002008  2**1
                  ALLOC
  8 .stack        00000800  20007800  20007800  00002800  2**0
                  ALLOC
  9 .debug_info   00009e95  00000000  00000000  00002008  2**0
                  CONTENTS, READONLY, DEBUGGING
 10 .debug_abbrev 00001a10  00000000  00000000  0000be9d  2**0
                  CONTENTS, READONLY, DEBUGGING
 11 .debug_aranges 00000680  00000000  00000000  0000d8b0  2**3
                  CONTENTS, READONLY, DEBUGGING
 12 .debug_ranges 00000650  00000000  00000000  0000df30  2**3
                  CONTENTS, READONLY, DEBUGGING
 13 .debug_line   0000795c  00000000  00000000  0000e580  2**0
                  CONTENTS, READONLY, DEBUGGING
 14 .debug_str    00001e90  00000000  00000000  00015edc  2**0
                  CONTENTS, READONLY, DEBUGGING
 15 .comment      00000033  00000000  00000000  00017d6c  2**0
                  CONTENTS, READONLY
 16 .debug_frame  00000d10  00000000  00000000  00017da0  2**2
                  CONTENTS, READONLY, DEBUGGING
 17 .debug_loc    00002ddc  00000000  00000000  00018ab0  2**0
                  CONTENTS, READONLY, DEBUGGING
SYMBOL TABLE:
00000000 l    d  .init	00000000 .init
00000038 l    d  .vector	00000000 .vector
00000200 l    d  .text	00000000 .text
00000b94 l    d  .fini	00000000 .fini
20000000 l    d  .dalign	00000000 .dalign
00000b94 l    d  .dlalign	00000000 .dlalign
20000000 l    d  .data	00000000 .data
20000008 l    d  .bss	00000000 .bss
20007800 l    d  .stack	00000000 .stack
00000000 l    d  .debug_info	00000000 .debug_info
00000000 l    d  .debug_abbrev	00000000 .debug_abbrev
00000000 l    d  .debug_aranges	00000000 .debug_aranges
00000000 l    d  .debug_ranges	00000000 .debug_ranges
00000000 l    d  .debug_line	00000000 .debug_line
00000000 l    d  .debug_str	00000000 .debug_str
00000000 l    d  .comment	00000000 .comment
00000000 l    d  .debug_frame	00000000 .debug_frame
00000000 l    d  .debug_loc	00000000 .debug_loc
00000000 l    df *ABS*	00000000 ./Startup/startup_ch32v30x_D8C.o
00000038 l       .vector	00000000 _vector_base
00000000 l    df *ABS*	00000000 LED.c
00000000 l    df *ABS*	00000000 PWM.c
00000000 l    df *ABS*	00000000 ch32v30x_it.c
00000000 l    df *ABS*	00000000 main.c
00000000 l    df *ABS*	00000000 system_ch32v30x.c
00000000 l    df *ABS*	00000000 ch32v30x_gpio.c
00000000 l    df *ABS*	00000000 ch32v30x_rcc.c
00000000 l    df *ABS*	00000000 ch32v30x_tim.c
00000000 l    df *ABS*	00000000 debug.c
2000000a l     O .bss	00000002 p_ms
2000000c l     O .bss	00000001 p_us
00000592  w      .text	00000000 EXTI2_IRQHandler
000005dc  w      .text	00000000 TIM8_TRG_COM_IRQHandler
000005de  w      .text	00000000 TIM8_CC_IRQHandler
00000b26 g     F .text	00000004 TIM_SetCompare2
00000614  w      .text	00000000 UART8_IRQHandler
20000800 g       .data	00000000 __global_pointer$
00000208 g     F .text	00000028 .hidden __riscv_save_8
000005b8  w      .text	00000000 TIM1_CC_IRQHandler
00000364 g     F .text	00000002 HardFault_Handler
00000254 g     F .text	0000000c .hidden __riscv_restore_3
000005ee  w      .text	00000000 TIM6_IRQHandler
0000057e  w      .text	00000000 SysTick_Handler
00000584  w      .text	00000000 PVD_IRQHandler
000005e4  w      .text	00000000 SDIO_IRQHandler
00000616  w      .text	00000000 TIM9_BRK_IRQHandler
00000240 g     F .text	00000020 .hidden __riscv_restore_10
0000062a  w      .text	00000000 DMA2_Channel8_IRQHandler
00000360 g     F .text	00000004 NMI_Handler
00000604  w      .text	00000000 CAN2_RX1_IRQHandler
00000594  w      .text	00000000 EXTI3_IRQHandler
00000208 g     F .text	00000028 .hidden __riscv_save_11
0000060c  w      .text	00000000 USBHS_IRQHandler
0000062c  w      .text	00000000 DMA2_Channel9_IRQHandler
00000624  w      .text	00000000 TIM10_CC_IRQHandler
20000008 g       .bss	00000000 _sbss
00000800 g       *ABS*	00000000 __stack_size
00000290 g     F .text	00000090 PWM_Init
00000254 g     F .text	0000000c .hidden __riscv_restore_2
0000058e  w      .text	00000000 EXTI0_IRQHandler
000005c4  w      .text	00000000 I2C2_EV_IRQHandler
00000622  w      .text	00000000 TIM10_TRG_COM_IRQHandler
00000afa g     F .text	00000018 TIM_Cmd
20000000 g     O .data	00000004 SystemCoreClock
00000038 g       .init	00000000 _einit
0000078e g     F .text	0000001e RCC_APB2PeriphClockCmd
00000200 g     F .text	00000030 .hidden __riscv_save_12
00000606  w      .text	00000000 CAN2_SCE_IRQHandler
000005a6  w      .text	00000000 ADC1_2_IRQHandler
000006bc g     F .text	000000c0 GPIO_Init
0000057c  w      .text	00000000 Break_Point_Handler
00000240 g     F .text	00000020 .hidden __riscv_restore_11
000005c8  w      .text	00000000 SPI1_IRQHandler
00000586  w      .text	00000000 TAMPER_IRQHandler
00000230 g     F .text	0000000c .hidden __riscv_save_1
00000260 g     F .text	00000030 LED_Init
00000330 g     F .text	00000010 PWM_SetCompare2
00000254 g     F .text	0000000c .hidden __riscv_restore_0
000009a4 g     F .text	000000ac TIM_OC3Init
00000216 g     F .text	0000001a .hidden __riscv_save_7
00000602  w      .text	00000000 CAN2_RX0_IRQHandler
000005da  w      .text	00000000 TIM8_UP_IRQHandler
000007ac g     F .text	0000001e RCC_APB1PeriphClockCmd
00000578  w      .text	00000000 Ecall_M_Mode_Handler
20007800 g       .stack	00000000 _heap_end
0000024a g     F .text	00000016 .hidden __riscv_restore_5
000005f4  w      .text	00000000 DMA2_Channel2_IRQHandler
0000059e  w      .text	00000000 DMA1_Channel4_IRQHandler
00000618  w      .text	00000000 TIM9_UP_IRQHandler
0000024a g     F .text	00000016 .hidden __riscv_restore_6
000005d0  w      .text	00000000 USART3_IRQHandler
00000588  w      .text	00000000 RTC_IRQHandler
20000010 g       .bss	00000000 _ebss
000005a4  w      .text	00000000 DMA1_Channel7_IRQHandler
00000874 g     F .text	00000082 TIM_OC1Init
000005ac  w      .text	00000000 CAN1_RX1_IRQHandler
00000b34 g     F .text	0000002a Delay_Init
0000060e  w      .text	00000000 DVP_IRQHandler
000005ec  w      .text	00000000 UART5_IRQHandler
00000786 g     F .text	00000004 GPIO_SetBits
000005be  w      .text	00000000 TIM4_IRQHandler
00000208 g     F .text	00000028 .hidden __riscv_save_9
000005f2  w      .text	00000000 DMA2_Channel1_IRQHandler
00000216 g     F .text	0000001a .hidden __riscv_save_4
000005c0  w      .text	00000000 I2C1_EV_IRQHandler
000005a2  w      .text	00000000 DMA1_Channel6_IRQHandler
000005ea  w      .text	00000000 UART4_IRQHandler
000005f8  w      .text	00000000 DMA2_Channel4_IRQHandler
000005bc  w      .text	00000000 TIM3_IRQHandler
0000058c  w      .text	00000000 RCC_IRQHandler
00000230 g     F .text	0000000c .hidden __riscv_save_3
000005b6  w      .text	00000000 TIM1_TRG_COM_IRQHandler
00000598  w      .text	00000000 DMA1_Channel1_IRQHandler
00000350 g     F .text	00000010 PWM_SetCompare4
00000000 g       .init	00000000 _start
00000628  w      .text	00000000 DMA2_Channel7_IRQHandler
000003ae g     F .text	0000002c KEY_Init
000005d2  w      .text	00000000 EXTI15_10_IRQHandler
000008f6 g     F .text	000000ae TIM_OC2Init
0000078a g     F .text	00000004 GPIO_ResetBits
000005f0  w      .text	00000000 TIM7_IRQHandler
00000340 g     F .text	00000010 PWM_SetCompare3
00000600  w      .text	00000000 CAN2_TX_IRQHandler
20000000 g       .dalign	00000000 _data_vma
000005e6  w      .text	00000000 TIM5_IRQHandler
00000b2a g     F .text	00000004 TIM_SetCompare3
00000a50 g     F .text	00000088 TIM_OC4Init
000005b0  w      .text	00000000 EXTI9_5_IRQHandler
00000208 g     F .text	00000028 .hidden __riscv_save_10
000005fe  w      .text	00000000 ETH_WKUP_IRQHandler
0000024a g     F .text	00000016 .hidden __riscv_restore_4
00000240 g     F .text	00000020 .hidden __riscv_restore_8
00000216 g     F .text	0000001a .hidden __riscv_save_6
000005ca  w      .text	00000000 SPI2_IRQHandler
00000240 g     F .text	00000020 .hidden __riscv_restore_9
0000024a g     F .text	00000016 .hidden __riscv_restore_7
0000040c g     F .text	0000006e main
0000061e  w      .text	00000000 TIM10_BRK_IRQHandler
0000061c  w      .text	00000000 TIM9_CC_IRQHandler
000005fa  w      .text	00000000 DMA2_Channel5_IRQHandler
00000b12 g     F .text	00000010 TIM_InternalClockConfig
000003da g     F .text	00000032 key
000005a0  w      .text	00000000 DMA1_Channel5_IRQHandler
00000596  w      .text	00000000 EXTI4_IRQHandler
00000b5e g     F .text	00000036 Delay_Ms
000005aa  w      .text	00000000 USB_LP_CAN1_RX0_IRQHandler
00000b2e g     F .text	00000006 TIM_SetCompare4
20000008 g     O .bss	00000001 Keynum
0000047a g     F .text	000000fa SystemInit
000005e0  w      .text	00000000 RNG_IRQHandler
000005a8  w      .text	00000000 USB_HP_CAN1_TX_IRQHandler
00000000 g       .init	00000000 _sinit
0000059c  w      .text	00000000 DMA1_Channel3_IRQHandler
000005e2  w      .text	00000000 FSMC_IRQHandler
000005fc  w      .text	00000000 ETH_IRQHandler
000005b4  w      .text	00000000 TIM1_UP_IRQHandler
20000009 g     O .bss	00000001 sw
00000582  w      .text	00000000 WWDG_IRQHandler
00000320 g     F .text	00000010 PWM_SetCompare1
0000060a  w      .text	00000000 USBHSWakeup_IRQHandler
00000630  w      .text	00000000 DMA2_Channel11_IRQHandler
0000057a  w      .text	00000000 Ecall_U_Mode_Handler
00000626  w      .text	00000000 DMA2_Channel6_IRQHandler
000005ba  w      .text	00000000 TIM2_IRQHandler
20008000 g       .stack	00000000 _eusrstack
00000230 g     F .text	0000000c .hidden __riscv_save_2
00000580  w      .text	00000000 SW_Handler
00000ad8 g     F .text	00000022 TIM_OCStructInit
000005b2  w      .text	00000000 TIM1_BRK_IRQHandler
0000062e  w      .text	00000000 DMA2_Channel10_IRQHandler
00000590  w      .text	00000000 EXTI1_IRQHandler
00000216 g     F .text	0000001a .hidden __riscv_save_5
20000008 g       .data	00000000 _edata
20000010 g       .bss	00000000 _end
000007ca g     F .text	000000aa TIM_TimeBaseInit
000005d4  w      .text	00000000 RTCAlarm_IRQHandler
00000b94 g       .dlalign	00000000 _data_lma
00000620  w      .text	00000000 TIM10_UP_IRQHandler
0000061a  w      .text	00000000 TIM9_TRG_COM_IRQHandler
00000612  w      .text	00000000 UART7_IRQHandler
000005ce  w      .text	00000000 USART2_IRQHandler
00000610  w      .text	00000000 UART6_IRQHandler
00000366 g     F .text	00000048 set_speed
000005c6  w      .text	00000000 I2C2_ER_IRQHandler
0000059a  w      .text	00000000 DMA1_Channel2_IRQHandler
0000023c g     F .text	00000024 .hidden __riscv_restore_12
000005d8  w      .text	00000000 TIM8_BRK_IRQHandler
00000632  w      .text	00000000 handle_reset
000005ae  w      .text	00000000 CAN1_SCE_IRQHandler
0000058a  w      .text	00000000 FLASH_IRQHandler
00000230 g     F .text	0000000c .hidden __riscv_save_0
000005cc  w      .text	00000000 USART1_IRQHandler
00000608  w      .text	00000000 OTG_FS_IRQHandler
000005e8  w      .text	00000000 SPI3_IRQHandler
000005c2  w      .text	00000000 I2C1_ER_IRQHandler
00000254 g     F .text	0000000c .hidden __riscv_restore_1
00000b22 g     F .text	00000004 TIM_SetCompare1
0000077c g     F .text	0000000a GPIO_ReadInputDataBit
000005d6  w      .text	00000000 USBWakeUp_IRQHandler
000005f6  w      .text	00000000 DMA2_Channel3_IRQHandler



Disassembly of section .init:

00000000 <_sinit>:
   0:	6320006f          	j	632 <handle_reset>
   4:	00000013          	nop
   8:	00000013          	nop
   c:	00000013          	nop
  10:	00000013          	nop
  14:	00000013          	nop
  18:	00000013          	nop
  1c:	00000013          	nop
  20:	00000013          	nop
  24:	00000013          	nop
  28:	00000013          	nop
  2c:	00000013          	nop
  30:	00000013          	nop
  34:	00100073          	ebreak

Disassembly of section .vector:

00000038 <_vector_base>:
	...
  40:	0360                	addi	s0,sp,396
  42:	0000                	unimp
  44:	0364                	addi	s1,sp,396
  46:	0000                	unimp
  48:	0000                	unimp
  4a:	0000                	unimp
  4c:	0578                	addi	a4,sp,652
	...
  56:	0000                	unimp
  58:	057a                	slli	a0,a0,0x1e
  5a:	0000                	unimp
  5c:	057c                	addi	a5,sp,652
	...
  66:	0000                	unimp
  68:	057e                	slli	a0,a0,0x1f
  6a:	0000                	unimp
  6c:	0000                	unimp
  6e:	0000                	unimp
  70:	0580                	addi	s0,sp,704
  72:	0000                	unimp
  74:	0000                	unimp
  76:	0000                	unimp
  78:	0582                	c.slli64	a1
  7a:	0000                	unimp
  7c:	0584                	addi	s1,sp,704
  7e:	0000                	unimp
  80:	0586                	slli	a1,a1,0x1
  82:	0000                	unimp
  84:	0588                	addi	a0,sp,704
  86:	0000                	unimp
  88:	058a                	slli	a1,a1,0x2
  8a:	0000                	unimp
  8c:	058c                	addi	a1,sp,704
  8e:	0000                	unimp
  90:	058e                	slli	a1,a1,0x3
  92:	0000                	unimp
  94:	0590                	addi	a2,sp,704
  96:	0000                	unimp
  98:	0592                	slli	a1,a1,0x4
  9a:	0000                	unimp
  9c:	0594                	addi	a3,sp,704
  9e:	0000                	unimp
  a0:	0596                	slli	a1,a1,0x5
  a2:	0000                	unimp
  a4:	0598                	addi	a4,sp,704
  a6:	0000                	unimp
  a8:	059a                	slli	a1,a1,0x6
  aa:	0000                	unimp
  ac:	059c                	addi	a5,sp,704
  ae:	0000                	unimp
  b0:	059e                	slli	a1,a1,0x7
  b2:	0000                	unimp
  b4:	05a0                	addi	s0,sp,712
  b6:	0000                	unimp
  b8:	05a2                	slli	a1,a1,0x8
  ba:	0000                	unimp
  bc:	05a4                	addi	s1,sp,712
  be:	0000                	unimp
  c0:	05a6                	slli	a1,a1,0x9
  c2:	0000                	unimp
  c4:	05a8                	addi	a0,sp,712
  c6:	0000                	unimp
  c8:	05aa                	slli	a1,a1,0xa
  ca:	0000                	unimp
  cc:	05ac                	addi	a1,sp,712
  ce:	0000                	unimp
  d0:	05ae                	slli	a1,a1,0xb
  d2:	0000                	unimp
  d4:	05b0                	addi	a2,sp,712
  d6:	0000                	unimp
  d8:	05b2                	slli	a1,a1,0xc
  da:	0000                	unimp
  dc:	05b4                	addi	a3,sp,712
  de:	0000                	unimp
  e0:	05b6                	slli	a1,a1,0xd
  e2:	0000                	unimp
  e4:	05b8                	addi	a4,sp,712
  e6:	0000                	unimp
  e8:	05ba                	slli	a1,a1,0xe
  ea:	0000                	unimp
  ec:	05bc                	addi	a5,sp,712
  ee:	0000                	unimp
  f0:	05be                	slli	a1,a1,0xf
  f2:	0000                	unimp
  f4:	05c0                	addi	s0,sp,708
  f6:	0000                	unimp
  f8:	05c2                	slli	a1,a1,0x10
  fa:	0000                	unimp
  fc:	05c4                	addi	s1,sp,708
  fe:	0000                	unimp
 100:	05c6                	slli	a1,a1,0x11
 102:	0000                	unimp
 104:	05c8                	addi	a0,sp,708
 106:	0000                	unimp
 108:	05ca                	slli	a1,a1,0x12
 10a:	0000                	unimp
 10c:	05cc                	addi	a1,sp,708
 10e:	0000                	unimp
 110:	05ce                	slli	a1,a1,0x13
 112:	0000                	unimp
 114:	05d0                	addi	a2,sp,708
 116:	0000                	unimp
 118:	05d2                	slli	a1,a1,0x14
 11a:	0000                	unimp
 11c:	05d4                	addi	a3,sp,708
 11e:	0000                	unimp
 120:	05d6                	slli	a1,a1,0x15
 122:	0000                	unimp
 124:	05d8                	addi	a4,sp,708
 126:	0000                	unimp
 128:	05da                	slli	a1,a1,0x16
 12a:	0000                	unimp
 12c:	05dc                	addi	a5,sp,708
 12e:	0000                	unimp
 130:	05de                	slli	a1,a1,0x17
 132:	0000                	unimp
 134:	05e0                	addi	s0,sp,716
 136:	0000                	unimp
 138:	05e2                	slli	a1,a1,0x18
 13a:	0000                	unimp
 13c:	05e4                	addi	s1,sp,716
 13e:	0000                	unimp
 140:	05e6                	slli	a1,a1,0x19
 142:	0000                	unimp
 144:	05e8                	addi	a0,sp,716
 146:	0000                	unimp
 148:	05ea                	slli	a1,a1,0x1a
 14a:	0000                	unimp
 14c:	05ec                	addi	a1,sp,716
 14e:	0000                	unimp
 150:	05ee                	slli	a1,a1,0x1b
 152:	0000                	unimp
 154:	05f0                	addi	a2,sp,716
 156:	0000                	unimp
 158:	05f2                	slli	a1,a1,0x1c
 15a:	0000                	unimp
 15c:	05f4                	addi	a3,sp,716
 15e:	0000                	unimp
 160:	05f6                	slli	a1,a1,0x1d
 162:	0000                	unimp
 164:	05f8                	addi	a4,sp,716
 166:	0000                	unimp
 168:	05fa                	slli	a1,a1,0x1e
 16a:	0000                	unimp
 16c:	05fc                	addi	a5,sp,716
 16e:	0000                	unimp
 170:	05fe                	slli	a1,a1,0x1f
 172:	0000                	unimp
 174:	0600                	addi	s0,sp,768
 176:	0000                	unimp
 178:	0602                	c.slli64	a2
 17a:	0000                	unimp
 17c:	0604                	addi	s1,sp,768
 17e:	0000                	unimp
 180:	0606                	slli	a2,a2,0x1
 182:	0000                	unimp
 184:	0608                	addi	a0,sp,768
 186:	0000                	unimp
 188:	060a                	slli	a2,a2,0x2
 18a:	0000                	unimp
 18c:	060c                	addi	a1,sp,768
 18e:	0000                	unimp
 190:	060e                	slli	a2,a2,0x3
 192:	0000                	unimp
 194:	0610                	addi	a2,sp,768
 196:	0000                	unimp
 198:	0612                	slli	a2,a2,0x4
 19a:	0000                	unimp
 19c:	0614                	addi	a3,sp,768
 19e:	0000                	unimp
 1a0:	0616                	slli	a2,a2,0x5
 1a2:	0000                	unimp
 1a4:	0618                	addi	a4,sp,768
 1a6:	0000                	unimp
 1a8:	061a                	slli	a2,a2,0x6
 1aa:	0000                	unimp
 1ac:	061c                	addi	a5,sp,768
 1ae:	0000                	unimp
 1b0:	061e                	slli	a2,a2,0x7
 1b2:	0000                	unimp
 1b4:	0620                	addi	s0,sp,776
 1b6:	0000                	unimp
 1b8:	0622                	slli	a2,a2,0x8
 1ba:	0000                	unimp
 1bc:	0624                	addi	s1,sp,776
 1be:	0000                	unimp
 1c0:	0626                	slli	a2,a2,0x9
 1c2:	0000                	unimp
 1c4:	0628                	addi	a0,sp,776
 1c6:	0000                	unimp
 1c8:	062a                	slli	a2,a2,0xa
 1ca:	0000                	unimp
 1cc:	062c                	addi	a1,sp,776
 1ce:	0000                	unimp
 1d0:	062e                	slli	a2,a2,0xb
 1d2:	0000                	unimp
 1d4:	0630                	addi	a2,sp,776
	...

Disassembly of section .text:

00000200 <__riscv_save_12>:
 200:	7139                	addi	sp,sp,-64
 202:	4301                	li	t1,0
 204:	c66e                	sw	s11,12(sp)
 206:	a019                	j	20c <__riscv_save_10+0x4>

00000208 <__riscv_save_10>:
 208:	7139                	addi	sp,sp,-64
 20a:	5341                	li	t1,-16
 20c:	c86a                	sw	s10,16(sp)
 20e:	ca66                	sw	s9,20(sp)
 210:	cc62                	sw	s8,24(sp)
 212:	ce5e                	sw	s7,28(sp)
 214:	a019                	j	21a <__riscv_save_4+0x4>

00000216 <__riscv_save_4>:
 216:	7139                	addi	sp,sp,-64
 218:	5301                	li	t1,-32
 21a:	d05a                	sw	s6,32(sp)
 21c:	d256                	sw	s5,36(sp)
 21e:	d452                	sw	s4,40(sp)
 220:	d64e                	sw	s3,44(sp)
 222:	d84a                	sw	s2,48(sp)
 224:	da26                	sw	s1,52(sp)
 226:	dc22                	sw	s0,56(sp)
 228:	de06                	sw	ra,60(sp)
 22a:	40610133          	sub	sp,sp,t1
 22e:	8282                	jr	t0

00000230 <__riscv_save_0>:
 230:	1141                	addi	sp,sp,-16
 232:	c04a                	sw	s2,0(sp)
 234:	c226                	sw	s1,4(sp)
 236:	c422                	sw	s0,8(sp)
 238:	c606                	sw	ra,12(sp)
 23a:	8282                	jr	t0

0000023c <__riscv_restore_12>:
 23c:	4db2                	lw	s11,12(sp)
 23e:	0141                	addi	sp,sp,16

00000240 <__riscv_restore_10>:
 240:	4d02                	lw	s10,0(sp)
 242:	4c92                	lw	s9,4(sp)
 244:	4c22                	lw	s8,8(sp)
 246:	4bb2                	lw	s7,12(sp)
 248:	0141                	addi	sp,sp,16

0000024a <__riscv_restore_4>:
 24a:	4b02                	lw	s6,0(sp)
 24c:	4a92                	lw	s5,4(sp)
 24e:	4a22                	lw	s4,8(sp)
 250:	49b2                	lw	s3,12(sp)
 252:	0141                	addi	sp,sp,16

00000254 <__riscv_restore_0>:
 254:	4902                	lw	s2,0(sp)
 256:	4492                	lw	s1,4(sp)
 258:	4422                	lw	s0,8(sp)
 25a:	40b2                	lw	ra,12(sp)
 25c:	0141                	addi	sp,sp,16
 25e:	8082                	ret

00000260 <LED_Init>:
 260:	fd1ff2ef          	jal	t0,230 <__riscv_save_0>
 264:	1141                	addi	sp,sp,-16
 266:	4585                	li	a1,1
 268:	4511                	li	a0,4
 26a:	2315                	jal	78e <RCC_APB2PeriphClockCmd>
 26c:	47c1                	li	a5,16
 26e:	40011437          	lui	s0,0x40011
 272:	827c                	sh	a5,4(sp)
 274:	47c1                	li	a5,16
 276:	c63e                	sw	a5,12(sp)
 278:	004c                	addi	a1,sp,4
 27a:	478d                	li	a5,3
 27c:	80040513          	addi	a0,s0,-2048 # 40010800 <_eusrstack+0x20008800>
 280:	c43e                	sw	a5,8(sp)
 282:	292d                	jal	6bc <GPIO_Init>
 284:	45c1                	li	a1,16
 286:	80040513          	addi	a0,s0,-2048
 28a:	29f5                	jal	786 <GPIO_SetBits>
 28c:	0141                	addi	sp,sp,16
 28e:	b7d9                	j	254 <__riscv_restore_0>

00000290 <PWM_Init>:
 290:	fa1ff2ef          	jal	t0,230 <__riscv_save_0>
 294:	7179                	addi	sp,sp,-48
 296:	4585                	li	a1,1
 298:	4505                	li	a0,1
 29a:	2b09                	jal	7ac <RCC_APB1PeriphClockCmd>
 29c:	4585                	li	a1,1
 29e:	4511                	li	a0,4
 2a0:	21fd                	jal	78e <RCC_APB2PeriphClockCmd>
 2a2:	47e1                	li	a5,24
 2a4:	ce3e                	sw	a5,28(sp)
 2a6:	40011537          	lui	a0,0x40011
 2aa:	47bd                	li	a5,15
 2ac:	084c                	addi	a1,sp,20
 2ae:	82fc                	sh	a5,20(sp)
 2b0:	80050513          	addi	a0,a0,-2048 # 40010800 <_eusrstack+0x20008800>
 2b4:	478d                	li	a5,3
 2b6:	cc3e                	sw	a5,24(sp)
 2b8:	2111                	jal	6bc <GPIO_Init>
 2ba:	40000537          	lui	a0,0x40000
 2be:	055000ef          	jal	ra,b12 <TIM_InternalClockConfig>
 2c2:	08f00793          	li	a5,143
 2c6:	002c                	addi	a1,sp,8
 2c8:	c43e                	sw	a5,8(sp)
 2ca:	40000537          	lui	a0,0x40000
 2ce:	06300793          	li	a5,99
 2d2:	c63e                	sw	a5,12(sp)
 2d4:	00010823          	sb	zero,16(sp)
 2d8:	29cd                	jal	7ca <TIM_TimeBaseInit>
 2da:	1008                	addi	a0,sp,32
 2dc:	7fc000ef          	jal	ra,ad8 <TIM_OCStructInit>
 2e0:	67c1                	lui	a5,0x10
 2e2:	06078793          	addi	a5,a5,96 # 10060 <_data_lma+0xf4cc>
 2e6:	100c                	addi	a1,sp,32
 2e8:	40000537          	lui	a0,0x40000
 2ec:	d03e                	sw	a5,32(sp)
 2ee:	02011423          	sh	zero,40(sp)
 2f2:	02011323          	sh	zero,38(sp)
 2f6:	2bbd                	jal	874 <TIM_OC1Init>
 2f8:	100c                	addi	a1,sp,32
 2fa:	40000537          	lui	a0,0x40000
 2fe:	2be5                	jal	8f6 <TIM_OC2Init>
 300:	100c                	addi	a1,sp,32
 302:	40000537          	lui	a0,0x40000
 306:	2d79                	jal	9a4 <TIM_OC3Init>
 308:	100c                	addi	a1,sp,32
 30a:	40000537          	lui	a0,0x40000
 30e:	742000ef          	jal	ra,a50 <TIM_OC4Init>
 312:	4585                	li	a1,1
 314:	40000537          	lui	a0,0x40000
 318:	7e2000ef          	jal	ra,afa <TIM_Cmd>
 31c:	6145                	addi	sp,sp,48
 31e:	bf1d                	j	254 <__riscv_restore_0>

00000320 <PWM_SetCompare1>:
 320:	f11ff2ef          	jal	t0,230 <__riscv_save_0>
 324:	85aa                	mv	a1,a0
 326:	40000537          	lui	a0,0x40000
 32a:	7f8000ef          	jal	ra,b22 <TIM_SetCompare1>
 32e:	b71d                	j	254 <__riscv_restore_0>

00000330 <PWM_SetCompare2>:
 330:	f01ff2ef          	jal	t0,230 <__riscv_save_0>
 334:	85aa                	mv	a1,a0
 336:	40000537          	lui	a0,0x40000
 33a:	7ec000ef          	jal	ra,b26 <TIM_SetCompare2>
 33e:	bf19                	j	254 <__riscv_restore_0>

00000340 <PWM_SetCompare3>:
 340:	ef1ff2ef          	jal	t0,230 <__riscv_save_0>
 344:	85aa                	mv	a1,a0
 346:	40000537          	lui	a0,0x40000
 34a:	7e0000ef          	jal	ra,b2a <TIM_SetCompare3>
 34e:	b719                	j	254 <__riscv_restore_0>

00000350 <PWM_SetCompare4>:
 350:	ee1ff2ef          	jal	t0,230 <__riscv_save_0>
 354:	85aa                	mv	a1,a0
 356:	40000537          	lui	a0,0x40000
 35a:	7d4000ef          	jal	ra,b2e <TIM_SetCompare4>
 35e:	bddd                	j	254 <__riscv_restore_0>

00000360 <NMI_Handler>:
 360:	30200073          	mret

00000364 <HardFault_Handler>:
 364:	a001                	j	364 <HardFault_Handler>

00000366 <set_speed>:
 366:	ecbff2ef          	jal	t0,230 <__riscv_save_0>
 36a:	01051413          	slli	s0,a0,0x10
 36e:	84ae                	mv	s1,a1
 370:	8041                	srli	s0,s0,0x10
 372:	02054063          	bltz	a0,392 <set_speed+0x2c>
 376:	8522                	mv	a0,s0
 378:	3765                	jal	320 <PWM_SetCompare1>
 37a:	4501                	li	a0,0
 37c:	01049413          	slli	s0,s1,0x10
 380:	37c1                	jal	340 <PWM_SetCompare3>
 382:	8041                	srli	s0,s0,0x10
 384:	0004ce63          	bltz	s1,3a0 <set_speed+0x3a>
 388:	8522                	mv	a0,s0
 38a:	375d                	jal	330 <PWM_SetCompare2>
 38c:	4501                	li	a0,0
 38e:	37c9                	jal	350 <PWM_SetCompare4>
 390:	b5d1                	j	254 <__riscv_restore_0>
 392:	4501                	li	a0,0
 394:	3771                	jal	320 <PWM_SetCompare1>
 396:	40800533          	neg	a0,s0
 39a:	0542                	slli	a0,a0,0x10
 39c:	8141                	srli	a0,a0,0x10
 39e:	bff9                	j	37c <set_speed+0x16>
 3a0:	4501                	li	a0,0
 3a2:	3779                	jal	330 <PWM_SetCompare2>
 3a4:	40800533          	neg	a0,s0
 3a8:	0542                	slli	a0,a0,0x10
 3aa:	8141                	srli	a0,a0,0x10
 3ac:	b7cd                	j	38e <set_speed+0x28>

000003ae <KEY_Init>:
 3ae:	e83ff2ef          	jal	t0,230 <__riscv_save_0>
 3b2:	1141                	addi	sp,sp,-16
 3b4:	4585                	li	a1,1
 3b6:	4511                	li	a0,4
 3b8:	2ed9                	jal	78e <RCC_APB2PeriphClockCmd>
 3ba:	02000793          	li	a5,32
 3be:	827c                	sh	a5,4(sp)
 3c0:	40011537          	lui	a0,0x40011
 3c4:	04800793          	li	a5,72
 3c8:	c63e                	sw	a5,12(sp)
 3ca:	004c                	addi	a1,sp,4
 3cc:	478d                	li	a5,3
 3ce:	80050513          	addi	a0,a0,-2048 # 40010800 <_eusrstack+0x20008800>
 3d2:	c43e                	sw	a5,8(sp)
 3d4:	24e5                	jal	6bc <GPIO_Init>
 3d6:	0141                	addi	sp,sp,16
 3d8:	bdb5                	j	254 <__riscv_restore_0>

000003da <key>:
 3da:	e57ff2ef          	jal	t0,230 <__riscv_save_0>
 3de:	40011437          	lui	s0,0x40011
 3e2:	02000593          	li	a1,32
 3e6:	80040513          	addi	a0,s0,-2048 # 40010800 <_eusrstack+0x20008800>
 3ea:	2e49                	jal	77c <GPIO_ReadInputDataBit>
 3ec:	4781                	li	a5,0
 3ee:	ed09                	bnez	a0,408 <key+0x2e>
 3f0:	4551                	li	a0,20
 3f2:	27b5                	jal	b5e <Delay_Ms>
 3f4:	80040413          	addi	s0,s0,-2048
 3f8:	02000593          	li	a1,32
 3fc:	8522                	mv	a0,s0
 3fe:	2ebd                	jal	77c <GPIO_ReadInputDataBit>
 400:	dd65                	beqz	a0,3f8 <key+0x1e>
 402:	4551                	li	a0,20
 404:	2fa9                	jal	b5e <Delay_Ms>
 406:	4785                	li	a5,1
 408:	853e                	mv	a0,a5
 40a:	b5a9                	j	254 <__riscv_restore_0>

0000040c <main>:
 40c:	e0bff2ef          	jal	t0,216 <__riscv_save_4>
 410:	40011437          	lui	s0,0x40011
 414:	35b1                	jal	260 <LED_Init>
 416:	2f39                	jal	b34 <Delay_Init>
 418:	4905                	li	s2,1
 41a:	3d9d                	jal	290 <PWM_Init>
 41c:	3f49                	jal	3ae <KEY_Init>
 41e:	80040413          	addi	s0,s0,-2048 # 40010800 <_eusrstack+0x20008800>
 422:	3f65                	jal	3da <key>
 424:	80a18423          	sb	a0,-2040(gp) # 20000008 <_edata>
 428:	80918493          	addi	s1,gp,-2039 # 20000009 <sw>
 42c:	01251763          	bne	a0,s2,43a <main+0x2e>
 430:	209c                	lbu	a5,0(s1)
 432:	17fd                	addi	a5,a5,-1
 434:	00f037b3          	snez	a5,a5
 438:	a09c                	sb	a5,0(s1)
 43a:	209c                	lbu	a5,0(s1)
 43c:	03279863          	bne	a5,s2,46c <main+0x60>
 440:	45c1                	li	a1,16
 442:	8522                	mv	a0,s0
 444:	2699                	jal	78a <GPIO_ResetBits>
 446:	03c00593          	li	a1,60
 44a:	03c00513          	li	a0,60
 44e:	3f21                	jal	366 <set_speed>
 450:	3e800513          	li	a0,1000
 454:	2729                	jal	b5e <Delay_Ms>
 456:	fc400593          	li	a1,-60
 45a:	03c00513          	li	a0,60
 45e:	3721                	jal	366 <set_speed>
 460:	7d000513          	li	a0,2000
 464:	2ded                	jal	b5e <Delay_Ms>
 466:	00048023          	sb	zero,0(s1)
 46a:	bf65                	j	422 <main+0x16>
 46c:	4581                	li	a1,0
 46e:	4501                	li	a0,0
 470:	3ddd                	jal	366 <set_speed>
 472:	45c1                	li	a1,16
 474:	8522                	mv	a0,s0
 476:	2e01                	jal	786 <GPIO_SetBits>
 478:	b76d                	j	422 <main+0x16>

0000047a <SystemInit>:
 47a:	400217b7          	lui	a5,0x40021
 47e:	4398                	lw	a4,0(a5)
 480:	f8ff06b7          	lui	a3,0xf8ff0
 484:	1141                	addi	sp,sp,-16
 486:	00176713          	ori	a4,a4,1
 48a:	c398                	sw	a4,0(a5)
 48c:	43d8                	lw	a4,4(a5)
 48e:	00020637          	lui	a2,0x20
 492:	8f75                	and	a4,a4,a3
 494:	c3d8                	sw	a4,4(a5)
 496:	4398                	lw	a4,0(a5)
 498:	fef706b7          	lui	a3,0xfef70
 49c:	16fd                	addi	a3,a3,-1
 49e:	8f75                	and	a4,a4,a3
 4a0:	c398                	sw	a4,0(a5)
 4a2:	4398                	lw	a4,0(a5)
 4a4:	fffc06b7          	lui	a3,0xfffc0
 4a8:	16fd                	addi	a3,a3,-1
 4aa:	8f75                	and	a4,a4,a3
 4ac:	c398                	sw	a4,0(a5)
 4ae:	43d8                	lw	a4,4(a5)
 4b0:	ff8106b7          	lui	a3,0xff810
 4b4:	16fd                	addi	a3,a3,-1
 4b6:	8f75                	and	a4,a4,a3
 4b8:	c3d8                	sw	a4,4(a5)
 4ba:	4398                	lw	a4,0(a5)
 4bc:	ec0006b7          	lui	a3,0xec000
 4c0:	16fd                	addi	a3,a3,-1
 4c2:	8f75                	and	a4,a4,a3
 4c4:	c398                	sw	a4,0(a5)
 4c6:	00ff0737          	lui	a4,0xff0
 4ca:	c798                	sw	a4,8(a5)
 4cc:	0207a623          	sw	zero,44(a5) # 4002102c <_eusrstack+0x2001902c>
 4d0:	c402                	sw	zero,8(sp)
 4d2:	c602                	sw	zero,12(sp)
 4d4:	4398                	lw	a4,0(a5)
 4d6:	66c1                	lui	a3,0x10
 4d8:	8f55                	or	a4,a4,a3
 4da:	c398                	sw	a4,0(a5)
 4dc:	400216b7          	lui	a3,0x40021
 4e0:	6705                	lui	a4,0x1
 4e2:	429c                	lw	a5,0(a3)
 4e4:	8ff1                	and	a5,a5,a2
 4e6:	c63e                	sw	a5,12(sp)
 4e8:	47a2                	lw	a5,8(sp)
 4ea:	0785                	addi	a5,a5,1
 4ec:	c43e                	sw	a5,8(sp)
 4ee:	47b2                	lw	a5,12(sp)
 4f0:	e781                	bnez	a5,4f8 <SystemInit+0x7e>
 4f2:	47a2                	lw	a5,8(sp)
 4f4:	fee797e3          	bne	a5,a4,4e2 <SystemInit+0x68>
 4f8:	400217b7          	lui	a5,0x40021
 4fc:	439c                	lw	a5,0(a5)
 4fe:	00e79713          	slli	a4,a5,0xe
 502:	06075763          	bgez	a4,570 <SystemInit+0xf6>
 506:	4785                	li	a5,1
 508:	c63e                	sw	a5,12(sp)
 50a:	4732                	lw	a4,12(sp)
 50c:	4785                	li	a5,1
 50e:	04f71f63          	bne	a4,a5,56c <SystemInit+0xf2>
 512:	400217b7          	lui	a5,0x40021
 516:	43d8                	lw	a4,4(a5)
 518:	ffc106b7          	lui	a3,0xffc10
 51c:	16fd                	addi	a3,a3,-1
 51e:	c3d8                	sw	a4,4(a5)
 520:	43d8                	lw	a4,4(a5)
 522:	c3d8                	sw	a4,4(a5)
 524:	43d8                	lw	a4,4(a5)
 526:	40076713          	ori	a4,a4,1024
 52a:	c3d8                	sw	a4,4(a5)
 52c:	43d8                	lw	a4,4(a5)
 52e:	8f75                	and	a4,a4,a3
 530:	c3d8                	sw	a4,4(a5)
 532:	43d8                	lw	a4,4(a5)
 534:	002906b7          	lui	a3,0x290
 538:	8f55                	or	a4,a4,a3
 53a:	c3d8                	sw	a4,4(a5)
 53c:	4398                	lw	a4,0(a5)
 53e:	010006b7          	lui	a3,0x1000
 542:	8f55                	or	a4,a4,a3
 544:	c398                	sw	a4,0(a5)
 546:	4398                	lw	a4,0(a5)
 548:	00671693          	slli	a3,a4,0x6
 54c:	fe06dde3          	bgez	a3,546 <SystemInit+0xcc>
 550:	43d8                	lw	a4,4(a5)
 552:	400216b7          	lui	a3,0x40021
 556:	9b71                	andi	a4,a4,-4
 558:	c3d8                	sw	a4,4(a5)
 55a:	43d8                	lw	a4,4(a5)
 55c:	00276713          	ori	a4,a4,2
 560:	c3d8                	sw	a4,4(a5)
 562:	4721                	li	a4,8
 564:	42dc                	lw	a5,4(a3)
 566:	8bb1                	andi	a5,a5,12
 568:	fee79ee3          	bne	a5,a4,564 <SystemInit+0xea>
 56c:	0141                	addi	sp,sp,16
 56e:	8082                	ret
 570:	c602                	sw	zero,12(sp)
 572:	bf61                	j	50a <SystemInit+0x90>
 574:	a001                	j	574 <SystemInit+0xfa>
 576:	a001                	j	576 <SystemInit+0xfc>

00000578 <Ecall_M_Mode_Handler>:
 578:	a001                	j	578 <Ecall_M_Mode_Handler>

0000057a <Ecall_U_Mode_Handler>:
 57a:	a001                	j	57a <Ecall_U_Mode_Handler>

0000057c <Break_Point_Handler>:
 57c:	a001                	j	57c <Break_Point_Handler>

0000057e <SysTick_Handler>:
 57e:	a001                	j	57e <SysTick_Handler>

00000580 <SW_Handler>:
 580:	a001                	j	580 <SW_Handler>

00000582 <WWDG_IRQHandler>:
 582:	a001                	j	582 <WWDG_IRQHandler>

00000584 <PVD_IRQHandler>:
 584:	a001                	j	584 <PVD_IRQHandler>

00000586 <TAMPER_IRQHandler>:
 586:	a001                	j	586 <TAMPER_IRQHandler>

00000588 <RTC_IRQHandler>:
 588:	a001                	j	588 <RTC_IRQHandler>

0000058a <FLASH_IRQHandler>:
 58a:	a001                	j	58a <FLASH_IRQHandler>

0000058c <RCC_IRQHandler>:
 58c:	a001                	j	58c <RCC_IRQHandler>

0000058e <EXTI0_IRQHandler>:
 58e:	a001                	j	58e <EXTI0_IRQHandler>

00000590 <EXTI1_IRQHandler>:
 590:	a001                	j	590 <EXTI1_IRQHandler>

00000592 <EXTI2_IRQHandler>:
 592:	a001                	j	592 <EXTI2_IRQHandler>

00000594 <EXTI3_IRQHandler>:
 594:	a001                	j	594 <EXTI3_IRQHandler>

00000596 <EXTI4_IRQHandler>:
 596:	a001                	j	596 <EXTI4_IRQHandler>

00000598 <DMA1_Channel1_IRQHandler>:
 598:	a001                	j	598 <DMA1_Channel1_IRQHandler>

0000059a <DMA1_Channel2_IRQHandler>:
 59a:	a001                	j	59a <DMA1_Channel2_IRQHandler>

0000059c <DMA1_Channel3_IRQHandler>:
 59c:	a001                	j	59c <DMA1_Channel3_IRQHandler>

0000059e <DMA1_Channel4_IRQHandler>:
 59e:	a001                	j	59e <DMA1_Channel4_IRQHandler>

000005a0 <DMA1_Channel5_IRQHandler>:
 5a0:	a001                	j	5a0 <DMA1_Channel5_IRQHandler>

000005a2 <DMA1_Channel6_IRQHandler>:
 5a2:	a001                	j	5a2 <DMA1_Channel6_IRQHandler>

000005a4 <DMA1_Channel7_IRQHandler>:
 5a4:	a001                	j	5a4 <DMA1_Channel7_IRQHandler>

000005a6 <ADC1_2_IRQHandler>:
 5a6:	a001                	j	5a6 <ADC1_2_IRQHandler>

000005a8 <USB_HP_CAN1_TX_IRQHandler>:
 5a8:	a001                	j	5a8 <USB_HP_CAN1_TX_IRQHandler>

000005aa <USB_LP_CAN1_RX0_IRQHandler>:
 5aa:	a001                	j	5aa <USB_LP_CAN1_RX0_IRQHandler>

000005ac <CAN1_RX1_IRQHandler>:
 5ac:	a001                	j	5ac <CAN1_RX1_IRQHandler>

000005ae <CAN1_SCE_IRQHandler>:
 5ae:	a001                	j	5ae <CAN1_SCE_IRQHandler>

000005b0 <EXTI9_5_IRQHandler>:
 5b0:	a001                	j	5b0 <EXTI9_5_IRQHandler>

000005b2 <TIM1_BRK_IRQHandler>:
 5b2:	a001                	j	5b2 <TIM1_BRK_IRQHandler>

000005b4 <TIM1_UP_IRQHandler>:
 5b4:	a001                	j	5b4 <TIM1_UP_IRQHandler>

000005b6 <TIM1_TRG_COM_IRQHandler>:
 5b6:	a001                	j	5b6 <TIM1_TRG_COM_IRQHandler>

000005b8 <TIM1_CC_IRQHandler>:
 5b8:	a001                	j	5b8 <TIM1_CC_IRQHandler>

000005ba <TIM2_IRQHandler>:
 5ba:	a001                	j	5ba <TIM2_IRQHandler>

000005bc <TIM3_IRQHandler>:
 5bc:	a001                	j	5bc <TIM3_IRQHandler>

000005be <TIM4_IRQHandler>:
 5be:	a001                	j	5be <TIM4_IRQHandler>

000005c0 <I2C1_EV_IRQHandler>:
 5c0:	a001                	j	5c0 <I2C1_EV_IRQHandler>

000005c2 <I2C1_ER_IRQHandler>:
 5c2:	a001                	j	5c2 <I2C1_ER_IRQHandler>

000005c4 <I2C2_EV_IRQHandler>:
 5c4:	a001                	j	5c4 <I2C2_EV_IRQHandler>

000005c6 <I2C2_ER_IRQHandler>:
 5c6:	a001                	j	5c6 <I2C2_ER_IRQHandler>

000005c8 <SPI1_IRQHandler>:
 5c8:	a001                	j	5c8 <SPI1_IRQHandler>

000005ca <SPI2_IRQHandler>:
 5ca:	a001                	j	5ca <SPI2_IRQHandler>

000005cc <USART1_IRQHandler>:
 5cc:	a001                	j	5cc <USART1_IRQHandler>

000005ce <USART2_IRQHandler>:
 5ce:	a001                	j	5ce <USART2_IRQHandler>

000005d0 <USART3_IRQHandler>:
 5d0:	a001                	j	5d0 <USART3_IRQHandler>

000005d2 <EXTI15_10_IRQHandler>:
 5d2:	a001                	j	5d2 <EXTI15_10_IRQHandler>

000005d4 <RTCAlarm_IRQHandler>:
 5d4:	a001                	j	5d4 <RTCAlarm_IRQHandler>

000005d6 <USBWakeUp_IRQHandler>:
 5d6:	a001                	j	5d6 <USBWakeUp_IRQHandler>

000005d8 <TIM8_BRK_IRQHandler>:
 5d8:	a001                	j	5d8 <TIM8_BRK_IRQHandler>

000005da <TIM8_UP_IRQHandler>:
 5da:	a001                	j	5da <TIM8_UP_IRQHandler>

000005dc <TIM8_TRG_COM_IRQHandler>:
 5dc:	a001                	j	5dc <TIM8_TRG_COM_IRQHandler>

000005de <TIM8_CC_IRQHandler>:
 5de:	a001                	j	5de <TIM8_CC_IRQHandler>

000005e0 <RNG_IRQHandler>:
 5e0:	a001                	j	5e0 <RNG_IRQHandler>

000005e2 <FSMC_IRQHandler>:
 5e2:	a001                	j	5e2 <FSMC_IRQHandler>

000005e4 <SDIO_IRQHandler>:
 5e4:	a001                	j	5e4 <SDIO_IRQHandler>

000005e6 <TIM5_IRQHandler>:
 5e6:	a001                	j	5e6 <TIM5_IRQHandler>

000005e8 <SPI3_IRQHandler>:
 5e8:	a001                	j	5e8 <SPI3_IRQHandler>

000005ea <UART4_IRQHandler>:
 5ea:	a001                	j	5ea <UART4_IRQHandler>

000005ec <UART5_IRQHandler>:
 5ec:	a001                	j	5ec <UART5_IRQHandler>

000005ee <TIM6_IRQHandler>:
 5ee:	a001                	j	5ee <TIM6_IRQHandler>

000005f0 <TIM7_IRQHandler>:
 5f0:	a001                	j	5f0 <TIM7_IRQHandler>

000005f2 <DMA2_Channel1_IRQHandler>:
 5f2:	a001                	j	5f2 <DMA2_Channel1_IRQHandler>

000005f4 <DMA2_Channel2_IRQHandler>:
 5f4:	a001                	j	5f4 <DMA2_Channel2_IRQHandler>

000005f6 <DMA2_Channel3_IRQHandler>:
 5f6:	a001                	j	5f6 <DMA2_Channel3_IRQHandler>

000005f8 <DMA2_Channel4_IRQHandler>:
 5f8:	a001                	j	5f8 <DMA2_Channel4_IRQHandler>

000005fa <DMA2_Channel5_IRQHandler>:
 5fa:	a001                	j	5fa <DMA2_Channel5_IRQHandler>

000005fc <ETH_IRQHandler>:
 5fc:	a001                	j	5fc <ETH_IRQHandler>

000005fe <ETH_WKUP_IRQHandler>:
 5fe:	a001                	j	5fe <ETH_WKUP_IRQHandler>

00000600 <CAN2_TX_IRQHandler>:
 600:	a001                	j	600 <CAN2_TX_IRQHandler>

00000602 <CAN2_RX0_IRQHandler>:
 602:	a001                	j	602 <CAN2_RX0_IRQHandler>

00000604 <CAN2_RX1_IRQHandler>:
 604:	a001                	j	604 <CAN2_RX1_IRQHandler>

00000606 <CAN2_SCE_IRQHandler>:
 606:	a001                	j	606 <CAN2_SCE_IRQHandler>

00000608 <OTG_FS_IRQHandler>:
 608:	a001                	j	608 <OTG_FS_IRQHandler>

0000060a <USBHSWakeup_IRQHandler>:
 60a:	a001                	j	60a <USBHSWakeup_IRQHandler>

0000060c <USBHS_IRQHandler>:
 60c:	a001                	j	60c <USBHS_IRQHandler>

0000060e <DVP_IRQHandler>:
 60e:	a001                	j	60e <DVP_IRQHandler>

00000610 <UART6_IRQHandler>:
 610:	a001                	j	610 <UART6_IRQHandler>

00000612 <UART7_IRQHandler>:
 612:	a001                	j	612 <UART7_IRQHandler>

00000614 <UART8_IRQHandler>:
 614:	a001                	j	614 <UART8_IRQHandler>

00000616 <TIM9_BRK_IRQHandler>:
 616:	a001                	j	616 <TIM9_BRK_IRQHandler>

00000618 <TIM9_UP_IRQHandler>:
 618:	a001                	j	618 <TIM9_UP_IRQHandler>

0000061a <TIM9_TRG_COM_IRQHandler>:
 61a:	a001                	j	61a <TIM9_TRG_COM_IRQHandler>

0000061c <TIM9_CC_IRQHandler>:
 61c:	a001                	j	61c <TIM9_CC_IRQHandler>

0000061e <TIM10_BRK_IRQHandler>:
 61e:	a001                	j	61e <TIM10_BRK_IRQHandler>

00000620 <TIM10_UP_IRQHandler>:
 620:	a001                	j	620 <TIM10_UP_IRQHandler>

00000622 <TIM10_TRG_COM_IRQHandler>:
 622:	a001                	j	622 <TIM10_TRG_COM_IRQHandler>

00000624 <TIM10_CC_IRQHandler>:
 624:	a001                	j	624 <TIM10_CC_IRQHandler>

00000626 <DMA2_Channel6_IRQHandler>:
 626:	a001                	j	626 <DMA2_Channel6_IRQHandler>

00000628 <DMA2_Channel7_IRQHandler>:
 628:	a001                	j	628 <DMA2_Channel7_IRQHandler>

0000062a <DMA2_Channel8_IRQHandler>:
 62a:	a001                	j	62a <DMA2_Channel8_IRQHandler>

0000062c <DMA2_Channel9_IRQHandler>:
 62c:	a001                	j	62c <DMA2_Channel9_IRQHandler>

0000062e <DMA2_Channel10_IRQHandler>:
 62e:	a001                	j	62e <DMA2_Channel10_IRQHandler>

00000630 <DMA2_Channel11_IRQHandler>:
 630:	a001                	j	630 <DMA2_Channel11_IRQHandler>

00000632 <handle_reset>:
 632:	20000197          	auipc	gp,0x20000
 636:	1ce18193          	addi	gp,gp,462 # 20000800 <__global_pointer$>
 63a:	20008117          	auipc	sp,0x20008
 63e:	9c610113          	addi	sp,sp,-1594 # 20008000 <_eusrstack>
 642:	00000517          	auipc	a0,0x0
 646:	55250513          	addi	a0,a0,1362 # b94 <_data_lma>
 64a:	20000597          	auipc	a1,0x20000
 64e:	9b658593          	addi	a1,a1,-1610 # 20000000 <_data_vma>
 652:	80818613          	addi	a2,gp,-2040 # 20000008 <_edata>
 656:	00c5fa63          	bgeu	a1,a2,66a <handle_reset+0x38>
 65a:	00052283          	lw	t0,0(a0)
 65e:	0055a023          	sw	t0,0(a1)
 662:	0511                	addi	a0,a0,4
 664:	0591                	addi	a1,a1,4
 666:	fec5eae3          	bltu	a1,a2,65a <handle_reset+0x28>
 66a:	80818513          	addi	a0,gp,-2040 # 20000008 <_edata>
 66e:	81018593          	addi	a1,gp,-2032 # 20000010 <_ebss>
 672:	00b57763          	bgeu	a0,a1,680 <handle_reset+0x4e>
 676:	00052023          	sw	zero,0(a0)
 67a:	0511                	addi	a0,a0,4
 67c:	feb56de3          	bltu	a0,a1,676 <handle_reset+0x44>
 680:	42fd                	li	t0,31
 682:	bc029073          	csrw	0xbc0,t0
 686:	42ad                	li	t0,11
 688:	80429073          	csrw	0x804,t0
 68c:	000062b7          	lui	t0,0x6
 690:	08828293          	addi	t0,t0,136 # 6088 <_data_lma+0x54f4>
 694:	3002a073          	csrs	mstatus,t0
 698:	00000297          	auipc	t0,0x0
 69c:	9a028293          	addi	t0,t0,-1632 # 38 <_einit>
 6a0:	0032e293          	ori	t0,t0,3
 6a4:	30529073          	csrw	mtvec,t0
 6a8:	dd3ff0ef          	jal	ra,47a <SystemInit>
 6ac:	00000297          	auipc	t0,0x0
 6b0:	d6028293          	addi	t0,t0,-672 # 40c <main>
 6b4:	34129073          	csrw	mepc,t0
 6b8:	30200073          	mret

000006bc <GPIO_Init>:
 6bc:	459c                	lw	a5,8(a1)
 6be:	0107f713          	andi	a4,a5,16
 6c2:	00f7f813          	andi	a6,a5,15
 6c6:	c701                	beqz	a4,6ce <GPIO_Init+0x12>
 6c8:	41d8                	lw	a4,4(a1)
 6ca:	00e86833          	or	a6,a6,a4
 6ce:	218e                	lhu	a1,0(a1)
 6d0:	0ff5f713          	andi	a4,a1,255
 6d4:	c339                	beqz	a4,71a <GPIO_Init+0x5e>
 6d6:	4118                	lw	a4,0(a0)
 6d8:	4681                	li	a3,0
 6da:	4e85                	li	t4,1
 6dc:	4f3d                	li	t5,15
 6de:	02800f93          	li	t6,40
 6e2:	04800293          	li	t0,72
 6e6:	4e21                	li	t3,8
 6e8:	00de9633          	sll	a2,t4,a3
 6ec:	00c5f8b3          	and	a7,a1,a2
 6f0:	03161163          	bne	a2,a7,712 <GPIO_Init+0x56>
 6f4:	00269893          	slli	a7,a3,0x2
 6f8:	011f1333          	sll	t1,t5,a7
 6fc:	fff34313          	not	t1,t1
 700:	00e37733          	and	a4,t1,a4
 704:	011818b3          	sll	a7,a6,a7
 708:	00e8e733          	or	a4,a7,a4
 70c:	05f79f63          	bne	a5,t6,76a <GPIO_Init+0xae>
 710:	c950                	sw	a2,20(a0)
 712:	0685                	addi	a3,a3,1
 714:	fdc69ae3          	bne	a3,t3,6e8 <GPIO_Init+0x2c>
 718:	c118                	sw	a4,0(a0)
 71a:	0ff00713          	li	a4,255
 71e:	04b77563          	bgeu	a4,a1,768 <GPIO_Init+0xac>
 722:	4154                	lw	a3,4(a0)
 724:	4621                	li	a2,8
 726:	4e85                	li	t4,1
 728:	4f3d                	li	t5,15
 72a:	02800f93          	li	t6,40
 72e:	04800293          	li	t0,72
 732:	4e41                	li	t3,16
 734:	00ce98b3          	sll	a7,t4,a2
 738:	0115f733          	and	a4,a1,a7
 73c:	02e89263          	bne	a7,a4,760 <GPIO_Init+0xa4>
 740:	00261713          	slli	a4,a2,0x2
 744:	1701                	addi	a4,a4,-32
 746:	00ef1333          	sll	t1,t5,a4
 74a:	fff34313          	not	t1,t1
 74e:	00d376b3          	and	a3,t1,a3
 752:	00e81733          	sll	a4,a6,a4
 756:	8ed9                	or	a3,a3,a4
 758:	01f79d63          	bne	a5,t6,772 <GPIO_Init+0xb6>
 75c:	01152a23          	sw	a7,20(a0)
 760:	0605                	addi	a2,a2,1
 762:	fdc619e3          	bne	a2,t3,734 <GPIO_Init+0x78>
 766:	c154                	sw	a3,4(a0)
 768:	8082                	ret
 76a:	fa5794e3          	bne	a5,t0,712 <GPIO_Init+0x56>
 76e:	c910                	sw	a2,16(a0)
 770:	b74d                	j	712 <GPIO_Init+0x56>
 772:	fe5797e3          	bne	a5,t0,760 <GPIO_Init+0xa4>
 776:	01152823          	sw	a7,16(a0)
 77a:	b7dd                	j	760 <GPIO_Init+0xa4>

0000077c <GPIO_ReadInputDataBit>:
 77c:	4508                	lw	a0,8(a0)
 77e:	8d6d                	and	a0,a0,a1
 780:	00a03533          	snez	a0,a0
 784:	8082                	ret

00000786 <GPIO_SetBits>:
 786:	c90c                	sw	a1,16(a0)
 788:	8082                	ret

0000078a <GPIO_ResetBits>:
 78a:	c94c                	sw	a1,20(a0)
 78c:	8082                	ret

0000078e <RCC_APB2PeriphClockCmd>:
 78e:	c599                	beqz	a1,79c <RCC_APB2PeriphClockCmd+0xe>
 790:	40021737          	lui	a4,0x40021
 794:	4f1c                	lw	a5,24(a4)
 796:	8d5d                	or	a0,a0,a5
 798:	cf08                	sw	a0,24(a4)
 79a:	8082                	ret
 79c:	400217b7          	lui	a5,0x40021
 7a0:	4f98                	lw	a4,24(a5)
 7a2:	fff54513          	not	a0,a0
 7a6:	8d79                	and	a0,a0,a4
 7a8:	cf88                	sw	a0,24(a5)
 7aa:	8082                	ret

000007ac <RCC_APB1PeriphClockCmd>:
 7ac:	c599                	beqz	a1,7ba <RCC_APB1PeriphClockCmd+0xe>
 7ae:	40021737          	lui	a4,0x40021
 7b2:	4f5c                	lw	a5,28(a4)
 7b4:	8d5d                	or	a0,a0,a5
 7b6:	cf48                	sw	a0,28(a4)
 7b8:	8082                	ret
 7ba:	400217b7          	lui	a5,0x40021
 7be:	4fd8                	lw	a4,28(a5)
 7c0:	fff54513          	not	a0,a0
 7c4:	8d79                	and	a0,a0,a4
 7c6:	cfc8                	sw	a0,28(a5)
 7c8:	8082                	ret

000007ca <TIM_TimeBaseInit>:
 7ca:	211e                	lhu	a5,0(a0)
 7cc:	40013737          	lui	a4,0x40013
 7d0:	c0070693          	addi	a3,a4,-1024 # 40012c00 <_eusrstack+0x2000ac00>
 7d4:	07c2                	slli	a5,a5,0x10
 7d6:	83c1                	srli	a5,a5,0x10
 7d8:	04d50063          	beq	a0,a3,818 <__stack_size+0x18>
 7dc:	400006b7          	lui	a3,0x40000
 7e0:	02d50c63          	beq	a0,a3,818 <__stack_size+0x18>
 7e4:	40068693          	addi	a3,a3,1024 # 40000400 <_eusrstack+0x1fff8400>
 7e8:	02d50863          	beq	a0,a3,818 <__stack_size+0x18>
 7ec:	400016b7          	lui	a3,0x40001
 7f0:	80068613          	addi	a2,a3,-2048 # 40000800 <_eusrstack+0x1fff8800>
 7f4:	02c50263          	beq	a0,a2,818 <__stack_size+0x18>
 7f8:	c0068693          	addi	a3,a3,-1024
 7fc:	00d50e63          	beq	a0,a3,818 <__stack_size+0x18>
 800:	40070713          	addi	a4,a4,1024
 804:	00e50a63          	beq	a0,a4,818 <__stack_size+0x18>
 808:	40015737          	lui	a4,0x40015
 80c:	c0070693          	addi	a3,a4,-1024 # 40014c00 <_eusrstack+0x2000cc00>
 810:	00d50463          	beq	a0,a3,818 <__stack_size+0x18>
 814:	00e51663          	bne	a0,a4,820 <__stack_size+0x20>
 818:	21ba                	lhu	a4,2(a1)
 81a:	f8f7f793          	andi	a5,a5,-113
 81e:	8fd9                	or	a5,a5,a4
 820:	40001737          	lui	a4,0x40001
 824:	00e50c63          	beq	a0,a4,83c <__stack_size+0x3c>
 828:	40070713          	addi	a4,a4,1024 # 40001400 <_eusrstack+0x1fff9400>
 82c:	00e50863          	beq	a0,a4,83c <__stack_size+0x3c>
 830:	cff7f793          	andi	a5,a5,-769
 834:	21fa                	lhu	a4,6(a1)
 836:	07c2                	slli	a5,a5,0x10
 838:	83c1                	srli	a5,a5,0x10
 83a:	8fd9                	or	a5,a5,a4
 83c:	a11e                	sh	a5,0(a0)
 83e:	21de                	lhu	a5,4(a1)
 840:	b55e                	sh	a5,44(a0)
 842:	219e                	lhu	a5,0(a1)
 844:	b51e                	sh	a5,40(a0)
 846:	400137b7          	lui	a5,0x40013
 84a:	c0078713          	addi	a4,a5,-1024 # 40012c00 <_eusrstack+0x2000ac00>
 84e:	00e50e63          	beq	a0,a4,86a <__stack_size+0x6a>
 852:	40078793          	addi	a5,a5,1024
 856:	00f50a63          	beq	a0,a5,86a <__stack_size+0x6a>
 85a:	400157b7          	lui	a5,0x40015
 85e:	c0078713          	addi	a4,a5,-1024 # 40014c00 <_eusrstack+0x2000cc00>
 862:	00e50463          	beq	a0,a4,86a <__stack_size+0x6a>
 866:	00f51463          	bne	a0,a5,86e <__stack_size+0x6e>
 86a:	259c                	lbu	a5,8(a1)
 86c:	b91e                	sh	a5,48(a0)
 86e:	4785                	li	a5,1
 870:	a95e                	sh	a5,20(a0)
 872:	8082                	ret

00000874 <TIM_OC1Init>:
 874:	311e                	lhu	a5,32(a0)
 876:	2192                	lhu	a2,0(a1)
 878:	0025d803          	lhu	a6,2(a1)
 87c:	07c2                	slli	a5,a5,0x10
 87e:	83c1                	srli	a5,a5,0x10
 880:	9bf9                	andi	a5,a5,-2
 882:	07c2                	slli	a5,a5,0x10
 884:	83c1                	srli	a5,a5,0x10
 886:	b11e                	sh	a5,32(a0)
 888:	311e                	lhu	a5,32(a0)
 88a:	2156                	lhu	a3,4(a0)
 88c:	2d1a                	lhu	a4,24(a0)
 88e:	07c2                	slli	a5,a5,0x10
 890:	83c1                	srli	a5,a5,0x10
 892:	0742                	slli	a4,a4,0x10
 894:	8341                	srli	a4,a4,0x10
 896:	f8c77713          	andi	a4,a4,-116
 89a:	8f51                	or	a4,a4,a2
 89c:	2592                	lhu	a2,8(a1)
 89e:	9bf5                	andi	a5,a5,-3
 8a0:	06c2                	slli	a3,a3,0x10
 8a2:	01066633          	or	a2,a2,a6
 8a6:	8fd1                	or	a5,a5,a2
 8a8:	40013637          	lui	a2,0x40013
 8ac:	c0060813          	addi	a6,a2,-1024 # 40012c00 <_eusrstack+0x2000ac00>
 8b0:	82c1                	srli	a3,a3,0x10
 8b2:	01050e63          	beq	a0,a6,8ce <TIM_OC1Init+0x5a>
 8b6:	40060613          	addi	a2,a2,1024
 8ba:	00c50a63          	beq	a0,a2,8ce <TIM_OC1Init+0x5a>
 8be:	40015637          	lui	a2,0x40015
 8c2:	c0060813          	addi	a6,a2,-1024 # 40014c00 <_eusrstack+0x2000cc00>
 8c6:	01050463          	beq	a0,a6,8ce <TIM_OC1Init+0x5a>
 8ca:	02c51063          	bne	a0,a2,8ea <TIM_OC1Init+0x76>
 8ce:	25b2                	lhu	a2,10(a1)
 8d0:	9bdd                	andi	a5,a5,-9
 8d2:	00e5d803          	lhu	a6,14(a1)
 8d6:	8fd1                	or	a5,a5,a2
 8d8:	21d2                	lhu	a2,4(a1)
 8da:	9bed                	andi	a5,a5,-5
 8dc:	cff6f693          	andi	a3,a3,-769
 8e0:	8fd1                	or	a5,a5,a2
 8e2:	25d2                	lhu	a2,12(a1)
 8e4:	01066633          	or	a2,a2,a6
 8e8:	8ed1                	or	a3,a3,a2
 8ea:	a156                	sh	a3,4(a0)
 8ec:	ad1a                	sh	a4,24(a0)
 8ee:	21fa                	lhu	a4,6(a1)
 8f0:	b95a                	sh	a4,52(a0)
 8f2:	b11e                	sh	a5,32(a0)
 8f4:	8082                	ret

000008f6 <TIM_OC2Init>:
 8f6:	311e                	lhu	a5,32(a0)
 8f8:	7765                	lui	a4,0xffff9
 8fa:	cff70713          	addi	a4,a4,-769 # ffff8cff <_eusrstack+0xdfff0cff>
 8fe:	07c2                	slli	a5,a5,0x10
 900:	83c1                	srli	a5,a5,0x10
 902:	9bbd                	andi	a5,a5,-17
 904:	07c2                	slli	a5,a5,0x10
 906:	83c1                	srli	a5,a5,0x10
 908:	b11e                	sh	a5,32(a0)
 90a:	311e                	lhu	a5,32(a0)
 90c:	2156                	lhu	a3,4(a0)
 90e:	0085d803          	lhu	a6,8(a1)
 912:	07c2                	slli	a5,a5,0x10
 914:	01069613          	slli	a2,a3,0x10
 918:	2d16                	lhu	a3,24(a0)
 91a:	83c1                	srli	a5,a5,0x10
 91c:	fdf7f793          	andi	a5,a5,-33
 920:	8f75                	and	a4,a4,a3
 922:	2196                	lhu	a3,0(a1)
 924:	8241                	srli	a2,a2,0x10
 926:	06a2                	slli	a3,a3,0x8
 928:	8f55                	or	a4,a4,a3
 92a:	21b6                	lhu	a3,2(a1)
 92c:	0742                	slli	a4,a4,0x10
 92e:	8341                	srli	a4,a4,0x10
 930:	0106e6b3          	or	a3,a3,a6
 934:	0692                	slli	a3,a3,0x4
 936:	8fd5                	or	a5,a5,a3
 938:	400136b7          	lui	a3,0x40013
 93c:	07c2                	slli	a5,a5,0x10
 93e:	c0068813          	addi	a6,a3,-1024 # 40012c00 <_eusrstack+0x2000ac00>
 942:	83c1                	srli	a5,a5,0x10
 944:	01050e63          	beq	a0,a6,960 <TIM_OC2Init+0x6a>
 948:	40068693          	addi	a3,a3,1024
 94c:	00d50a63          	beq	a0,a3,960 <TIM_OC2Init+0x6a>
 950:	400156b7          	lui	a3,0x40015
 954:	c0068813          	addi	a6,a3,-1024 # 40014c00 <_eusrstack+0x2000cc00>
 958:	01050463          	beq	a0,a6,960 <TIM_OC2Init+0x6a>
 95c:	02d51e63          	bne	a0,a3,998 <TIM_OC2Init+0xa2>
 960:	25b6                	lhu	a3,10(a1)
 962:	f7f7f793          	andi	a5,a5,-129
 966:	00c5d803          	lhu	a6,12(a1)
 96a:	0692                	slli	a3,a3,0x4
 96c:	8fd5                	or	a5,a5,a3
 96e:	21d6                	lhu	a3,4(a1)
 970:	07c2                	slli	a5,a5,0x10
 972:	83c1                	srli	a5,a5,0x10
 974:	0692                	slli	a3,a3,0x4
 976:	fbf7f793          	andi	a5,a5,-65
 97a:	8fd5                	or	a5,a5,a3
 97c:	76fd                	lui	a3,0xfffff
 97e:	3ff68693          	addi	a3,a3,1023 # fffff3ff <_eusrstack+0xdfff73ff>
 982:	8ef1                	and	a3,a3,a2
 984:	25f2                	lhu	a2,14(a1)
 986:	07c2                	slli	a5,a5,0x10
 988:	83c1                	srli	a5,a5,0x10
 98a:	01066633          	or	a2,a2,a6
 98e:	060a                	slli	a2,a2,0x2
 990:	8ed1                	or	a3,a3,a2
 992:	01069613          	slli	a2,a3,0x10
 996:	8241                	srli	a2,a2,0x10
 998:	a152                	sh	a2,4(a0)
 99a:	ad1a                	sh	a4,24(a0)
 99c:	21fa                	lhu	a4,6(a1)
 99e:	bd1a                	sh	a4,56(a0)
 9a0:	b11e                	sh	a5,32(a0)
 9a2:	8082                	ret

000009a4 <TIM_OC3Init>:
 9a4:	311e                	lhu	a5,32(a0)
 9a6:	0085d803          	lhu	a6,8(a1)
 9aa:	07c2                	slli	a5,a5,0x10
 9ac:	83c1                	srli	a5,a5,0x10
 9ae:	eff7f793          	andi	a5,a5,-257
 9b2:	07c2                	slli	a5,a5,0x10
 9b4:	83c1                	srli	a5,a5,0x10
 9b6:	b11e                	sh	a5,32(a0)
 9b8:	311e                	lhu	a5,32(a0)
 9ba:	2156                	lhu	a3,4(a0)
 9bc:	2d5a                	lhu	a4,28(a0)
 9be:	07c2                	slli	a5,a5,0x10
 9c0:	01069613          	slli	a2,a3,0x10
 9c4:	0742                	slli	a4,a4,0x10
 9c6:	2196                	lhu	a3,0(a1)
 9c8:	8341                	srli	a4,a4,0x10
 9ca:	f8c77713          	andi	a4,a4,-116
 9ce:	8f55                	or	a4,a4,a3
 9d0:	21b6                	lhu	a3,2(a1)
 9d2:	83c1                	srli	a5,a5,0x10
 9d4:	dff7f793          	andi	a5,a5,-513
 9d8:	0106e6b3          	or	a3,a3,a6
 9dc:	06a2                	slli	a3,a3,0x8
 9de:	8fd5                	or	a5,a5,a3
 9e0:	400136b7          	lui	a3,0x40013
 9e4:	07c2                	slli	a5,a5,0x10
 9e6:	c0068813          	addi	a6,a3,-1024 # 40012c00 <_eusrstack+0x2000ac00>
 9ea:	8241                	srli	a2,a2,0x10
 9ec:	83c1                	srli	a5,a5,0x10
 9ee:	01050e63          	beq	a0,a6,a0a <TIM_OC3Init+0x66>
 9f2:	40068693          	addi	a3,a3,1024
 9f6:	00d50a63          	beq	a0,a3,a0a <TIM_OC3Init+0x66>
 9fa:	400156b7          	lui	a3,0x40015
 9fe:	c0068813          	addi	a6,a3,-1024 # 40014c00 <_eusrstack+0x2000cc00>
 a02:	01050463          	beq	a0,a6,a0a <TIM_OC3Init+0x66>
 a06:	02d51f63          	bne	a0,a3,a44 <TIM_OC3Init+0xa0>
 a0a:	76fd                	lui	a3,0xfffff
 a0c:	7ff68693          	addi	a3,a3,2047 # fffff7ff <_eusrstack+0xdfff77ff>
 a10:	8ff5                	and	a5,a5,a3
 a12:	25b6                	lhu	a3,10(a1)
 a14:	00c5d803          	lhu	a6,12(a1)
 a18:	06a2                	slli	a3,a3,0x8
 a1a:	8fd5                	or	a5,a5,a3
 a1c:	21d6                	lhu	a3,4(a1)
 a1e:	07c2                	slli	a5,a5,0x10
 a20:	83c1                	srli	a5,a5,0x10
 a22:	06a2                	slli	a3,a3,0x8
 a24:	bff7f793          	andi	a5,a5,-1025
 a28:	8fd5                	or	a5,a5,a3
 a2a:	76f5                	lui	a3,0xffffd
 a2c:	16fd                	addi	a3,a3,-1
 a2e:	8ef1                	and	a3,a3,a2
 a30:	25f2                	lhu	a2,14(a1)
 a32:	07c2                	slli	a5,a5,0x10
 a34:	83c1                	srli	a5,a5,0x10
 a36:	01066633          	or	a2,a2,a6
 a3a:	0612                	slli	a2,a2,0x4
 a3c:	8ed1                	or	a3,a3,a2
 a3e:	01069613          	slli	a2,a3,0x10
 a42:	8241                	srli	a2,a2,0x10
 a44:	a152                	sh	a2,4(a0)
 a46:	ad5a                	sh	a4,28(a0)
 a48:	21fa                	lhu	a4,6(a1)
 a4a:	bd5a                	sh	a4,60(a0)
 a4c:	b11e                	sh	a5,32(a0)
 a4e:	8082                	ret

00000a50 <TIM_OC4Init>:
 a50:	311a                	lhu	a4,32(a0)
 a52:	77fd                	lui	a5,0xfffff
 a54:	17fd                	addi	a5,a5,-1
 a56:	8ff9                	and	a5,a5,a4
 a58:	b11e                	sh	a5,32(a0)
 a5a:	02055803          	lhu	a6,32(a0)
 a5e:	2156                	lhu	a3,4(a0)
 a60:	2d5e                	lhu	a5,28(a0)
 a62:	7765                	lui	a4,0xffff9
 a64:	01069613          	slli	a2,a3,0x10
 a68:	2196                	lhu	a3,0(a1)
 a6a:	cff70713          	addi	a4,a4,-769 # ffff8cff <_eusrstack+0xdfff0cff>
 a6e:	8f7d                	and	a4,a4,a5
 a70:	77f9                	lui	a5,0xffffe
 a72:	06a2                	slli	a3,a3,0x8
 a74:	17fd                	addi	a5,a5,-1
 a76:	8f55                	or	a4,a4,a3
 a78:	0107f7b3          	and	a5,a5,a6
 a7c:	21b6                	lhu	a3,2(a1)
 a7e:	0085d803          	lhu	a6,8(a1)
 a82:	0742                	slli	a4,a4,0x10
 a84:	8241                	srli	a2,a2,0x10
 a86:	0106e6b3          	or	a3,a3,a6
 a8a:	06b2                	slli	a3,a3,0xc
 a8c:	8fd5                	or	a5,a5,a3
 a8e:	400136b7          	lui	a3,0x40013
 a92:	07c2                	slli	a5,a5,0x10
 a94:	c0068813          	addi	a6,a3,-1024 # 40012c00 <_eusrstack+0x2000ac00>
 a98:	8341                	srli	a4,a4,0x10
 a9a:	83c1                	srli	a5,a5,0x10
 a9c:	01050e63          	beq	a0,a6,ab8 <TIM_OC4Init+0x68>
 aa0:	40068693          	addi	a3,a3,1024
 aa4:	00d50a63          	beq	a0,a3,ab8 <TIM_OC4Init+0x68>
 aa8:	400156b7          	lui	a3,0x40015
 aac:	c0068813          	addi	a6,a3,-1024 # 40014c00 <_eusrstack+0x2000cc00>
 ab0:	01050463          	beq	a0,a6,ab8 <TIM_OC4Init+0x68>
 ab4:	00d51b63          	bne	a0,a3,aca <TIM_OC4Init+0x7a>
 ab8:	76f1                	lui	a3,0xffffc
 aba:	16fd                	addi	a3,a3,-1
 abc:	8ef1                	and	a3,a3,a2
 abe:	25d2                	lhu	a2,12(a1)
 ac0:	061a                	slli	a2,a2,0x6
 ac2:	8ed1                	or	a3,a3,a2
 ac4:	01069613          	slli	a2,a3,0x10
 ac8:	8241                	srli	a2,a2,0x10
 aca:	a152                	sh	a2,4(a0)
 acc:	ad5a                	sh	a4,28(a0)
 ace:	21fa                	lhu	a4,6(a1)
 ad0:	04e51023          	sh	a4,64(a0)
 ad4:	b11e                	sh	a5,32(a0)
 ad6:	8082                	ret

00000ad8 <TIM_OCStructInit>:
 ad8:	00051023          	sh	zero,0(a0)
 adc:	00051123          	sh	zero,2(a0)
 ae0:	00051223          	sh	zero,4(a0)
 ae4:	00051323          	sh	zero,6(a0)
 ae8:	00051423          	sh	zero,8(a0)
 aec:	00051523          	sh	zero,10(a0)
 af0:	00051623          	sh	zero,12(a0)
 af4:	00051723          	sh	zero,14(a0)
 af8:	8082                	ret

00000afa <TIM_Cmd>:
 afa:	211e                	lhu	a5,0(a0)
 afc:	c589                	beqz	a1,b06 <TIM_Cmd+0xc>
 afe:	0017e793          	ori	a5,a5,1
 b02:	a11e                	sh	a5,0(a0)
 b04:	8082                	ret
 b06:	07c2                	slli	a5,a5,0x10
 b08:	83c1                	srli	a5,a5,0x10
 b0a:	9bf9                	andi	a5,a5,-2
 b0c:	07c2                	slli	a5,a5,0x10
 b0e:	83c1                	srli	a5,a5,0x10
 b10:	bfcd                	j	b02 <TIM_Cmd+0x8>

00000b12 <TIM_InternalClockConfig>:
 b12:	251e                	lhu	a5,8(a0)
 b14:	07c2                	slli	a5,a5,0x10
 b16:	83c1                	srli	a5,a5,0x10
 b18:	9be1                	andi	a5,a5,-8
 b1a:	07c2                	slli	a5,a5,0x10
 b1c:	83c1                	srli	a5,a5,0x10
 b1e:	a51e                	sh	a5,8(a0)
 b20:	8082                	ret

00000b22 <TIM_SetCompare1>:
 b22:	b94e                	sh	a1,52(a0)
 b24:	8082                	ret

00000b26 <TIM_SetCompare2>:
 b26:	bd0e                	sh	a1,56(a0)
 b28:	8082                	ret

00000b2a <TIM_SetCompare3>:
 b2a:	bd4e                	sh	a1,60(a0)
 b2c:	8082                	ret

00000b2e <TIM_SetCompare4>:
 b2e:	04b51023          	sh	a1,64(a0)
 b32:	8082                	ret

00000b34 <Delay_Init>:
 b34:	200007b7          	lui	a5,0x20000
 b38:	0007a783          	lw	a5,0(a5) # 20000000 <_data_vma>
 b3c:	007a1737          	lui	a4,0x7a1
 b40:	20070713          	addi	a4,a4,512 # 7a1200 <_data_lma+0x7a066c>
 b44:	02e7d7b3          	divu	a5,a5,a4
 b48:	0ff7f793          	andi	a5,a5,255
 b4c:	80f18623          	sb	a5,-2036(gp) # 2000000c <p_us>
 b50:	3e800713          	li	a4,1000
 b54:	02e787b3          	mul	a5,a5,a4
 b58:	80f19523          	sh	a5,-2038(gp) # 2000000a <p_ms>
 b5c:	8082                	ret

00000b5e <Delay_Ms>:
 b5e:	e000f7b7          	lui	a5,0xe000f
 b62:	43d8                	lw	a4,4(a5)
 b64:	4681                	li	a3,0
 b66:	9b79                	andi	a4,a4,-2
 b68:	c3d8                	sw	a4,4(a5)
 b6a:	80a1d703          	lhu	a4,-2038(gp) # 2000000a <p_ms>
 b6e:	02a70633          	mul	a2,a4,a0
 b72:	cb90                	sw	a2,16(a5)
 b74:	cbd4                	sw	a3,20(a5)
 b76:	4398                	lw	a4,0(a5)
 b78:	01076713          	ori	a4,a4,16
 b7c:	c398                	sw	a4,0(a5)
 b7e:	4398                	lw	a4,0(a5)
 b80:	02176713          	ori	a4,a4,33
 b84:	c398                	sw	a4,0(a5)
 b86:	43d8                	lw	a4,4(a5)
 b88:	8b05                	andi	a4,a4,1
 b8a:	df75                	beqz	a4,b86 <Delay_Ms+0x28>
 b8c:	4398                	lw	a4,0(a5)
 b8e:	9b79                	andi	a4,a4,-2
 b90:	c398                	sw	a4,0(a5)
 b92:	8082                	ret
